2022-05-16 03:52:22.172 INFO  (main) [] o.e.j.u.log Logging initialized @1684ms to org.eclipse.jetty.util.log.Slf4jLog
2022-05-16 03:52:22.439 INFO  (main) [] o.e.j.s.Server jetty-9.4.44.v20210927; built: 2021-09-27T23:02:44.612Z; git: 8da83308eeca865e495e53ef315a249d63ba9332; jvm 11.0.15+10-Ubuntu-0ubuntu0.22.04.1
2022-05-16 03:52:22.853 INFO  (main) [] o.a.s.s.CoreContainerProvider Using logger factory org.apache.logging.slf4j.Log4jLoggerFactory
2022-05-16 03:52:22.883 INFO  (main) [] o.a.s.s.CoreContainerProvider  ___      _       Welcome to Apache Solr™ version 9.0.0
2022-05-16 03:52:22.883 INFO  (main) [] o.a.s.s.CoreContainerProvider / __| ___| |_ _   Starting in cloud mode on port 8986
2022-05-16 03:52:22.884 INFO  (main) [] o.a.s.s.CoreContainerProvider \__ \/ _ \ | '_|  Install dir: /home/haseeb/Desktop/DC_Project/solr
2022-05-16 03:52:22.884 INFO  (main) [] o.a.s.s.CoreContainerProvider |___/\___/_|_|    Start time: 2022-05-16T03:52:22.884224Z
2022-05-16 03:52:22.922 INFO  (main) [] o.a.s.s.CoreContainerProvider Solr Home: /home/haseeb/Desktop/DC_Project/solr/example/cloud/node4/solr (source: system property: solr.solr.home)
2022-05-16 03:52:23.000 INFO  (main) [] o.a.s.c.c.ConnectionManager Waiting up to 30000ms for client to connect to ZooKeeper
2022-05-16 03:52:23.039 INFO  (zkConnectionManagerCallback-2-thread-1) [] o.a.s.c.c.ConnectionManager zkClient has connected
2022-05-16 03:52:23.039 INFO  (main) [] o.a.s.c.c.ConnectionManager Client is connected to ZooKeeper
2022-05-16 03:52:23.151 INFO  (main) [] o.a.s.c.NodeConfig Loading solr.xml from SolrHome (not found in ZooKeeper)
2022-05-16 03:52:23.153 INFO  (main) [] o.a.s.c.SolrXmlConfig Loading solr.xml from /home/haseeb/Desktop/DC_Project/solr/example/cloud/node4/solr/solr.xml
2022-05-16 03:52:24.621 WARN  (main) [] o.a.s.u.StartupLoggingUtils Jetty request logging enabled. Will retain logs for last 3 days. See chapter "Configuring Logging" in reference guide for how to configure.
2022-05-16 03:52:24.621 INFO  (main) [] o.a.s.c.ZkContainer Zookeeper client=localhost:9983
2022-05-16 03:52:24.647 INFO  (main) [] o.a.s.c.DistributedClusterStateUpdater Creating DistributedClusterStateUpdater with useDistributedStateUpdate=false. Solr will be using Overseer based cluster state updates.
2022-05-16 03:52:24.659 INFO  (main) [] o.a.s.c.c.ConnectionManager Waiting up to 30000ms for client to connect to ZooKeeper
2022-05-16 03:52:24.673 INFO  (zkConnectionManagerCallback-12-thread-1) [] o.a.s.c.c.ConnectionManager zkClient has connected
2022-05-16 03:52:24.673 INFO  (main) [] o.a.s.c.c.ConnectionManager Client is connected to ZooKeeper
2022-05-16 03:52:24.709 WARN  (main) [] o.a.s.c.ZkController Contents of zookeeper /security.json are world-readable; consider setting up ACLs as described in https://solr.apache.org/guide/zookeeper-access-control.html
2022-05-16 03:52:24.719 INFO  (main) [] o.a.s.c.c.ZkStateReader Updated live nodes from ZooKeeper... (0) -> (3)
2022-05-16 03:52:24.759 INFO  (main) [] o.a.s.c.DistributedClusterStateUpdater Creating DistributedClusterStateUpdater with useDistributedStateUpdate=false. Solr will be using Overseer based cluster state updates.
2022-05-16 03:52:24.790 INFO  (main) [] o.a.s.c.ZkController Publish node=localhost:8986_solr as DOWN
2022-05-16 03:52:24.802 INFO  (main) [] o.a.s.c.TransientSolrCoreCacheDefault Allocating transient core cache for max 2147483647 cores with initial capacity of 1024
2022-05-16 03:52:24.829 INFO  (main) [] o.a.s.c.ZkController Register node as live in ZooKeeper:/live_nodes/localhost:8986_solr
2022-05-16 03:52:24.850 INFO  (zkCallback-11-thread-1) [] o.a.s.c.c.ZkStateReader Updated live nodes from ZooKeeper... (3) -> (4)
2022-05-16 03:52:24.941 INFO  (main) [] o.a.s.p.PackageLoader /packages.json updated to version -1
2022-05-16 03:52:24.960 WARN  (main) [] o.a.s.c.CoreContainer Not all security plugins configured!  authentication=disabled authorization=disabled.  Solr is only as secure as you make it. Consider configuring authentication/authorization before exposing Solr to users internal or external.  See https://s.apache.org/solrsecurity for more info
2022-05-16 03:52:25.362 INFO  (main) [] o.a.s.c.CorePropertiesLocator Found 1 core definitions underneath /home/haseeb/Desktop/DC_Project/solr/example/cloud/node4/solr
2022-05-16 03:52:25.363 INFO  (main) [] o.a.s.c.CorePropertiesLocator Cores are: [collection1_shard3_replica_n8]
2022-05-16 03:52:25.511 INFO  (coreLoadExecutor-17-thread-1-processing-localhost:8986_solr) [] o.a.s.c.SolrConfig Using Lucene MatchVersion: 9.0.0
2022-05-16 03:52:25.536 INFO  (main) [] o.e.j.s.h.ContextHandler Started o.e.j.w.WebAppContext@35fe2125{/solr,file:///home/haseeb/Desktop/DC_Project/solr/server/solr-webapp/webapp/,AVAILABLE}{/home/haseeb/Desktop/DC_Project/solr/server/solr-webapp/webapp}
2022-05-16 03:52:25.545 INFO  (main) [] o.e.j.s.RequestLogWriter Opened /home/haseeb/Desktop/DC_Project/solr/example/cloud/node4/logs/2022_05_16.request.log
2022-05-16 03:52:25.564 INFO  (main) [] o.e.j.s.AbstractConnector Started ServerConnector@66b7550d{HTTP/1.1, (http/1.1, h2c)}{127.0.0.1:8986}
2022-05-16 03:52:25.564 INFO  (main) [] o.e.j.s.Server Started @5079ms
2022-05-16 03:52:25.636 INFO  (coreLoadExecutor-17-thread-1-processing-localhost:8986_solr) [] o.a.s.s.IndexSchema Schema name=default-config
2022-05-16 03:52:26.220 INFO  (coreLoadExecutor-17-thread-1-processing-localhost:8986_solr) [] o.a.s.s.IndexSchema Loaded schema default-config/1.6 with uniqueid field id
2022-05-16 03:52:26.276 INFO  (coreLoadExecutor-17-thread-1-processing-localhost:8986_solr) [c:collection1 s:shard3 r:core_node11 x:collection1_shard3_replica_n8] o.a.s.c.SolrConfig Using Lucene MatchVersion: 9.0.0
2022-05-16 03:52:26.281 INFO  (coreLoadExecutor-17-thread-1-processing-localhost:8986_solr) [c:collection1 s:shard3 r:core_node11 x:collection1_shard3_replica_n8] o.a.s.s.IndexSchema Schema name=default-config
2022-05-16 03:52:26.410 INFO  (coreLoadExecutor-17-thread-1-processing-localhost:8986_solr) [c:collection1 s:shard3 r:core_node11 x:collection1_shard3_replica_n8] o.a.s.s.IndexSchema Loaded schema default-config/1.6 with uniqueid field id
2022-05-16 03:52:26.411 INFO  (coreLoadExecutor-17-thread-1-processing-localhost:8986_solr) [c:collection1 s:shard3 r:core_node11 x:collection1_shard3_replica_n8] o.a.s.c.CoreContainer Creating SolrCore 'collection1_shard3_replica_n8' using configuration from configset collection1, trusted=true
2022-05-16 03:52:26.467 INFO  (coreLoadExecutor-17-thread-1-processing-localhost:8986_solr) [c:collection1 s:shard3 r:core_node11 x:collection1_shard3_replica_n8] o.a.s.c.SolrCore Opening new SolrCore at [/home/haseeb/Desktop/DC_Project/solr/example/cloud/node4/solr/collection1_shard3_replica_n8], dataDir=[/home/haseeb/Desktop/DC_Project/solr/example/cloud/node4/solr/collection1_shard3_replica_n8/data/]
2022-05-16 03:52:27.484 INFO  (coreLoadExecutor-17-thread-1-processing-localhost:8986_solr) [c:collection1 s:shard3 r:core_node11 x:collection1_shard3_replica_n8] o.a.s.u.UpdateHandler Using UpdateLog implementation: org.apache.solr.update.UpdateLog
2022-05-16 03:52:27.485 INFO  (coreLoadExecutor-17-thread-1-processing-localhost:8986_solr) [c:collection1 s:shard3 r:core_node11 x:collection1_shard3_replica_n8] o.a.s.u.UpdateLog Initializing UpdateLog: dataDir= defaultSyncLevel=FLUSH numRecordsToKeep=100 maxNumLogsToKeep=10 numVersionBuckets=65536
2022-05-16 03:52:27.499 INFO  (coreLoadExecutor-17-thread-1-processing-localhost:8986_solr) [c:collection1 s:shard3 r:core_node11 x:collection1_shard3_replica_n8] o.a.s.u.CommitTracker Hard AutoCommit: if uncommitted for 15000ms; 
2022-05-16 03:52:27.503 INFO  (coreLoadExecutor-17-thread-1-processing-localhost:8986_solr) [c:collection1 s:shard3 r:core_node11 x:collection1_shard3_replica_n8] o.a.s.u.CommitTracker Soft AutoCommit: if uncommitted for 3000ms; 
2022-05-16 03:52:27.689 INFO  (coreLoadExecutor-17-thread-1-processing-localhost:8986_solr) [c:collection1 s:shard3 r:core_node11 x:collection1_shard3_replica_n8] o.a.s.r.ManagedResourceStorage Configured ZooKeeperStorageIO with znodeBase: /configs/collection1
2022-05-16 03:52:27.698 INFO  (coreLoadExecutor-17-thread-1-processing-localhost:8986_solr) [c:collection1 s:shard3 r:core_node11 x:collection1_shard3_replica_n8] o.a.s.r.ManagedResourceStorage Loaded null at path _rest_managed.json using ZooKeeperStorageIO:path=/configs/collection1
2022-05-16 03:52:27.705 INFO  (coreLoadExecutor-17-thread-1-processing-localhost:8986_solr) [c:collection1 s:shard3 r:core_node11 x:collection1_shard3_replica_n8] o.a.s.s.ZkIndexSchemaReader Creating ZooKeeper watch for the managed schema at /configs/collection1/managed-schema.xml
2022-05-16 03:52:27.707 INFO  (coreLoadExecutor-17-thread-1-processing-localhost:8986_solr) [c:collection1 s:shard3 r:core_node11 x:collection1_shard3_replica_n8] o.a.s.s.ZkIndexSchemaReader Current schema version 0 is already the latest
2022-05-16 03:52:27.733 INFO  (coreLoadExecutor-17-thread-1-processing-localhost:8986_solr) [c:collection1 s:shard3 r:core_node11 x:collection1_shard3_replica_n8] o.a.s.s.DirectSolrSpellChecker init: {maxEdits=2, minPrefix=1, maxInspections=5, minQueryLength=4, accuracy=0.5, maxQueryFrequency=0.01, name=default, field=_text_, classname=solr.DirectSolrSpellChecker, distanceMeasure=internal}
2022-05-16 03:52:27.753 INFO  (coreLoadExecutor-17-thread-1-processing-localhost:8986_solr) [c:collection1 s:shard3 r:core_node11 x:collection1_shard3_replica_n8] o.a.s.h.ReplicationHandler Commits will be reserved for 10000 ms
2022-05-16 03:52:27.762 INFO  (coreLoadExecutor-17-thread-1-processing-localhost:8986_solr) [c:collection1 s:shard3 r:core_node11 x:collection1_shard3_replica_n8] o.a.s.u.UpdateLog Could not find max version in index or recent updates, using new clock 1732953398587686912
2022-05-16 03:52:27.773 INFO  (searcherExecutor-19-thread-1-processing-localhost:8986_solr collection1_shard3_replica_n8 collection1 shard3 core_node11) [c:collection1 s:shard3 r:core_node11 x:collection1_shard3_replica_n8] o.a.s.c.QuerySenderListener QuerySenderListener done.
2022-05-16 03:52:27.773 INFO  (searcherExecutor-19-thread-1-processing-localhost:8986_solr collection1_shard3_replica_n8 collection1 shard3 core_node11) [c:collection1 s:shard3 r:core_node11 x:collection1_shard3_replica_n8] o.a.s.h.c.SpellCheckComponent Loading spell index for spellchecker: default
2022-05-16 03:52:27.783 INFO  (searcherExecutor-19-thread-1-processing-localhost:8986_solr collection1_shard3_replica_n8 collection1 shard3 core_node11) [c:collection1 s:shard3 r:core_node11 x:collection1_shard3_replica_n8] o.a.s.c.SolrCore Registered new searcher autowarm time: 0 ms
2022-05-16 03:52:27.805 INFO  (qtp507819576-21) [] o.a.s.s.HttpSolrCall [admin] webapp=null path=/admin/info/system params={wt=json} status=0 QTime=31
2022-05-16 03:52:27.857 INFO  (coreZkRegister-3-thread-1-processing-localhost:8986_solr) [c:collection1 s:shard3 r:core_node11 x:collection1_shard3_replica_n8] o.a.s.c.ShardLeaderElectionContextBase make sure parent is created /collections/collection1/leaders/shard3
2022-05-16 03:52:27.865 INFO  (qtp507819576-17) [] o.a.s.s.HttpSolrCall [admin] webapp=null path=/admin/collections params={action=CLUSTERSTATUS&wt=json} status=0 QTime=29
2022-05-16 03:52:28.373 INFO  (qtp507819576-22) [c:collection1 s:shard3 r:core_node11 x:collection1_shard3_replica_n8] o.a.s.c.S.Request webapp=/solr path=/get params={distrib=false&qt=/get&fingerprint=false&getVersions=100&wt=javabin&version=2} status=0 QTime=4
2022-05-16 03:52:28.913 INFO  (coreZkRegister-3-thread-1-processing-localhost:8986_solr) [c:collection1 s:shard3 r:core_node11 x:collection1_shard3_replica_n8] o.a.s.c.ZkController Core needs to recover:collection1_shard3_replica_n8
2022-05-16 03:52:28.917 INFO  (updateExecutor-8-thread-1-processing-localhost:8986_solr collection1_shard3_replica_n8 collection1 shard3 core_node11) [c:collection1 s:shard3 r:core_node11 x:collection1_shard3_replica_n8] o.a.s.u.DefaultSolrCoreState Running recovery
2022-05-16 03:52:28.924 INFO  (recoveryExecutor-10-thread-1-processing-localhost:8986_solr collection1_shard3_replica_n8 collection1 shard3 core_node11) [c:collection1 s:shard3 r:core_node11 x:collection1_shard3_replica_n8] o.a.s.c.RecoveryStrategy Starting recovery process. recoveringAfterStartup=true
2022-05-16 03:52:28.924 INFO  (recoveryExecutor-10-thread-1-processing-localhost:8986_solr collection1_shard3_replica_n8 collection1 shard3 core_node11) [c:collection1 s:shard3 r:core_node11 x:collection1_shard3_replica_n8] o.a.s.c.RecoveryStrategy startupVersions is empty
2022-05-16 03:52:29.031 INFO  (recoveryExecutor-10-thread-1-processing-localhost:8986_solr collection1_shard3_replica_n8 collection1 shard3 core_node11) [c:collection1 s:shard3 r:core_node11 x:collection1_shard3_replica_n8] o.a.s.c.RecoveryStrategy Begin buffering updates. core=[collection1_shard3_replica_n8]
2022-05-16 03:52:29.033 INFO  (recoveryExecutor-10-thread-1-processing-localhost:8986_solr collection1_shard3_replica_n8 collection1 shard3 core_node11) [c:collection1 s:shard3 r:core_node11 x:collection1_shard3_replica_n8] o.a.s.u.UpdateLog Starting to buffer updates. FSUpdateLog{state=ACTIVE, tlog=null}
2022-05-16 03:52:29.035 INFO  (recoveryExecutor-10-thread-1-processing-localhost:8986_solr collection1_shard3_replica_n8 collection1 shard3 core_node11) [c:collection1 s:shard3 r:core_node11 x:collection1_shard3_replica_n8] o.a.s.c.RecoveryStrategy Publishing state of core [collection1_shard3_replica_n8] as recovering, leader is [http://localhost:8985/solr/collection1_shard3_replica_n3/] and I am [http://localhost:8986/solr/collection1_shard3_replica_n8/]
2022-05-16 03:52:29.051 INFO  (recoveryExecutor-10-thread-1-processing-localhost:8986_solr collection1_shard3_replica_n8 collection1 shard3 core_node11) [c:collection1 s:shard3 r:core_node11 x:collection1_shard3_replica_n8] o.a.s.c.RecoveryStrategy Sending prep recovery command to [http://localhost:8985/solr]; [WaitForState: action=PREPRECOVERY&core=collection1_shard3_replica_n3&nodeName=localhost:8986_solr&coreNodeName=core_node11&state=recovering&checkLive=true&onlyIfLeader=true&onlyIfLeaderActive=true]
2022-05-16 03:52:29.161 INFO  (zkCallback-11-thread-2) [] o.a.s.c.c.ZkStateReader A cluster state change: [WatchedEvent state:SyncConnected type:NodeDataChanged path:/collections/collection1/state.json] for collection [collection1] has occurred - updating... (live nodes size: [4])
2022-05-16 03:52:29.162 INFO  (zkCallback-11-thread-1) [] o.a.s.c.c.ZkStateReader A cluster state change: [WatchedEvent state:SyncConnected type:NodeDataChanged path:/collections/collection1/state.json] for collection [collection1] has occurred - updating... (live nodes size: [4])
2022-05-16 03:52:31.671 INFO  (recoveryExecutor-10-thread-1-processing-localhost:8986_solr collection1_shard3_replica_n8 collection1 shard3 core_node11) [c:collection1 s:shard3 r:core_node11 x:collection1_shard3_replica_n8] o.a.s.c.RecoveryStrategy Attempting to PeerSync from [http://localhost:8985/solr/collection1_shard3_replica_n3/] - recoveringAfterStartup=[true]
2022-05-16 03:52:31.677 WARN  (recoveryExecutor-10-thread-1-processing-localhost:8986_solr collection1_shard3_replica_n8 collection1 shard3 core_node11) [c:collection1 s:shard3 r:core_node11 x:collection1_shard3_replica_n8] o.a.s.u.PeerSyncWithLeader no frame of reference to tell if we've missed updates
2022-05-16 03:52:31.678 INFO  (recoveryExecutor-10-thread-1-processing-localhost:8986_solr collection1_shard3_replica_n8 collection1 shard3 core_node11) [c:collection1 s:shard3 r:core_node11 x:collection1_shard3_replica_n8] o.a.s.c.RecoveryStrategy PeerSync Recovery was not successful - trying replication.
2022-05-16 03:52:31.678 INFO  (recoveryExecutor-10-thread-1-processing-localhost:8986_solr collection1_shard3_replica_n8 collection1 shard3 core_node11) [c:collection1 s:shard3 r:core_node11 x:collection1_shard3_replica_n8] o.a.s.c.RecoveryStrategy Starting Replication Recovery.
2022-05-16 03:52:31.678 INFO  (recoveryExecutor-10-thread-1-processing-localhost:8986_solr collection1_shard3_replica_n8 collection1 shard3 core_node11) [c:collection1 s:shard3 r:core_node11 x:collection1_shard3_replica_n8] o.a.s.c.RecoveryStrategy Attempting to replicate from [http://localhost:8985/solr/collection1_shard3_replica_n3/].
2022-05-16 03:52:31.819 INFO  (qtp507819576-22) [c:collection1 s:shard3 r:core_node11 x:collection1_shard3_replica_n8] o.a.s.u.p.DistributedUpdateProcessor Ignoring commit while not ACTIVE - state: BUFFERING replay: false
2022-05-16 03:52:31.820 INFO  (qtp507819576-22) [c:collection1 s:shard3 r:core_node11 x:collection1_shard3_replica_n8] o.a.s.u.p.LogUpdateProcessorFactory webapp=/solr path=/update params={update.distrib=FROMLEADER&waitSearcher=true&openSearcher=false&commit=true&softCommit=false&distrib.from=http://localhost:8985/solr/collection1_shard3_replica_n3/&commit_end_point=replicas&wt=javabin&version=2&expungeDeletes=false}{commit=} 0 25
2022-05-16 03:52:31.844 INFO  (recoveryExecutor-10-thread-1-processing-localhost:8986_solr collection1_shard3_replica_n8 collection1 shard3 core_node11) [c:collection1 s:shard3 r:core_node11 x:collection1_shard3_replica_n8] o.a.s.h.IndexFetcher Leader's generation: 1
2022-05-16 03:52:31.845 INFO  (recoveryExecutor-10-thread-1-processing-localhost:8986_solr collection1_shard3_replica_n8 collection1 shard3 core_node11) [c:collection1 s:shard3 r:core_node11 x:collection1_shard3_replica_n8] o.a.s.h.IndexFetcher Leader's version: 0
2022-05-16 03:52:31.845 INFO  (recoveryExecutor-10-thread-1-processing-localhost:8986_solr collection1_shard3_replica_n8 collection1 shard3 core_node11) [c:collection1 s:shard3 r:core_node11 x:collection1_shard3_replica_n8] o.a.s.h.IndexFetcher Follower's generation: 1
2022-05-16 03:52:31.845 INFO  (recoveryExecutor-10-thread-1-processing-localhost:8986_solr collection1_shard3_replica_n8 collection1 shard3 core_node11) [c:collection1 s:shard3 r:core_node11 x:collection1_shard3_replica_n8] o.a.s.h.IndexFetcher Follower's version: 0
2022-05-16 03:52:31.845 INFO  (recoveryExecutor-10-thread-1-processing-localhost:8986_solr collection1_shard3_replica_n8 collection1 shard3 core_node11) [c:collection1 s:shard3 r:core_node11 x:collection1_shard3_replica_n8] o.a.s.h.IndexFetcher New index in Leader. Deleting mine...
2022-05-16 03:52:31.857 INFO  (searcherExecutor-19-thread-1-processing-localhost:8986_solr collection1_shard3_replica_n8 collection1 shard3 core_node11) [c:collection1 s:shard3 r:core_node11 x:collection1_shard3_replica_n8] o.a.s.c.QuerySenderListener QuerySenderListener done.
2022-05-16 03:52:31.873 INFO  (searcherExecutor-19-thread-1-processing-localhost:8986_solr collection1_shard3_replica_n8 collection1 shard3 core_node11) [c:collection1 s:shard3 r:core_node11 x:collection1_shard3_replica_n8] o.a.s.c.SolrCore Registered new searcher autowarm time: 6 ms
2022-05-16 03:52:31.875 INFO  (recoveryExecutor-10-thread-1-processing-localhost:8986_solr collection1_shard3_replica_n8 collection1 shard3 core_node11) [c:collection1 s:shard3 r:core_node11 x:collection1_shard3_replica_n8] o.a.s.c.RecoveryStrategy No replay needed.
2022-05-16 03:52:31.876 INFO  (recoveryExecutor-10-thread-1-processing-localhost:8986_solr collection1_shard3_replica_n8 collection1 shard3 core_node11) [c:collection1 s:shard3 r:core_node11 x:collection1_shard3_replica_n8] o.a.s.c.RecoveryStrategy Replication Recovery was successful.
2022-05-16 03:52:31.876 INFO  (recoveryExecutor-10-thread-1-processing-localhost:8986_solr collection1_shard3_replica_n8 collection1 shard3 core_node11) [c:collection1 s:shard3 r:core_node11 x:collection1_shard3_replica_n8] o.a.s.c.RecoveryStrategy Registering as Active after recovery.
2022-05-16 03:52:31.887 INFO  (recoveryExecutor-10-thread-1-processing-localhost:8986_solr collection1_shard3_replica_n8 collection1 shard3 core_node11) [c:collection1 s:shard3 r:core_node11 x:collection1_shard3_replica_n8] o.a.s.c.RecoveryStrategy Updating version bucket highest from index after successful recovery.
2022-05-16 03:52:31.887 INFO  (recoveryExecutor-10-thread-1-processing-localhost:8986_solr collection1_shard3_replica_n8 collection1 shard3 core_node11) [c:collection1 s:shard3 r:core_node11 x:collection1_shard3_replica_n8] o.a.s.u.UpdateLog Could not find max version in index or recent updates, using new clock 1732953402913062912
2022-05-16 03:52:31.891 INFO  (recoveryExecutor-10-thread-1-processing-localhost:8986_solr collection1_shard3_replica_n8 collection1 shard3 core_node11) [c:collection1 s:shard3 r:core_node11 x:collection1_shard3_replica_n8] o.a.s.c.RecoveryStrategy Finished recovery process, successful=[true] msTimeTaken=2966.0
2022-05-16 03:52:31.891 INFO  (recoveryExecutor-10-thread-1-processing-localhost:8986_solr collection1_shard3_replica_n8 collection1 shard3 core_node11) [c:collection1 s:shard3 r:core_node11 x:collection1_shard3_replica_n8] o.a.s.c.RecoveryStrategy Finished recovery process. recoveringAfterStartup=true msTimeTaken=2967.0
2022-05-16 03:52:31.893 INFO  (zkCallback-11-thread-1) [] o.a.s.c.c.ZkStateReader A cluster state change: [WatchedEvent state:SyncConnected type:NodeDataChanged path:/collections/collection1/state.json] for collection [collection1] has occurred - updating... (live nodes size: [4])
2022-05-16 03:52:31.894 INFO  (zkCallback-11-thread-2) [] o.a.s.c.c.ZkStateReader A cluster state change: [WatchedEvent state:SyncConnected type:NodeDataChanged path:/collections/collection1/state.json] for collection [collection1] has occurred - updating... (live nodes size: [4])
2022-05-16 03:53:03.472 INFO  (qtp507819576-22) [ x:collection2_shard3_replica_n13] o.a.s.h.a.CoreAdminOperation core create command qt=/admin/cores&coreNodeName=core_node15&collection.configName=collection2&newCollection=true&name=collection2_shard3_replica_n13&action=CREATE&numShards=4&collection=collection2&shard=shard3&wt=javabin&version=2&replicaType=NRT
2022-05-16 03:53:03.479 INFO  (qtp507819576-19) [ x:collection2_shard1_replica_n14] o.a.s.h.a.CoreAdminOperation core create command qt=/admin/cores&coreNodeName=core_node16&collection.configName=collection2&newCollection=true&name=collection2_shard1_replica_n14&action=CREATE&numShards=4&collection=collection2&shard=shard1&wt=javabin&version=2&replicaType=NRT
2022-05-16 03:53:03.652 INFO  (qtp507819576-22) [c:collection2 s:shard3 r:core_node15 x:collection2_shard3_replica_n13] o.a.s.c.SolrConfig Using Lucene MatchVersion: 9.0.0
2022-05-16 03:53:03.664 INFO  (qtp507819576-19) [c:collection2 s:shard1 r:core_node16 x:collection2_shard1_replica_n14] o.a.s.c.SolrConfig Using Lucene MatchVersion: 9.0.0
2022-05-16 03:53:03.760 INFO  (qtp507819576-19) [c:collection2 s:shard1 r:core_node16 x:collection2_shard1_replica_n14] o.a.s.s.IndexSchema Schema name=default-config
2022-05-16 03:53:03.786 INFO  (qtp507819576-22) [c:collection2 s:shard3 r:core_node15 x:collection2_shard3_replica_n13] o.a.s.s.IndexSchema Schema name=default-config
2022-05-16 03:53:04.232 INFO  (qtp507819576-22) [c:collection2 s:shard3 r:core_node15 x:collection2_shard3_replica_n13] o.a.s.s.IndexSchema Loaded schema default-config/1.6 with uniqueid field id
2022-05-16 03:53:04.232 INFO  (qtp507819576-22) [c:collection2 s:shard3 r:core_node15 x:collection2_shard3_replica_n13] o.a.s.c.CoreContainer Creating SolrCore 'collection2_shard3_replica_n13' using configuration from configset collection2, trusted=true
2022-05-16 03:53:04.239 INFO  (qtp507819576-22) [c:collection2 s:shard3 r:core_node15 x:collection2_shard3_replica_n13] o.a.s.c.SolrCore Opening new SolrCore at [/home/haseeb/Desktop/DC_Project/solr/example/cloud/node4/solr/collection2_shard3_replica_n13], dataDir=[/home/haseeb/Desktop/DC_Project/solr/example/cloud/node4/solr/collection2_shard3_replica_n13/data/]
2022-05-16 03:53:04.270 INFO  (qtp507819576-19) [c:collection2 s:shard1 r:core_node16 x:collection2_shard1_replica_n14] o.a.s.s.IndexSchema Loaded schema default-config/1.6 with uniqueid field id
2022-05-16 03:53:04.271 INFO  (qtp507819576-19) [c:collection2 s:shard1 r:core_node16 x:collection2_shard1_replica_n14] o.a.s.c.CoreContainer Creating SolrCore 'collection2_shard1_replica_n14' using configuration from configset collection2, trusted=true
2022-05-16 03:53:04.272 INFO  (qtp507819576-19) [c:collection2 s:shard1 r:core_node16 x:collection2_shard1_replica_n14] o.a.s.c.SolrCore Opening new SolrCore at [/home/haseeb/Desktop/DC_Project/solr/example/cloud/node4/solr/collection2_shard1_replica_n14], dataDir=[/home/haseeb/Desktop/DC_Project/solr/example/cloud/node4/solr/collection2_shard1_replica_n14/data/]
2022-05-16 03:53:04.916 INFO  (qtp507819576-19) [c:collection2 s:shard1 r:core_node16 x:collection2_shard1_replica_n14] o.a.s.u.UpdateHandler Using UpdateLog implementation: org.apache.solr.update.UpdateLog
2022-05-16 03:53:04.916 INFO  (qtp507819576-19) [c:collection2 s:shard1 r:core_node16 x:collection2_shard1_replica_n14] o.a.s.u.UpdateLog Initializing UpdateLog: dataDir= defaultSyncLevel=FLUSH numRecordsToKeep=100 maxNumLogsToKeep=10 numVersionBuckets=65536
2022-05-16 03:53:04.929 INFO  (qtp507819576-19) [c:collection2 s:shard1 r:core_node16 x:collection2_shard1_replica_n14] o.a.s.u.CommitTracker Hard AutoCommit: if uncommitted for 15000ms; 
2022-05-16 03:53:04.929 INFO  (qtp507819576-19) [c:collection2 s:shard1 r:core_node16 x:collection2_shard1_replica_n14] o.a.s.u.CommitTracker Soft AutoCommit: disabled
2022-05-16 03:53:04.951 INFO  (qtp507819576-22) [c:collection2 s:shard3 r:core_node15 x:collection2_shard3_replica_n13] o.a.s.u.UpdateHandler Using UpdateLog implementation: org.apache.solr.update.UpdateLog
2022-05-16 03:53:04.951 INFO  (qtp507819576-22) [c:collection2 s:shard3 r:core_node15 x:collection2_shard3_replica_n13] o.a.s.u.UpdateLog Initializing UpdateLog: dataDir= defaultSyncLevel=FLUSH numRecordsToKeep=100 maxNumLogsToKeep=10 numVersionBuckets=65536
2022-05-16 03:53:04.955 INFO  (qtp507819576-22) [c:collection2 s:shard3 r:core_node15 x:collection2_shard3_replica_n13] o.a.s.u.CommitTracker Hard AutoCommit: if uncommitted for 15000ms; 
2022-05-16 03:53:04.955 INFO  (qtp507819576-22) [c:collection2 s:shard3 r:core_node15 x:collection2_shard3_replica_n13] o.a.s.u.CommitTracker Soft AutoCommit: disabled
2022-05-16 03:53:04.969 INFO  (qtp507819576-19) [c:collection2 s:shard1 r:core_node16 x:collection2_shard1_replica_n14] o.a.s.r.ManagedResourceStorage Configured ZooKeeperStorageIO with znodeBase: /configs/collection2
2022-05-16 03:53:04.970 INFO  (qtp507819576-19) [c:collection2 s:shard1 r:core_node16 x:collection2_shard1_replica_n14] o.a.s.r.ManagedResourceStorage Loaded null at path _rest_managed.json using ZooKeeperStorageIO:path=/configs/collection2
2022-05-16 03:53:04.971 INFO  (qtp507819576-19) [c:collection2 s:shard1 r:core_node16 x:collection2_shard1_replica_n14] o.a.s.s.ZkIndexSchemaReader Creating ZooKeeper watch for the managed schema at /configs/collection2/managed-schema.xml
2022-05-16 03:53:04.972 INFO  (qtp507819576-19) [c:collection2 s:shard1 r:core_node16 x:collection2_shard1_replica_n14] o.a.s.s.ZkIndexSchemaReader Current schema version 0 is already the latest
2022-05-16 03:53:04.973 INFO  (qtp507819576-19) [c:collection2 s:shard1 r:core_node16 x:collection2_shard1_replica_n14] o.a.s.s.DirectSolrSpellChecker init: {maxEdits=2, minPrefix=1, maxInspections=5, minQueryLength=4, accuracy=0.5, maxQueryFrequency=0.01, name=default, field=_text_, classname=solr.DirectSolrSpellChecker, distanceMeasure=internal}
2022-05-16 03:53:04.976 INFO  (qtp507819576-19) [c:collection2 s:shard1 r:core_node16 x:collection2_shard1_replica_n14] o.a.s.h.ReplicationHandler Commits will be reserved for 10000 ms
2022-05-16 03:53:04.977 INFO  (qtp507819576-19) [c:collection2 s:shard1 r:core_node16 x:collection2_shard1_replica_n14] o.a.s.u.UpdateLog Could not find max version in index or recent updates, using new clock 1732953437610442752
2022-05-16 03:53:04.980 INFO  (qtp507819576-22) [c:collection2 s:shard3 r:core_node15 x:collection2_shard3_replica_n13] o.a.s.r.ManagedResourceStorage Configured ZooKeeperStorageIO with znodeBase: /configs/collection2
2022-05-16 03:53:04.984 INFO  (qtp507819576-22) [c:collection2 s:shard3 r:core_node15 x:collection2_shard3_replica_n13] o.a.s.r.ManagedResourceStorage Loaded null at path _rest_managed.json using ZooKeeperStorageIO:path=/configs/collection2
2022-05-16 03:53:04.986 INFO  (searcherExecutor-28-thread-1-processing-localhost:8986_solr collection2_shard1_replica_n14 collection2 shard1 core_node16) [c:collection2 s:shard1 r:core_node16 x:collection2_shard1_replica_n14] o.a.s.c.QuerySenderListener QuerySenderListener done.
2022-05-16 03:53:04.986 INFO  (searcherExecutor-28-thread-1-processing-localhost:8986_solr collection2_shard1_replica_n14 collection2 shard1 core_node16) [c:collection2 s:shard1 r:core_node16 x:collection2_shard1_replica_n14] o.a.s.h.c.SpellCheckComponent Loading spell index for spellchecker: default
2022-05-16 03:53:04.986 INFO  (qtp507819576-22) [c:collection2 s:shard3 r:core_node15 x:collection2_shard3_replica_n13] o.a.s.s.ZkIndexSchemaReader Creating ZooKeeper watch for the managed schema at /configs/collection2/managed-schema.xml
2022-05-16 03:53:04.990 INFO  (searcherExecutor-28-thread-1-processing-localhost:8986_solr collection2_shard1_replica_n14 collection2 shard1 core_node16) [c:collection2 s:shard1 r:core_node16 x:collection2_shard1_replica_n14] o.a.s.c.SolrCore Registered new searcher autowarm time: 0 ms
2022-05-16 03:53:04.992 INFO  (qtp507819576-22) [c:collection2 s:shard3 r:core_node15 x:collection2_shard3_replica_n13] o.a.s.s.ZkIndexSchemaReader Current schema version 0 is already the latest
2022-05-16 03:53:04.993 INFO  (qtp507819576-22) [c:collection2 s:shard3 r:core_node15 x:collection2_shard3_replica_n13] o.a.s.s.DirectSolrSpellChecker init: {maxEdits=2, minPrefix=1, maxInspections=5, minQueryLength=4, accuracy=0.5, maxQueryFrequency=0.01, name=default, field=_text_, classname=solr.DirectSolrSpellChecker, distanceMeasure=internal}
2022-05-16 03:53:04.994 INFO  (qtp507819576-22) [c:collection2 s:shard3 r:core_node15 x:collection2_shard3_replica_n13] o.a.s.h.ReplicationHandler Commits will be reserved for 10000 ms
2022-05-16 03:53:04.998 INFO  (qtp507819576-22) [c:collection2 s:shard3 r:core_node15 x:collection2_shard3_replica_n13] o.a.s.u.UpdateLog Could not find max version in index or recent updates, using new clock 1732953437632462848
2022-05-16 03:53:05.007 INFO  (searcherExecutor-26-thread-1-processing-localhost:8986_solr collection2_shard3_replica_n13 collection2 shard3 core_node15) [c:collection2 s:shard3 r:core_node15 x:collection2_shard3_replica_n13] o.a.s.c.QuerySenderListener QuerySenderListener done.
2022-05-16 03:53:05.007 INFO  (searcherExecutor-26-thread-1-processing-localhost:8986_solr collection2_shard3_replica_n13 collection2 shard3 core_node15) [c:collection2 s:shard3 r:core_node15 x:collection2_shard3_replica_n13] o.a.s.h.c.SpellCheckComponent Loading spell index for spellchecker: default
2022-05-16 03:53:05.010 INFO  (searcherExecutor-26-thread-1-processing-localhost:8986_solr collection2_shard3_replica_n13 collection2 shard3 core_node15) [c:collection2 s:shard3 r:core_node15 x:collection2_shard3_replica_n13] o.a.s.c.SolrCore Registered new searcher autowarm time: 0 ms
2022-05-16 03:53:05.032 INFO  (qtp507819576-19) [c:collection2 s:shard1 r:core_node16 x:collection2_shard1_replica_n14] o.a.s.c.ZkShardTerms Successful update of terms at /collections/collection2/terms/shard1 to Terms{values={core_node16=0}, version=0} for registerTerm
2022-05-16 03:53:05.045 INFO  (qtp507819576-19) [c:collection2 s:shard1 r:core_node16 x:collection2_shard1_replica_n14] o.a.s.c.ShardLeaderElectionContextBase make sure parent is created /collections/collection2/leaders/shard1
2022-05-16 03:53:05.082 INFO  (qtp507819576-19) [c:collection2 s:shard1 r:core_node16 x:collection2_shard1_replica_n14] o.a.s.c.ShardLeaderElectionContext Waiting until we see more replicas up for shard shard1: total=2 found=1 timeoute in=179997ms
2022-05-16 03:53:05.093 INFO  (qtp507819576-22) [c:collection2 s:shard3 r:core_node15 x:collection2_shard3_replica_n13] o.a.s.c.ZkShardTerms Successful update of terms at /collections/collection2/terms/shard3 to Terms{values={core_node15=0}, version=0} for registerTerm
2022-05-16 03:53:05.093 INFO  (qtp507819576-22) [c:collection2 s:shard3 r:core_node15 x:collection2_shard3_replica_n13] o.a.s.c.ShardLeaderElectionContextBase make sure parent is created /collections/collection2/leaders/shard3
2022-05-16 03:53:05.151 INFO  (qtp507819576-22) [c:collection2 s:shard3 r:core_node15 x:collection2_shard3_replica_n13] o.a.s.c.ShardLeaderElectionContext Waiting until we see more replicas up for shard shard3: total=2 found=1 timeoute in=179994ms
2022-05-16 03:53:05.584 INFO  (qtp507819576-19) [c:collection2 s:shard1 r:core_node16 x:collection2_shard1_replica_n14] o.a.s.c.ShardLeaderElectionContext Enough replicas found to continue.
2022-05-16 03:53:05.584 INFO  (qtp507819576-19) [c:collection2 s:shard1 r:core_node16 x:collection2_shard1_replica_n14] o.a.s.c.ShardLeaderElectionContext I may be the new leader - try and sync
2022-05-16 03:53:05.584 INFO  (qtp507819576-19) [c:collection2 s:shard1 r:core_node16 x:collection2_shard1_replica_n14] o.a.s.c.SyncStrategy Sync replicas to http://localhost:8986/solr/collection2_shard1_replica_n14/
2022-05-16 03:53:05.591 INFO  (qtp507819576-19) [c:collection2 s:shard1 r:core_node16 x:collection2_shard1_replica_n14] o.a.s.u.PeerSync PeerSync: core=collection2_shard1_replica_n14 url=http://localhost:8986/solr  START replicas=[http://localhost:8985/solr/collection2_shard1_replica_n8/] nUpdates=100
2022-05-16 03:53:05.654 INFO  (qtp507819576-22) [c:collection2 s:shard3 r:core_node15 x:collection2_shard3_replica_n13] o.a.s.c.ShardLeaderElectionContext Enough replicas found to continue.
2022-05-16 03:53:05.654 INFO  (qtp507819576-22) [c:collection2 s:shard3 r:core_node15 x:collection2_shard3_replica_n13] o.a.s.c.ShardLeaderElectionContext I may be the new leader - try and sync
2022-05-16 03:53:05.655 INFO  (qtp507819576-22) [c:collection2 s:shard3 r:core_node15 x:collection2_shard3_replica_n13] o.a.s.c.SyncStrategy Sync replicas to http://localhost:8986/solr/collection2_shard3_replica_n13/
2022-05-16 03:53:05.656 INFO  (qtp507819576-22) [c:collection2 s:shard3 r:core_node15 x:collection2_shard3_replica_n13] o.a.s.u.PeerSync PeerSync: core=collection2_shard3_replica_n13 url=http://localhost:8986/solr  START replicas=[http://localhost:8985/solr/collection2_shard3_replica_n7/] nUpdates=100
2022-05-16 03:53:05.709 INFO  (qtp507819576-22) [c:collection2 s:shard3 r:core_node15 x:collection2_shard3_replica_n13] o.a.s.u.PeerSync PeerSync: core=collection2_shard3_replica_n13 url=http://localhost:8986/solr  DONE. We have no versions. sync failed.
2022-05-16 03:53:05.715 INFO  (qtp507819576-19) [c:collection2 s:shard1 r:core_node16 x:collection2_shard1_replica_n14] o.a.s.u.PeerSync PeerSync: core=collection2_shard1_replica_n14 url=http://localhost:8986/solr  DONE. We have no versions. sync failed.
2022-05-16 03:53:05.864 INFO  (qtp507819576-19) [c:collection2 s:shard1 r:core_node16 x:collection2_shard1_replica_n14] o.a.s.c.SyncStrategy Leader's attempt to sync with shard failed, moving to the next candidate
2022-05-16 03:53:05.864 INFO  (qtp507819576-19) [c:collection2 s:shard1 r:core_node16 x:collection2_shard1_replica_n14] o.a.s.c.ShardLeaderElectionContext We failed sync, but we have no versions - we can't sync in that case - we were active before, so become leader anyway
2022-05-16 03:53:05.865 INFO  (qtp507819576-19) [c:collection2 s:shard1 r:core_node16 x:collection2_shard1_replica_n14] o.a.s.c.ShardLeaderElectionContextBase Creating leader registration node /collections/collection2/leaders/shard1/leader after winning as /collections/collection2/leader_elect/shard1/election/72058280008351750-core_node16-n_0000000000
2022-05-16 03:53:05.868 INFO  (qtp507819576-22) [c:collection2 s:shard3 r:core_node15 x:collection2_shard3_replica_n13] o.a.s.c.SyncStrategy Leader's attempt to sync with shard failed, moving to the next candidate
2022-05-16 03:53:05.868 INFO  (qtp507819576-22) [c:collection2 s:shard3 r:core_node15 x:collection2_shard3_replica_n13] o.a.s.c.ShardLeaderElectionContext We failed sync, but we have no versions - we can't sync in that case - we were active before, so become leader anyway
2022-05-16 03:53:05.868 INFO  (qtp507819576-22) [c:collection2 s:shard3 r:core_node15 x:collection2_shard3_replica_n13] o.a.s.c.ShardLeaderElectionContextBase Creating leader registration node /collections/collection2/leaders/shard3/leader after winning as /collections/collection2/leader_elect/shard3/election/72058280008351750-core_node15-n_0000000000
2022-05-16 03:53:05.880 INFO  (qtp507819576-19) [c:collection2 s:shard1 r:core_node16 x:collection2_shard1_replica_n14] o.a.s.c.ShardLeaderElectionContext I am the new leader: http://localhost:8986/solr/collection2_shard1_replica_n14/ shard1
2022-05-16 03:53:05.883 INFO  (qtp507819576-22) [c:collection2 s:shard3 r:core_node15 x:collection2_shard3_replica_n13] o.a.s.c.ShardLeaderElectionContext I am the new leader: http://localhost:8986/solr/collection2_shard3_replica_n13/ shard3
2022-05-16 03:53:05.991 INFO  (zkCallback-11-thread-1) [] o.a.s.c.c.ZkStateReader A cluster state change: [WatchedEvent state:SyncConnected type:NodeDataChanged path:/collections/collection2/state.json] for collection [collection2] has occurred - updating... (live nodes size: [4])
2022-05-16 03:53:05.992 INFO  (qtp507819576-19) [c:collection2 s:shard1 r:core_node16 x:collection2_shard1_replica_n14] o.a.s.c.ZkController I am the leader, no recovery necessary
2022-05-16 03:53:05.994 INFO  (qtp507819576-22) [c:collection2 s:shard3 r:core_node15 x:collection2_shard3_replica_n13] o.a.s.c.ZkController I am the leader, no recovery necessary
2022-05-16 03:53:06.007 INFO  (qtp507819576-22) [] o.a.s.s.HttpSolrCall [admin] webapp=null path=/admin/cores params={qt=/admin/cores&coreNodeName=core_node15&collection.configName=collection2&newCollection=true&name=collection2_shard3_replica_n13&action=CREATE&numShards=4&collection=collection2&shard=shard3&wt=javabin&version=2&replicaType=NRT} status=0 QTime=2543
2022-05-16 03:53:06.007 INFO  (qtp507819576-19) [] o.a.s.s.HttpSolrCall [admin] webapp=null path=/admin/cores params={qt=/admin/cores&coreNodeName=core_node16&collection.configName=collection2&newCollection=true&name=collection2_shard1_replica_n14&action=CREATE&numShards=4&collection=collection2&shard=shard1&wt=javabin&version=2&replicaType=NRT} status=0 QTime=2540
2022-05-16 03:53:06.111 INFO  (zkCallback-11-thread-1) [] o.a.s.c.c.ZkStateReader A cluster state change: [WatchedEvent state:SyncConnected type:NodeDataChanged path:/collections/collection2/state.json] for collection [collection2] has occurred - updating... (live nodes size: [4])
2022-05-16 03:53:06.112 INFO  (zkCallback-11-thread-3) [] o.a.s.c.c.ZkStateReader A cluster state change: [WatchedEvent state:SyncConnected type:NodeDataChanged path:/collections/collection2/state.json] for collection [collection2] has occurred - updating... (live nodes size: [4])
2022-05-16 03:53:06.408 INFO  (zkCallback-11-thread-3) [] o.a.s.c.c.ZkStateReader A cluster state change: [WatchedEvent state:SyncConnected type:NodeDataChanged path:/collections/collection2/state.json] for collection [collection2] has occurred - updating... (live nodes size: [4])
2022-05-16 03:53:06.409 INFO  (zkCallback-11-thread-1) [] o.a.s.c.c.ZkStateReader A cluster state change: [WatchedEvent state:SyncConnected type:NodeDataChanged path:/collections/collection2/state.json] for collection [collection2] has occurred - updating... (live nodes size: [4])
2022-05-16 03:53:06.626 INFO  (ZKEventListenerThread) [] o.a.s.c.SolrCore config update listener called for core collection2_shard1_replica_n14
2022-05-16 03:53:06.635 INFO  (ZKEventListenerThread) [] o.a.s.c.SolrCore core reload collection2_shard1_replica_n14
2022-05-16 03:53:06.690 INFO  (ZKEventListenerThread) [] o.a.s.c.SolrConfig Using Lucene MatchVersion: 9.0.0
2022-05-16 03:53:06.701 INFO  (ZKEventListenerThread) [] o.a.s.s.IndexSchema Schema name=default-config
2022-05-16 03:53:07.037 INFO  (qtp507819576-20) [c:collection2 s:shard1 r:core_node16 x:collection2_shard1_replica_n14] o.a.s.h.SolrConfigHandler expecting overlay version 0 but my version is -1
2022-05-16 03:53:07.038 INFO  (qtp507819576-25) [c:collection2 s:shard3 r:core_node15 x:collection2_shard3_replica_n13] o.a.s.h.SolrConfigHandler expecting overlay version 0 but my version is -1
2022-05-16 03:53:07.077 INFO  (qtp507819576-20) [c:collection2 s:shard1 r:core_node16 x:collection2_shard1_replica_n14] o.a.s.c.S.Request webapp=/solr path=/config/znodeVersion params={overlay=0&wt=javabin&version=2} status=0 QTime=47
2022-05-16 03:53:07.085 INFO  (qtp507819576-25) [c:collection2 s:shard3 r:core_node15 x:collection2_shard3_replica_n13] o.a.s.c.S.Request webapp=/solr path=/config/znodeVersion params={overlay=0&wt=javabin&version=2} status=0 QTime=55
2022-05-16 03:53:07.086 INFO  (SolrConfigHandler-refreshconf) [] o.a.s.h.SolrConfigHandler Trying to update my configs
2022-05-16 03:53:07.087 INFO  (SolrConfigHandler-refreshconf) [] o.a.s.c.SolrCore config update listener called for core collection2_shard3_replica_n13
2022-05-16 03:53:07.090 INFO  (SolrConfigHandler-refreshconf) [] o.a.s.c.SolrCore core reload collection2_shard3_replica_n13
2022-05-16 03:53:07.099 INFO  (SolrConfigHandler-refreshconf) [] o.a.s.h.SolrConfigHandler Another reload is in progress . Not doing anything
2022-05-16 03:53:07.129 INFO  (SolrConfigHandler-refreshconf) [] o.a.s.c.SolrConfig Using Lucene MatchVersion: 9.0.0
2022-05-16 03:53:07.145 INFO  (SolrConfigHandler-refreshconf) [] o.a.s.s.IndexSchema Schema name=default-config
2022-05-16 03:53:07.214 INFO  (ZKEventListenerThread) [] o.a.s.s.IndexSchema Loaded schema default-config/1.6 with uniqueid field id
2022-05-16 03:53:07.215 INFO  (ZKEventListenerThread) [] o.a.s.c.CoreContainer Reloading SolrCore 'collection2_shard1_replica_n14' using configuration from configset collection2
2022-05-16 03:53:07.257 INFO  (qtp507819576-19) [c:collection2 s:shard3 r:core_node15 x:collection2_shard3_replica_n13] o.a.s.h.SolrConfigHandler expecting overlay version 0 but my version is -1
2022-05-16 03:53:07.273 INFO  (qtp507819576-19) [c:collection2 s:shard3 r:core_node15 x:collection2_shard3_replica_n13] o.a.s.c.S.Request webapp=/solr path=/config/znodeVersion params={overlay=0&wt=javabin&version=2} status=0 QTime=16
2022-05-16 03:53:07.274 INFO  (qtp507819576-22) [c:collection2 s:shard1 r:core_node16 x:collection2_shard1_replica_n14] o.a.s.h.SolrConfigHandler expecting overlay version 0 but my version is -1
2022-05-16 03:53:07.286 INFO  (qtp507819576-22) [c:collection2 s:shard1 r:core_node16 x:collection2_shard1_replica_n14] o.a.s.c.S.Request webapp=/solr path=/config/znodeVersion params={overlay=0&wt=javabin&version=2} status=0 QTime=12
2022-05-16 03:53:07.289 INFO  (SolrConfigHandler-refreshconf) [] o.a.s.h.SolrConfigHandler Another reload is in progress . Not doing anything
2022-05-16 03:53:07.316 INFO  (SolrConfigHandler-refreshconf) [] o.a.s.h.SolrConfigHandler Another reload is in progress . Not doing anything
2022-05-16 03:53:07.468 INFO  (ZKEventListenerThread) [] o.a.s.c.SolrCore Opening new SolrCore at [/home/haseeb/Desktop/DC_Project/solr/example/cloud/node4/solr/collection2_shard1_replica_n14], dataDir=[/home/haseeb/Desktop/DC_Project/solr/example/cloud/node4/solr/collection2_shard1_replica_n14/data/]
2022-05-16 03:53:07.623 INFO  (qtp507819576-25) [c:collection2 s:shard3 r:core_node15 x:collection2_shard3_replica_n13] o.a.s.h.SolrConfigHandler expecting overlay version 0 but my version is -1
2022-05-16 03:53:07.638 INFO  (qtp507819576-25) [c:collection2 s:shard3 r:core_node15 x:collection2_shard3_replica_n13] o.a.s.c.S.Request webapp=/solr path=/config/znodeVersion params={overlay=0&wt=javabin&version=2} status=0 QTime=15
2022-05-16 03:53:07.639 INFO  (SolrConfigHandler-refreshconf) [] o.a.s.h.SolrConfigHandler Another reload is in progress . Not doing anything
2022-05-16 03:53:07.663 INFO  (qtp507819576-20) [c:collection2 s:shard1 r:core_node16 x:collection2_shard1_replica_n14] o.a.s.h.SolrConfigHandler expecting overlay version 0 but my version is -1
2022-05-16 03:53:07.670 INFO  (qtp507819576-20) [c:collection2 s:shard1 r:core_node16 x:collection2_shard1_replica_n14] o.a.s.c.S.Request webapp=/solr path=/config/znodeVersion params={overlay=0&wt=javabin&version=2} status=0 QTime=6
2022-05-16 03:53:07.671 INFO  (SolrConfigHandler-refreshconf) [] o.a.s.h.SolrConfigHandler Another reload is in progress . Not doing anything
2022-05-16 03:53:07.687 INFO  (SolrConfigHandler-refreshconf) [] o.a.s.s.IndexSchema Loaded schema default-config/1.6 with uniqueid field id
2022-05-16 03:53:07.687 INFO  (SolrConfigHandler-refreshconf) [] o.a.s.c.CoreContainer Reloading SolrCore 'collection2_shard3_replica_n13' using configuration from configset collection2
2022-05-16 03:53:07.804 INFO  (qtp507819576-22) [c:collection2 s:shard3 r:core_node15 x:collection2_shard3_replica_n13] o.a.s.h.SolrConfigHandler expecting overlay version 0 but my version is -1
2022-05-16 03:53:07.806 INFO  (qtp507819576-22) [c:collection2 s:shard3 r:core_node15 x:collection2_shard3_replica_n13] o.a.s.c.S.Request webapp=/solr path=/config/znodeVersion params={overlay=0&wt=javabin&version=2} status=0 QTime=1
2022-05-16 03:53:07.807 INFO  (SolrConfigHandler-refreshconf) [] o.a.s.h.SolrConfigHandler Another reload is in progress . Not doing anything
2022-05-16 03:53:07.891 INFO  (qtp507819576-25) [c:collection2 s:shard1 r:core_node16 x:collection2_shard1_replica_n14] o.a.s.h.SolrConfigHandler expecting overlay version 0 but my version is -1
2022-05-16 03:53:07.898 INFO  (ZKEventListenerThread) [] o.a.s.u.CommitTracker Hard AutoCommit: if uncommitted for 15000ms; 
2022-05-16 03:53:07.899 INFO  (ZKEventListenerThread) [] o.a.s.u.CommitTracker Soft AutoCommit: if uncommitted for 3000ms; 
2022-05-16 03:53:07.918 INFO  (qtp507819576-25) [c:collection2 s:shard1 r:core_node16 x:collection2_shard1_replica_n14] o.a.s.c.S.Request webapp=/solr path=/config/znodeVersion params={overlay=0&wt=javabin&version=2} status=0 QTime=27
2022-05-16 03:53:07.898 INFO  (SolrConfigHandler-refreshconf) [] o.a.s.c.SolrCore Opening new SolrCore at [/home/haseeb/Desktop/DC_Project/solr/example/cloud/node4/solr/collection2_shard3_replica_n13], dataDir=[/home/haseeb/Desktop/DC_Project/solr/example/cloud/node4/solr/collection2_shard3_replica_n13/data/]
2022-05-16 03:53:07.931 INFO  (SolrConfigHandler-refreshconf) [] o.a.s.h.SolrConfigHandler Another reload is in progress . Not doing anything
2022-05-16 03:53:07.953 INFO  (ZKEventListenerThread) [] o.a.s.r.ManagedResourceStorage Configured ZooKeeperStorageIO with znodeBase: /configs/collection2
2022-05-16 03:53:07.954 INFO  (ZKEventListenerThread) [] o.a.s.r.ManagedResourceStorage Loaded null at path _rest_managed.json using ZooKeeperStorageIO:path=/configs/collection2
2022-05-16 03:53:07.955 INFO  (ZKEventListenerThread) [] o.a.s.s.ZkIndexSchemaReader Creating ZooKeeper watch for the managed schema at /configs/collection2/managed-schema.xml
2022-05-16 03:53:07.959 INFO  (ZKEventListenerThread) [] o.a.s.s.ZkIndexSchemaReader Current schema version 0 is already the latest
2022-05-16 03:53:07.960 INFO  (ZKEventListenerThread) [] o.a.s.s.DirectSolrSpellChecker init: {maxEdits=2, minPrefix=1, maxInspections=5, minQueryLength=4, accuracy=0.5, maxQueryFrequency=0.01, name=default, field=_text_, classname=solr.DirectSolrSpellChecker, distanceMeasure=internal}
2022-05-16 03:53:07.961 INFO  (ZKEventListenerThread) [] o.a.s.h.ReplicationHandler Commits will be reserved for 10000 ms
2022-05-16 03:53:07.964 INFO  (ZKEventListenerThread) [] o.a.s.u.UpdateLog Could not find max version in index or recent updates, using new clock 1732953440742539264
2022-05-16 03:53:07.970 INFO  (searcherExecutor-38-thread-1-processing-localhost:8986_solr) [] o.a.s.c.QuerySenderListener QuerySenderListener done.
2022-05-16 03:53:07.971 INFO  (searcherExecutor-38-thread-1-processing-localhost:8986_solr) [] o.a.s.h.c.SpellCheckComponent Loading spell index for spellchecker: default
2022-05-16 03:53:08.004 INFO  (ZKEventListenerThread) [] o.a.s.u.DefaultSolrCoreState New IndexWriter is ready to be used.
2022-05-16 03:53:08.041 INFO  (qtp507819576-20) [c:collection2 s:shard3 r:core_node15 x:collection2_shard3_replica_n13] o.a.s.h.SolrConfigHandler expecting overlay version 0 but my version is -1
2022-05-16 03:53:08.044 INFO  (qtp507819576-20) [c:collection2 s:shard3 r:core_node15 x:collection2_shard3_replica_n13] o.a.s.c.S.Request webapp=/solr path=/config/znodeVersion params={overlay=0&wt=javabin&version=2} status=0 QTime=9
2022-05-16 03:53:08.056 INFO  (searcherExecutor-38-thread-1-processing-localhost:8986_solr) [] o.a.s.c.SolrCore Registered new searcher autowarm time: 0 ms
2022-05-16 03:53:08.061 INFO  (SolrConfigHandler-refreshconf) [] o.a.s.h.SolrConfigHandler Another reload is in progress . Not doing anything
2022-05-16 03:53:08.062 INFO  (ZKEventListenerThread) [] o.a.s.c.SolrCore CLOSING SolrCore org.apache.solr.core.SolrCore@6965bc1c collection2_shard1_replica_n14
2022-05-16 03:53:08.062 INFO  (ZKEventListenerThread) [] o.a.s.m.SolrMetricManager Closing metric reporters for registry=solr.core.collection2.shard1.replica_n14 tag=SolrCore@6965bc1c
2022-05-16 03:53:08.063 INFO  (qtp507819576-22) [c:collection2 s:shard1 r:core_node16 x:collection2_shard1_replica_n14] o.a.s.h.SolrConfigHandler I already have the expected version 0 of config
2022-05-16 03:53:08.063 INFO  (qtp507819576-22) [c:collection2 s:shard1 r:core_node16 x:collection2_shard1_replica_n14] o.a.s.h.SolrConfigHandler isStale false , resourceloader org.apache.solr.cloud.ZkSolrResourceLoader
2022-05-16 03:53:08.063 INFO  (qtp507819576-22) [c:collection2 s:shard1 r:core_node16 x:collection2_shard1_replica_n14] o.a.s.c.S.Request webapp=/solr path=/config/znodeVersion params={overlay=0&wt=javabin&version=2} status=0 QTime=0
2022-05-16 03:53:08.070 INFO  (searcherExecutor-38-thread-1-processing-localhost:8986_solr) [] o.a.s.c.QuerySenderListener QuerySenderListener done.
2022-05-16 03:53:08.091 INFO  (searcherExecutor-38-thread-1-processing-localhost:8986_solr) [] o.a.s.c.SolrCore Registered new searcher autowarm time: 2 ms
2022-05-16 03:53:08.153 INFO  (ZKEventListenerThread) [] o.a.s.m.SolrMetricManager Closing metric reporters for registry=solr.collection.collection2.shard1.leader tag=SolrCore@6965bc1c
2022-05-16 03:53:08.171 INFO  (ZKEventListenerThread) [] o.a.s.c.SolrCore config update listener called for core collection2_shard3_replica_n13
2022-05-16 03:53:08.174 INFO  (ZKEventListenerThread) [] o.a.s.c.SolrCore core reload collection2_shard3_replica_n13
2022-05-16 03:53:08.174 INFO  (ZKEventListenerThread) [] o.a.s.c.SolrCore Another reload is in progress. Not doing anything.
2022-05-16 03:53:08.197 INFO  (qtp507819576-25) [c:collection2 s:shard3 r:core_node15 x:collection2_shard3_replica_n13] o.a.s.h.SolrConfigHandler expecting overlay version 0 but my version is -1
2022-05-16 03:53:08.202 INFO  (qtp507819576-25) [c:collection2 s:shard3 r:core_node15 x:collection2_shard3_replica_n13] o.a.s.c.S.Request webapp=/solr path=/config/znodeVersion params={overlay=0&wt=javabin&version=2} status=0 QTime=4
2022-05-16 03:53:08.203 INFO  (SolrConfigHandler-refreshconf) [] o.a.s.h.SolrConfigHandler Another reload is in progress . Not doing anything
2022-05-16 03:53:08.314 INFO  (SolrConfigHandler-refreshconf) [] o.a.s.u.CommitTracker Hard AutoCommit: if uncommitted for 15000ms; 
2022-05-16 03:53:08.314 INFO  (SolrConfigHandler-refreshconf) [] o.a.s.u.CommitTracker Soft AutoCommit: if uncommitted for 3000ms; 
2022-05-16 03:53:08.324 INFO  (SolrConfigHandler-refreshconf) [] o.a.s.r.ManagedResourceStorage Configured ZooKeeperStorageIO with znodeBase: /configs/collection2
2022-05-16 03:53:08.325 INFO  (qtp507819576-20) [c:collection2 s:shard3 r:core_node15 x:collection2_shard3_replica_n13] o.a.s.h.SolrConfigHandler expecting overlay version 0 but my version is -1
2022-05-16 03:53:08.327 INFO  (SolrConfigHandler-refreshconf) [] o.a.s.r.ManagedResourceStorage Loaded null at path _rest_managed.json using ZooKeeperStorageIO:path=/configs/collection2
2022-05-16 03:53:08.328 INFO  (SolrConfigHandler-refreshconf) [] o.a.s.s.ZkIndexSchemaReader Creating ZooKeeper watch for the managed schema at /configs/collection2/managed-schema.xml
2022-05-16 03:53:08.329 INFO  (SolrConfigHandler-refreshconf) [] o.a.s.s.ZkIndexSchemaReader Current schema version 0 is already the latest
2022-05-16 03:53:08.329 INFO  (SolrConfigHandler-refreshconf) [] o.a.s.s.DirectSolrSpellChecker init: {maxEdits=2, minPrefix=1, maxInspections=5, minQueryLength=4, accuracy=0.5, maxQueryFrequency=0.01, name=default, field=_text_, classname=solr.DirectSolrSpellChecker, distanceMeasure=internal}
2022-05-16 03:53:08.331 INFO  (SolrConfigHandler-refreshconf) [] o.a.s.h.ReplicationHandler Commits will be reserved for 10000 ms
2022-05-16 03:53:08.331 INFO  (SolrConfigHandler-refreshconf) [] o.a.s.u.UpdateLog Could not find max version in index or recent updates, using new clock 1732953441127366656
2022-05-16 03:53:08.334 INFO  (searcherExecutor-40-thread-1-processing-localhost:8986_solr) [] o.a.s.c.QuerySenderListener QuerySenderListener done.
2022-05-16 03:53:08.337 INFO  (searcherExecutor-40-thread-1-processing-localhost:8986_solr) [] o.a.s.h.c.SpellCheckComponent Loading spell index for spellchecker: default
2022-05-16 03:53:08.338 INFO  (qtp507819576-20) [c:collection2 s:shard3 r:core_node15 x:collection2_shard3_replica_n13] o.a.s.c.S.Request webapp=/solr path=/config/znodeVersion params={overlay=0&wt=javabin&version=2} status=0 QTime=13
2022-05-16 03:53:08.362 INFO  (SolrConfigHandler-refreshconf) [] o.a.s.h.SolrConfigHandler Another reload is in progress . Not doing anything
2022-05-16 03:53:08.366 INFO  (searcherExecutor-40-thread-1-processing-localhost:8986_solr) [] o.a.s.c.SolrCore Registered new searcher autowarm time: 0 ms
2022-05-16 03:53:08.372 INFO  (SolrConfigHandler-refreshconf) [] o.a.s.u.DefaultSolrCoreState New IndexWriter is ready to be used.
2022-05-16 03:53:08.374 INFO  (SolrConfigHandler-refreshconf) [] o.a.s.c.SolrCore CLOSING SolrCore org.apache.solr.core.SolrCore@2f4115fc collection2_shard3_replica_n13
2022-05-16 03:53:08.375 INFO  (SolrConfigHandler-refreshconf) [] o.a.s.m.SolrMetricManager Closing metric reporters for registry=solr.core.collection2.shard3.replica_n13 tag=SolrCore@2f4115fc
2022-05-16 03:53:08.382 INFO  (searcherExecutor-40-thread-1-processing-localhost:8986_solr) [] o.a.s.c.QuerySenderListener QuerySenderListener done.
2022-05-16 03:53:08.388 INFO  (searcherExecutor-40-thread-1-processing-localhost:8986_solr) [] o.a.s.c.SolrCore Registered new searcher autowarm time: 0 ms
2022-05-16 03:53:08.396 INFO  (SolrConfigHandler-refreshconf) [] o.a.s.m.SolrMetricManager Closing metric reporters for registry=solr.collection.collection2.shard3.leader tag=SolrCore@2f4115fc
2022-05-16 03:53:08.469 INFO  (qtp507819576-25) [c:collection2 s:shard3 r:core_node15 x:collection2_shard3_replica_n13] o.a.s.h.SolrConfigHandler I already have the expected version 0 of config
2022-05-16 03:53:08.469 INFO  (qtp507819576-25) [c:collection2 s:shard3 r:core_node15 x:collection2_shard3_replica_n13] o.a.s.h.SolrConfigHandler isStale false , resourceloader org.apache.solr.cloud.ZkSolrResourceLoader
2022-05-16 03:53:08.469 INFO  (qtp507819576-25) [c:collection2 s:shard3 r:core_node15 x:collection2_shard3_replica_n13] o.a.s.c.S.Request webapp=/solr path=/config/znodeVersion params={overlay=0&wt=javabin&version=2} status=0 QTime=0
2022-05-16 03:53:32.975 INFO  (qtp507819576-22) [] o.a.s.s.HttpSolrCall [admin] webapp=null path=/admin/info/system params={wt=javabin&version=2&_=1652673203551} status=0 QTime=30
