2022-05-15 02:54:40,812 [myid:] - INFO  [main:o.a.z.s.q.QuorumPeerConfig@177] - Reading configuration from: /home/haseeb/Desktop/DC_Project/zookeeper_1/bin/../conf/zoo.cfg
2022-05-15 02:54:40,822 [myid:] - INFO  [main:o.a.z.s.q.QuorumPeerConfig@440] - clientPortAddress is 0.0.0.0:2181
2022-05-15 02:54:40,824 [myid:] - INFO  [main:o.a.z.s.q.QuorumPeerConfig@444] - secureClientPort is not set
2022-05-15 02:54:40,824 [myid:] - INFO  [main:o.a.z.s.q.QuorumPeerConfig@460] - observerMasterPort is not set
2022-05-15 02:54:40,824 [myid:] - INFO  [main:o.a.z.s.q.QuorumPeerConfig@477] - metricsProvider.className is org.apache.zookeeper.metrics.impl.DefaultMetricsProvider
2022-05-15 02:54:40,830 [myid:1] - INFO  [main:o.a.z.s.DatadirCleanupManager@78] - autopurge.snapRetainCount set to 3
2022-05-15 02:54:40,830 [myid:1] - INFO  [main:o.a.z.s.DatadirCleanupManager@79] - autopurge.purgeInterval set to 0
2022-05-15 02:54:40,830 [myid:1] - INFO  [main:o.a.z.s.DatadirCleanupManager@101] - Purge task is not scheduled.
2022-05-15 02:54:40,831 [myid:1] - INFO  [main:o.a.z.j.ManagedUtil@46] - Log4j 1.2 jmx support not found; jmx disabled.
2022-05-15 02:54:40,831 [myid:1] - INFO  [main:o.a.z.s.q.QuorumPeerMain@152] - Starting quorum peer, myid=1
2022-05-15 02:54:40,844 [myid:1] - INFO  [main:o.a.z.s.ServerMetrics@64] - ServerMetrics initialized with provider org.apache.zookeeper.metrics.impl.DefaultMetricsProvider@6302bbb1
2022-05-15 02:54:40,846 [myid:1] - INFO  [main:o.a.z.s.a.DigestAuthenticationProvider@47] - ACL digest algorithm is: SHA1
2022-05-15 02:54:40,847 [myid:1] - INFO  [main:o.a.z.s.a.DigestAuthenticationProvider@61] - zookeeper.DigestAuthenticationProvider.enabled = true
2022-05-15 02:54:40,851 [myid:1] - INFO  [main:o.a.z.s.ServerCnxnFactory@169] - Using org.apache.zookeeper.server.NIOServerCnxnFactory as server connection factory
2022-05-15 02:54:40,852 [myid:1] - WARN  [main:o.a.z.s.ServerCnxnFactory@309] - maxCnxns is not configured, using default value 0.
2022-05-15 02:54:40,854 [myid:1] - INFO  [main:o.a.z.s.NIOServerCnxnFactory@652] - Configuring NIO connection handler with 10s sessionless connection timeout, 1 selector thread(s), 8 worker threads, and 64 kB direct buffers.
2022-05-15 02:54:40,859 [myid:1] - INFO  [main:o.a.z.s.NIOServerCnxnFactory@660] - binding to port 0.0.0.0/0.0.0.0:2181
2022-05-15 02:54:40,867 [myid:1] - INFO  [main:o.a.z.s.q.QuorumPeer@798] - zookeeper.quorumCnxnTimeoutMs=-1
2022-05-15 02:54:40,897 [myid:1] - INFO  [main:o.e.j.u.l.Log@170] - Logging initialized @668ms to org.eclipse.jetty.util.log.Slf4jLog
2022-05-15 02:54:40,978 [myid:1] - WARN  [main:o.e.j.s.h.ContextHandler@1656] - o.e.j.s.ServletContextHandler@6253c26{/,null,STOPPED} contextPath ends with /*
2022-05-15 02:54:40,978 [myid:1] - WARN  [main:o.e.j.s.h.ContextHandler@1667] - Empty contextPath
2022-05-15 02:54:41,002 [myid:1] - INFO  [main:o.a.z.c.X509Util@77] - Setting -D jdk.tls.rejectClientInitiatedRenegotiation=true to disable client-initiated TLS renegotiation
2022-05-15 02:54:41,004 [myid:1] - INFO  [main:o.a.z.s.p.FileTxnSnapLog@124] - zookeeper.snapshot.trust.empty : false
2022-05-15 02:54:41,007 [myid:1] - INFO  [main:o.a.z.s.q.QuorumPeer@1764] - Local sessions disabled
2022-05-15 02:54:41,007 [myid:1] - INFO  [main:o.a.z.s.q.QuorumPeer@1775] - Local session upgrading disabled
2022-05-15 02:54:41,007 [myid:1] - INFO  [main:o.a.z.s.q.QuorumPeer@1742] - tickTime set to 2000
2022-05-15 02:54:41,007 [myid:1] - INFO  [main:o.a.z.s.q.QuorumPeer@1786] - minSessionTimeout set to 4000
2022-05-15 02:54:41,007 [myid:1] - INFO  [main:o.a.z.s.q.QuorumPeer@1797] - maxSessionTimeout set to 40000
2022-05-15 02:54:41,007 [myid:1] - INFO  [main:o.a.z.s.q.QuorumPeer@1822] - initLimit set to 10
2022-05-15 02:54:41,008 [myid:1] - INFO  [main:o.a.z.s.q.QuorumPeer@2009] - syncLimit set to 5
2022-05-15 02:54:41,008 [myid:1] - INFO  [main:o.a.z.s.q.QuorumPeer@2024] - connectToLearnerMasterLimit set to 0
2022-05-15 02:54:41,017 [myid:1] - INFO  [main:o.a.z.ZookeeperBanner@42] - 
2022-05-15 02:54:41,017 [myid:1] - INFO  [main:o.a.z.ZookeeperBanner@42] -   ______                  _                                          
2022-05-15 02:54:41,017 [myid:1] - INFO  [main:o.a.z.ZookeeperBanner@42] -  |___  /                 | |                                         
2022-05-15 02:54:41,017 [myid:1] - INFO  [main:o.a.z.ZookeeperBanner@42] -     / /    ___     ___   | | __   ___    ___   _ __     ___   _ __   
2022-05-15 02:54:41,018 [myid:1] - INFO  [main:o.a.z.ZookeeperBanner@42] -    / /    / _ \   / _ \  | |/ /  / _ \  / _ \ | '_ \   / _ \ | '__|
2022-05-15 02:54:41,018 [myid:1] - INFO  [main:o.a.z.ZookeeperBanner@42] -   / /__  | (_) | | (_) | |   <  |  __/ |  __/ | |_) | |  __/ | |    
2022-05-15 02:54:41,018 [myid:1] - INFO  [main:o.a.z.ZookeeperBanner@42] -  /_____|  \___/   \___/  |_|\_\  \___|  \___| | .__/   \___| |_|
2022-05-15 02:54:41,018 [myid:1] - INFO  [main:o.a.z.ZookeeperBanner@42] -                                               | |                     
2022-05-15 02:54:41,018 [myid:1] - INFO  [main:o.a.z.ZookeeperBanner@42] -                                               |_|                     
2022-05-15 02:54:41,018 [myid:1] - INFO  [main:o.a.z.ZookeeperBanner@42] - 
2022-05-15 02:54:41,019 [myid:1] - INFO  [main:o.a.z.Environment@98] - Server environment:zookeeper.version=3.8.0-5a02a05eddb59aee6ac762f7ea82e92a68eb9c0f, built on 2022-02-25 08:49 UTC
2022-05-15 02:54:41,019 [myid:1] - INFO  [main:o.a.z.Environment@98] - Server environment:host.name=HP-EliteBook-840-G5
2022-05-15 02:54:41,019 [myid:1] - INFO  [main:o.a.z.Environment@98] - Server environment:java.version=11.0.15
2022-05-15 02:54:41,019 [myid:1] - INFO  [main:o.a.z.Environment@98] - Server environment:java.vendor=Private Build
2022-05-15 02:54:41,019 [myid:1] - INFO  [main:o.a.z.Environment@98] - Server environment:java.home=/usr/lib/jvm/java-11-openjdk-amd64
2022-05-15 02:54:41,019 [myid:1] - INFO  [main:o.a.z.Environment@98] - Server environment:java.class.path=/home/haseeb/Desktop/DC_Project/zookeeper_1/bin/../zookeeper-server/target/classes:/home/haseeb/Desktop/DC_Project/zookeeper_1/bin/../build/classes:/home/haseeb/Desktop/DC_Project/zookeeper_1/bin/../zookeeper-server/target/lib/*.jar:/home/haseeb/Desktop/DC_Project/zookeeper_1/bin/../build/lib/*.jar:/home/haseeb/Desktop/DC_Project/zookeeper_1/bin/../lib/zookeeper-prometheus-metrics-3.8.0.jar:/home/haseeb/Desktop/DC_Project/zookeeper_1/bin/../lib/zookeeper-jute-3.8.0.jar:/home/haseeb/Desktop/DC_Project/zookeeper_1/bin/../lib/zookeeper-3.8.0.jar:/home/haseeb/Desktop/DC_Project/zookeeper_1/bin/../lib/snappy-java-1.1.7.7.jar:/home/haseeb/Desktop/DC_Project/zookeeper_1/bin/../lib/slf4j-api-1.7.30.jar:/home/haseeb/Desktop/DC_Project/zookeeper_1/bin/../lib/simpleclient_servlet-0.9.0.jar:/home/haseeb/Desktop/DC_Project/zookeeper_1/bin/../lib/simpleclient_hotspot-0.9.0.jar:/home/haseeb/Desktop/DC_Project/zookeeper_1/bin/../lib/simpleclient_common-0.9.0.jar:/home/haseeb/Desktop/DC_Project/zookeeper_1/bin/../lib/simpleclient-0.9.0.jar:/home/haseeb/Desktop/DC_Project/zookeeper_1/bin/../lib/netty-transport-native-unix-common-4.1.73.Final.jar:/home/haseeb/Desktop/DC_Project/zookeeper_1/bin/../lib/netty-transport-native-epoll-4.1.73.Final.jar:/home/haseeb/Desktop/DC_Project/zookeeper_1/bin/../lib/netty-transport-classes-epoll-4.1.73.Final.jar:/home/haseeb/Desktop/DC_Project/zookeeper_1/bin/../lib/netty-transport-4.1.73.Final.jar:/home/haseeb/Desktop/DC_Project/zookeeper_1/bin/../lib/netty-tcnative-classes-2.0.48.Final.jar:/home/haseeb/Desktop/DC_Project/zookeeper_1/bin/../lib/netty-tcnative-2.0.48.Final.jar:/home/haseeb/Desktop/DC_Project/zookeeper_1/bin/../lib/netty-resolver-4.1.73.Final.jar:/home/haseeb/Desktop/DC_Project/zookeeper_1/bin/../lib/netty-handler-4.1.73.Final.jar:/home/haseeb/Desktop/DC_Project/zookeeper_1/bin/../lib/netty-common-4.1.73.Final.jar:/home/haseeb/Desktop/DC_Project/zookeeper_1/bin/../lib/netty-codec-4.1.73.Final.jar:/home/haseeb/Desktop/DC_Project/zookeeper_1/bin/../lib/netty-buffer-4.1.73.Final.jar:/home/haseeb/Desktop/DC_Project/zookeeper_1/bin/../lib/metrics-core-4.1.12.1.jar:/home/haseeb/Desktop/DC_Project/zookeeper_1/bin/../lib/logback-core-1.2.10.jar:/home/haseeb/Desktop/DC_Project/zookeeper_1/bin/../lib/logback-classic-1.2.10.jar:/home/haseeb/Desktop/DC_Project/zookeeper_1/bin/../lib/jline-2.14.6.jar:/home/haseeb/Desktop/DC_Project/zookeeper_1/bin/../lib/jetty-util-ajax-9.4.43.v20210629.jar:/home/haseeb/Desktop/DC_Project/zookeeper_1/bin/../lib/jetty-util-9.4.43.v20210629.jar:/home/haseeb/Desktop/DC_Project/zookeeper_1/bin/../lib/jetty-servlet-9.4.43.v20210629.jar:/home/haseeb/Desktop/DC_Project/zookeeper_1/bin/../lib/jetty-server-9.4.43.v20210629.jar:/home/haseeb/Desktop/DC_Project/zookeeper_1/bin/../lib/jetty-security-9.4.43.v20210629.jar:/home/haseeb/Desktop/DC_Project/zookeeper_1/bin/../lib/jetty-io-9.4.43.v20210629.jar:/home/haseeb/Desktop/DC_Project/zookeeper_1/bin/../lib/jetty-http-9.4.43.v20210629.jar:/home/haseeb/Desktop/DC_Project/zookeeper_1/bin/../lib/javax.servlet-api-3.1.0.jar:/home/haseeb/Desktop/DC_Project/zookeeper_1/bin/../lib/jackson-databind-2.13.1.jar:/home/haseeb/Desktop/DC_Project/zookeeper_1/bin/../lib/jackson-core-2.13.1.jar:/home/haseeb/Desktop/DC_Project/zookeeper_1/bin/../lib/jackson-annotations-2.13.1.jar:/home/haseeb/Desktop/DC_Project/zookeeper_1/bin/../lib/commons-io-2.11.0.jar:/home/haseeb/Desktop/DC_Project/zookeeper_1/bin/../lib/commons-cli-1.4.jar:/home/haseeb/Desktop/DC_Project/zookeeper_1/bin/../lib/audience-annotations-0.12.0.jar:/home/haseeb/Desktop/DC_Project/zookeeper_1/bin/../zookeeper-*.jar:/home/haseeb/Desktop/DC_Project/zookeeper_1/bin/../zookeeper-server/src/main/resources/lib/*.jar:/home/haseeb/Desktop/DC_Project/zookeeper_1/bin/../conf:
2022-05-15 02:54:41,019 [myid:1] - INFO  [main:o.a.z.Environment@98] - Server environment:java.library.path=/usr/java/packages/lib:/usr/lib/x86_64-linux-gnu/jni:/lib/x86_64-linux-gnu:/usr/lib/x86_64-linux-gnu:/usr/lib/jni:/lib:/usr/lib
2022-05-15 02:54:41,019 [myid:1] - INFO  [main:o.a.z.Environment@98] - Server environment:java.io.tmpdir=/tmp
2022-05-15 02:54:41,020 [myid:1] - INFO  [main:o.a.z.Environment@98] - Server environment:java.compiler=<NA>
2022-05-15 02:54:41,020 [myid:1] - INFO  [main:o.a.z.Environment@98] - Server environment:os.name=Linux
2022-05-15 02:54:41,020 [myid:1] - INFO  [main:o.a.z.Environment@98] - Server environment:os.arch=amd64
2022-05-15 02:54:41,020 [myid:1] - INFO  [main:o.a.z.Environment@98] - Server environment:os.version=5.15.0-27-generic
2022-05-15 02:54:41,020 [myid:1] - INFO  [main:o.a.z.Environment@98] - Server environment:user.name=haseeb
2022-05-15 02:54:41,020 [myid:1] - INFO  [main:o.a.z.Environment@98] - Server environment:user.home=/home/haseeb
2022-05-15 02:54:41,020 [myid:1] - INFO  [main:o.a.z.Environment@98] - Server environment:user.dir=/home/haseeb/Desktop/DC_Project/zookeeper_1
2022-05-15 02:54:41,020 [myid:1] - INFO  [main:o.a.z.Environment@98] - Server environment:os.memory.free=242MB
2022-05-15 02:54:41,020 [myid:1] - INFO  [main:o.a.z.Environment@98] - Server environment:os.memory.max=1000MB
2022-05-15 02:54:41,020 [myid:1] - INFO  [main:o.a.z.Environment@98] - Server environment:os.memory.total=250MB
2022-05-15 02:54:41,020 [myid:1] - INFO  [main:o.a.z.s.ZooKeeperServer@140] - zookeeper.enableEagerACLCheck = false
2022-05-15 02:54:41,020 [myid:1] - INFO  [main:o.a.z.s.ZooKeeperServer@153] - zookeeper.digest.enabled = true
2022-05-15 02:54:41,020 [myid:1] - INFO  [main:o.a.z.s.ZooKeeperServer@157] - zookeeper.closeSessionTxn.enabled = true
2022-05-15 02:54:41,020 [myid:1] - INFO  [main:o.a.z.s.ZooKeeperServer@1496] - zookeeper.flushDelay = 0 ms
2022-05-15 02:54:41,020 [myid:1] - INFO  [main:o.a.z.s.ZooKeeperServer@1505] - zookeeper.maxWriteQueuePollTime = 0 ms
2022-05-15 02:54:41,021 [myid:1] - INFO  [main:o.a.z.s.ZooKeeperServer@1514] - zookeeper.maxBatchSize=1000
2022-05-15 02:54:41,021 [myid:1] - INFO  [main:o.a.z.s.ZooKeeperServer@264] - zookeeper.intBufferStartingSizeBytes = 1024
2022-05-15 02:54:41,024 [myid:1] - INFO  [main:o.a.z.s.w.WatchManagerFactory@42] - Using org.apache.zookeeper.server.watch.WatchManager as watch manager
2022-05-15 02:54:41,024 [myid:1] - INFO  [main:o.a.z.s.w.WatchManagerFactory@42] - Using org.apache.zookeeper.server.watch.WatchManager as watch manager
2022-05-15 02:54:41,025 [myid:1] - INFO  [main:o.a.z.s.ZKDatabase@132] - zookeeper.snapshotSizeFactor = 0.33
2022-05-15 02:54:41,026 [myid:1] - INFO  [main:o.a.z.s.ZKDatabase@152] - zookeeper.commitLogCount=500
2022-05-15 02:54:41,034 [myid:1] - INFO  [main:o.a.z.s.q.QuorumPeer@2088] - Using insecure (non-TLS) quorum communication
2022-05-15 02:54:41,034 [myid:1] - INFO  [main:o.a.z.s.q.QuorumPeer@2094] - Port unification disabled
2022-05-15 02:54:41,035 [myid:1] - INFO  [main:o.a.z.s.q.QuorumPeer@181] - multiAddress.enabled set to false
2022-05-15 02:54:41,035 [myid:1] - INFO  [main:o.a.z.s.q.QuorumPeer@206] - multiAddress.reachabilityCheckEnabled set to true
2022-05-15 02:54:41,035 [myid:1] - INFO  [main:o.a.z.s.q.QuorumPeer@193] - multiAddress.reachabilityCheckTimeoutMs set to 1000
2022-05-15 02:54:41,035 [myid:1] - INFO  [main:o.a.z.s.q.QuorumPeer@2549] - QuorumPeer communication is not secured! (SASL auth disabled)
2022-05-15 02:54:41,035 [myid:1] - INFO  [main:o.a.z.s.q.QuorumPeer@2574] - quorum.cnxn.threads.size set to 20
2022-05-15 02:54:41,038 [myid:1] - INFO  [main:o.a.z.s.p.SnapStream@61] - zookeeper.snapshot.compression.method = CHECKED
2022-05-15 02:54:41,039 [myid:1] - INFO  [main:o.a.z.s.p.FileSnap@85] - Reading snapshot /tmp/zookeeper_1/version-2/snapshot.0
2022-05-15 02:54:41,042 [myid:1] - INFO  [main:o.a.z.s.DataTree@1712] - The digest value is empty in snapshot
2022-05-15 02:54:41,074 [myid:1] - INFO  [main:o.a.z.s.p.FileTxnSnapLog@372] - 234 txns loaded in 28 ms
2022-05-15 02:54:41,074 [myid:1] - INFO  [main:o.a.z.s.ZKDatabase@289] - Snapshot loaded in 39 ms, highest zxid is 0x1000000ea, digest is 193943901580
2022-05-15 02:54:41,078 [myid:1] - INFO  [main:o.e.j.s.Server@375] - jetty-9.4.43.v20210629; built: 2021-06-30T11:07:22.254Z; git: 526006ecfa3af7f1a27ef3a288e2bef7ea9dd7e8; jvm 11.0.15+10-Ubuntu-0ubuntu0.22.04.1
2022-05-15 02:54:41,103 [myid:1] - INFO  [main:o.e.j.s.s.DefaultSessionIdManager@334] - DefaultSessionIdManager workerName=node0
2022-05-15 02:54:41,103 [myid:1] - INFO  [main:o.e.j.s.s.DefaultSessionIdManager@339] - No SessionScavenger set, using defaults
2022-05-15 02:54:41,105 [myid:1] - INFO  [main:o.e.j.s.s.HouseKeeper@132] - node0 Scavenging every 660000ms
2022-05-15 02:54:41,109 [myid:1] - WARN  [main:o.e.j.s.ConstraintSecurityHandler@759] - ServletContext@o.e.j.s.ServletContextHandler@6253c26{/,null,STARTING} has uncovered http methods for path: /*
2022-05-15 02:54:41,119 [myid:1] - INFO  [main:o.e.j.s.h.ContextHandler@915] - Started o.e.j.s.ServletContextHandler@6253c26{/,null,AVAILABLE}
2022-05-15 02:54:41,130 [myid:1] - INFO  [main:o.e.j.s.AbstractConnector@331] - Started ServerConnector@69997e9d{HTTP/1.1, (http/1.1)}{0.0.0.0:8080}
2022-05-15 02:54:41,130 [myid:1] - INFO  [main:o.e.j.s.Server@415] - Started @902ms
2022-05-15 02:54:41,131 [myid:1] - INFO  [main:o.a.z.s.a.JettyAdminServer@196] - Started AdminServer on address 0.0.0.0, port 8080 and command URL /commands
2022-05-15 02:54:41,131 [myid:1] - INFO  [main:o.a.z.s.q.QuorumPeer@2591] - Using 10000ms as the quorum cnxn socket timeout
2022-05-15 02:54:41,138 [myid:1] - INFO  [main:o.a.z.s.q.QuorumCnxManager$Listener@924] - Election port bind maximum retries is 3
2022-05-15 02:54:41,144 [myid:1] - INFO  [main:o.a.z.s.q.FastLeaderElection@90] - zookeeper.fastleader.minNotificationInterval = 200 ms
2022-05-15 02:54:41,144 [myid:1] - INFO  [main:o.a.z.s.q.FastLeaderElection@92] - zookeeper.fastleader.maxNotificationInterval = 60000 ms
2022-05-15 02:54:41,152 [myid:1] - INFO  [main:o.a.z.a.ZKAuditProvider@42] - ZooKeeper audit is disabled.
2022-05-15 02:54:41,160 [myid:] - INFO  [ListenerHandler-localhost/127.0.0.1:3888:o.a.z.s.q.QuorumCnxManager$Listener$ListenerHandler@1071] - 1 is accepting connections now, my election bind port: localhost/127.0.0.1:3888
2022-05-15 02:54:41,164 [myid:] - INFO  [QuorumPeer[myid=1](plain=[0:0:0:0:0:0:0:0]:2181)(secure=disabled):o.a.z.s.q.QuorumPeer@1455] - LOOKING
2022-05-15 02:54:41,166 [myid:] - INFO  [QuorumPeer[myid=1](plain=[0:0:0:0:0:0:0:0]:2181)(secure=disabled):o.a.z.s.q.FastLeaderElection@946] - New election. My id = 1, proposed zxid=0x1000000ea
2022-05-15 02:54:41,175 [myid:] - INFO  [WorkerReceiver[myid=1]:o.a.z.s.q.FastLeaderElection$Messenger$WorkerReceiver@391] - Notification: my state:LOOKING; n.sid:1, n.state:LOOKING, n.leader:1, n.round:0x1, n.peerEpoch:0x2, n.zxid:0x1000000ea, message format version:0x2, n.config version:0x0
2022-05-15 02:54:41,176 [myid:] - WARN  [QuorumConnectionThread-[myid=1]-1:o.a.z.s.q.QuorumCnxManager@401] - Cannot open channel to 2 at election address localhost/127.0.0.1:3889
java.net.ConnectException: Connection refused (Connection refused)
	at java.base/java.net.PlainSocketImpl.socketConnect(Native Method)
	at java.base/java.net.AbstractPlainSocketImpl.doConnect(AbstractPlainSocketImpl.java:412)
	at java.base/java.net.AbstractPlainSocketImpl.connectToAddress(AbstractPlainSocketImpl.java:255)
	at java.base/java.net.AbstractPlainSocketImpl.connect(AbstractPlainSocketImpl.java:237)
	at java.base/java.net.SocksSocketImpl.connect(SocksSocketImpl.java:392)
	at java.base/java.net.Socket.connect(Socket.java:609)
	at org.apache.zookeeper.server.quorum.QuorumCnxManager.initiateConnection(QuorumCnxManager.java:384)
	at org.apache.zookeeper.server.quorum.QuorumCnxManager$QuorumConnectionReqThread.run(QuorumCnxManager.java:458)
	at java.base/java.util.concurrent.ThreadPoolExecutor.runWorker(ThreadPoolExecutor.java:1128)
	at java.base/java.util.concurrent.ThreadPoolExecutor$Worker.run(ThreadPoolExecutor.java:628)
	at java.base/java.lang.Thread.run(Thread.java:829)
2022-05-15 02:54:41,178 [myid:] - WARN  [QuorumConnectionThread-[myid=1]-2:o.a.z.s.q.QuorumCnxManager@401] - Cannot open channel to 3 at election address localhost/127.0.0.1:3890
java.net.ConnectException: Connection refused (Connection refused)
	at java.base/java.net.PlainSocketImpl.socketConnect(Native Method)
	at java.base/java.net.AbstractPlainSocketImpl.doConnect(AbstractPlainSocketImpl.java:412)
	at java.base/java.net.AbstractPlainSocketImpl.connectToAddress(AbstractPlainSocketImpl.java:255)
	at java.base/java.net.AbstractPlainSocketImpl.connect(AbstractPlainSocketImpl.java:237)
	at java.base/java.net.SocksSocketImpl.connect(SocksSocketImpl.java:392)
	at java.base/java.net.Socket.connect(Socket.java:609)
	at org.apache.zookeeper.server.quorum.QuorumCnxManager.initiateConnection(QuorumCnxManager.java:384)
	at org.apache.zookeeper.server.quorum.QuorumCnxManager$QuorumConnectionReqThread.run(QuorumCnxManager.java:458)
	at java.base/java.util.concurrent.ThreadPoolExecutor.runWorker(ThreadPoolExecutor.java:1128)
	at java.base/java.util.concurrent.ThreadPoolExecutor$Worker.run(ThreadPoolExecutor.java:628)
	at java.base/java.lang.Thread.run(Thread.java:829)
2022-05-15 02:54:41,379 [myid:] - WARN  [QuorumConnectionThread-[myid=1]-3:o.a.z.s.q.QuorumCnxManager@401] - Cannot open channel to 2 at election address localhost/127.0.0.1:3889
java.net.ConnectException: Connection refused (Connection refused)
	at java.base/java.net.PlainSocketImpl.socketConnect(Native Method)
	at java.base/java.net.AbstractPlainSocketImpl.doConnect(AbstractPlainSocketImpl.java:412)
	at java.base/java.net.AbstractPlainSocketImpl.connectToAddress(AbstractPlainSocketImpl.java:255)
	at java.base/java.net.AbstractPlainSocketImpl.connect(AbstractPlainSocketImpl.java:237)
	at java.base/java.net.SocksSocketImpl.connect(SocksSocketImpl.java:392)
	at java.base/java.net.Socket.connect(Socket.java:609)
	at org.apache.zookeeper.server.quorum.QuorumCnxManager.initiateConnection(QuorumCnxManager.java:384)
	at org.apache.zookeeper.server.quorum.QuorumCnxManager$QuorumConnectionReqThread.run(QuorumCnxManager.java:458)
	at java.base/java.util.concurrent.ThreadPoolExecutor.runWorker(ThreadPoolExecutor.java:1128)
	at java.base/java.util.concurrent.ThreadPoolExecutor$Worker.run(ThreadPoolExecutor.java:628)
	at java.base/java.lang.Thread.run(Thread.java:829)
2022-05-15 02:54:41,380 [myid:] - WARN  [QuorumConnectionThread-[myid=1]-2:o.a.z.s.q.QuorumCnxManager@401] - Cannot open channel to 3 at election address localhost/127.0.0.1:3890
java.net.ConnectException: Connection refused (Connection refused)
	at java.base/java.net.PlainSocketImpl.socketConnect(Native Method)
	at java.base/java.net.AbstractPlainSocketImpl.doConnect(AbstractPlainSocketImpl.java:412)
	at java.base/java.net.AbstractPlainSocketImpl.connectToAddress(AbstractPlainSocketImpl.java:255)
	at java.base/java.net.AbstractPlainSocketImpl.connect(AbstractPlainSocketImpl.java:237)
	at java.base/java.net.SocksSocketImpl.connect(SocksSocketImpl.java:392)
	at java.base/java.net.Socket.connect(Socket.java:609)
	at org.apache.zookeeper.server.quorum.QuorumCnxManager.initiateConnection(QuorumCnxManager.java:384)
	at org.apache.zookeeper.server.quorum.QuorumCnxManager$QuorumConnectionReqThread.run(QuorumCnxManager.java:458)
	at java.base/java.util.concurrent.ThreadPoolExecutor.runWorker(ThreadPoolExecutor.java:1128)
	at java.base/java.util.concurrent.ThreadPoolExecutor$Worker.run(ThreadPoolExecutor.java:628)
	at java.base/java.lang.Thread.run(Thread.java:829)
2022-05-15 02:54:41,382 [myid:] - INFO  [QuorumPeer[myid=1](plain=[0:0:0:0:0:0:0:0]:2181)(secure=disabled):o.a.z.s.q.FastLeaderElection@996] - Notification time out: 400 ms
2022-05-15 02:54:41,785 [myid:] - INFO  [QuorumPeer[myid=1](plain=[0:0:0:0:0:0:0:0]:2181)(secure=disabled):o.a.z.s.q.FastLeaderElection@996] - Notification time out: 800 ms
2022-05-15 02:54:41,785 [myid:] - WARN  [QuorumConnectionThread-[myid=1]-2:o.a.z.s.q.QuorumCnxManager@401] - Cannot open channel to 2 at election address localhost/127.0.0.1:3889
java.net.ConnectException: Connection refused (Connection refused)
	at java.base/java.net.PlainSocketImpl.socketConnect(Native Method)
	at java.base/java.net.AbstractPlainSocketImpl.doConnect(AbstractPlainSocketImpl.java:412)
	at java.base/java.net.AbstractPlainSocketImpl.connectToAddress(AbstractPlainSocketImpl.java:255)
	at java.base/java.net.AbstractPlainSocketImpl.connect(AbstractPlainSocketImpl.java:237)
	at java.base/java.net.SocksSocketImpl.connect(SocksSocketImpl.java:392)
	at java.base/java.net.Socket.connect(Socket.java:609)
	at org.apache.zookeeper.server.quorum.QuorumCnxManager.initiateConnection(QuorumCnxManager.java:384)
	at org.apache.zookeeper.server.quorum.QuorumCnxManager$QuorumConnectionReqThread.run(QuorumCnxManager.java:458)
	at java.base/java.util.concurrent.ThreadPoolExecutor.runWorker(ThreadPoolExecutor.java:1128)
	at java.base/java.util.concurrent.ThreadPoolExecutor$Worker.run(ThreadPoolExecutor.java:628)
	at java.base/java.lang.Thread.run(Thread.java:829)
2022-05-15 02:54:41,786 [myid:] - WARN  [QuorumConnectionThread-[myid=1]-3:o.a.z.s.q.QuorumCnxManager@401] - Cannot open channel to 3 at election address localhost/127.0.0.1:3890
java.net.ConnectException: Connection refused (Connection refused)
	at java.base/java.net.PlainSocketImpl.socketConnect(Native Method)
	at java.base/java.net.AbstractPlainSocketImpl.doConnect(AbstractPlainSocketImpl.java:412)
	at java.base/java.net.AbstractPlainSocketImpl.connectToAddress(AbstractPlainSocketImpl.java:255)
	at java.base/java.net.AbstractPlainSocketImpl.connect(AbstractPlainSocketImpl.java:237)
	at java.base/java.net.SocksSocketImpl.connect(SocksSocketImpl.java:392)
	at java.base/java.net.Socket.connect(Socket.java:609)
	at org.apache.zookeeper.server.quorum.QuorumCnxManager.initiateConnection(QuorumCnxManager.java:384)
	at org.apache.zookeeper.server.quorum.QuorumCnxManager$QuorumConnectionReqThread.run(QuorumCnxManager.java:458)
	at java.base/java.util.concurrent.ThreadPoolExecutor.runWorker(ThreadPoolExecutor.java:1128)
	at java.base/java.util.concurrent.ThreadPoolExecutor$Worker.run(ThreadPoolExecutor.java:628)
	at java.base/java.lang.Thread.run(Thread.java:829)
2022-05-15 02:54:42,587 [myid:] - INFO  [QuorumPeer[myid=1](plain=[0:0:0:0:0:0:0:0]:2181)(secure=disabled):o.a.z.s.q.FastLeaderElection@996] - Notification time out: 1600 ms
2022-05-15 02:54:42,588 [myid:] - WARN  [QuorumConnectionThread-[myid=1]-2:o.a.z.s.q.QuorumCnxManager@401] - Cannot open channel to 3 at election address localhost/127.0.0.1:3890
java.net.ConnectException: Connection refused (Connection refused)
	at java.base/java.net.PlainSocketImpl.socketConnect(Native Method)
	at java.base/java.net.AbstractPlainSocketImpl.doConnect(AbstractPlainSocketImpl.java:412)
	at java.base/java.net.AbstractPlainSocketImpl.connectToAddress(AbstractPlainSocketImpl.java:255)
	at java.base/java.net.AbstractPlainSocketImpl.connect(AbstractPlainSocketImpl.java:237)
	at java.base/java.net.SocksSocketImpl.connect(SocksSocketImpl.java:392)
	at java.base/java.net.Socket.connect(Socket.java:609)
	at org.apache.zookeeper.server.quorum.QuorumCnxManager.initiateConnection(QuorumCnxManager.java:384)
	at org.apache.zookeeper.server.quorum.QuorumCnxManager$QuorumConnectionReqThread.run(QuorumCnxManager.java:458)
	at java.base/java.util.concurrent.ThreadPoolExecutor.runWorker(ThreadPoolExecutor.java:1128)
	at java.base/java.util.concurrent.ThreadPoolExecutor$Worker.run(ThreadPoolExecutor.java:628)
	at java.base/java.lang.Thread.run(Thread.java:829)
2022-05-15 02:54:42,588 [myid:] - WARN  [QuorumConnectionThread-[myid=1]-3:o.a.z.s.q.QuorumCnxManager@401] - Cannot open channel to 2 at election address localhost/127.0.0.1:3889
java.net.ConnectException: Connection refused (Connection refused)
	at java.base/java.net.PlainSocketImpl.socketConnect(Native Method)
	at java.base/java.net.AbstractPlainSocketImpl.doConnect(AbstractPlainSocketImpl.java:412)
	at java.base/java.net.AbstractPlainSocketImpl.connectToAddress(AbstractPlainSocketImpl.java:255)
	at java.base/java.net.AbstractPlainSocketImpl.connect(AbstractPlainSocketImpl.java:237)
	at java.base/java.net.SocksSocketImpl.connect(SocksSocketImpl.java:392)
	at java.base/java.net.Socket.connect(Socket.java:609)
	at org.apache.zookeeper.server.quorum.QuorumCnxManager.initiateConnection(QuorumCnxManager.java:384)
	at org.apache.zookeeper.server.quorum.QuorumCnxManager$QuorumConnectionReqThread.run(QuorumCnxManager.java:458)
	at java.base/java.util.concurrent.ThreadPoolExecutor.runWorker(ThreadPoolExecutor.java:1128)
	at java.base/java.util.concurrent.ThreadPoolExecutor$Worker.run(ThreadPoolExecutor.java:628)
	at java.base/java.lang.Thread.run(Thread.java:829)
2022-05-15 02:54:44,190 [myid:] - WARN  [QuorumConnectionThread-[myid=1]-3:o.a.z.s.q.QuorumCnxManager@401] - Cannot open channel to 2 at election address localhost/127.0.0.1:3889
java.net.ConnectException: Connection refused (Connection refused)
	at java.base/java.net.PlainSocketImpl.socketConnect(Native Method)
	at java.base/java.net.AbstractPlainSocketImpl.doConnect(AbstractPlainSocketImpl.java:412)
	at java.base/java.net.AbstractPlainSocketImpl.connectToAddress(AbstractPlainSocketImpl.java:255)
	at java.base/java.net.AbstractPlainSocketImpl.connect(AbstractPlainSocketImpl.java:237)
	at java.base/java.net.SocksSocketImpl.connect(SocksSocketImpl.java:392)
	at java.base/java.net.Socket.connect(Socket.java:609)
	at org.apache.zookeeper.server.quorum.QuorumCnxManager.initiateConnection(QuorumCnxManager.java:384)
	at org.apache.zookeeper.server.quorum.QuorumCnxManager$QuorumConnectionReqThread.run(QuorumCnxManager.java:458)
	at java.base/java.util.concurrent.ThreadPoolExecutor.runWorker(ThreadPoolExecutor.java:1128)
	at java.base/java.util.concurrent.ThreadPoolExecutor$Worker.run(ThreadPoolExecutor.java:628)
	at java.base/java.lang.Thread.run(Thread.java:829)
2022-05-15 02:54:44,190 [myid:] - INFO  [QuorumPeer[myid=1](plain=[0:0:0:0:0:0:0:0]:2181)(secure=disabled):o.a.z.s.q.FastLeaderElection@996] - Notification time out: 3200 ms
2022-05-15 02:54:44,192 [myid:] - WARN  [QuorumConnectionThread-[myid=1]-2:o.a.z.s.q.QuorumCnxManager@401] - Cannot open channel to 3 at election address localhost/127.0.0.1:3890
java.net.ConnectException: Connection refused (Connection refused)
	at java.base/java.net.PlainSocketImpl.socketConnect(Native Method)
	at java.base/java.net.AbstractPlainSocketImpl.doConnect(AbstractPlainSocketImpl.java:412)
	at java.base/java.net.AbstractPlainSocketImpl.connectToAddress(AbstractPlainSocketImpl.java:255)
	at java.base/java.net.AbstractPlainSocketImpl.connect(AbstractPlainSocketImpl.java:237)
	at java.base/java.net.SocksSocketImpl.connect(SocksSocketImpl.java:392)
	at java.base/java.net.Socket.connect(Socket.java:609)
	at org.apache.zookeeper.server.quorum.QuorumCnxManager.initiateConnection(QuorumCnxManager.java:384)
	at org.apache.zookeeper.server.quorum.QuorumCnxManager$QuorumConnectionReqThread.run(QuorumCnxManager.java:458)
	at java.base/java.util.concurrent.ThreadPoolExecutor.runWorker(ThreadPoolExecutor.java:1128)
	at java.base/java.util.concurrent.ThreadPoolExecutor$Worker.run(ThreadPoolExecutor.java:628)
	at java.base/java.lang.Thread.run(Thread.java:829)
2022-05-15 02:54:44,827 [myid:] - INFO  [NIOWorkerThread-1:o.a.z.s.c.FourLetterCommands@223] - The list of known four letter word commands is : [{1936881266=srvr, 1937006964=stat, 2003003491=wchc, 1685417328=dump, 1668445044=crst, 1936880500=srst, 1701738089=envi, 1668247142=conf, -720899=telnet close, 1751217000=hash, 2003003507=wchs, 2003003504=wchp, 1684632179=dirs, 1668247155=cons, 1835955314=mntr, 1769173615=isro, 1920298859=ruok, 1735683435=gtmk, 1937010027=stmk}]
2022-05-15 02:54:44,828 [myid:] - INFO  [NIOWorkerThread-1:o.a.z.s.c.FourLetterCommands@224] - The list of enabled four letter word commands is : [[conf, ruok, mntr, srvr]]
2022-05-15 02:54:44,828 [myid:] - INFO  [NIOWorkerThread-1:o.a.z.s.NIOServerCnxn@514] - Processing srvr command from /127.0.0.1:56014
2022-05-15 02:54:47,394 [myid:] - INFO  [QuorumPeer[myid=1](plain=[0:0:0:0:0:0:0:0]:2181)(secure=disabled):o.a.z.s.q.FastLeaderElection@996] - Notification time out: 6400 ms
2022-05-15 02:54:47,395 [myid:] - WARN  [QuorumConnectionThread-[myid=1]-2:o.a.z.s.q.QuorumCnxManager@401] - Cannot open channel to 2 at election address localhost/127.0.0.1:3889
java.net.ConnectException: Connection refused (Connection refused)
	at java.base/java.net.PlainSocketImpl.socketConnect(Native Method)
	at java.base/java.net.AbstractPlainSocketImpl.doConnect(AbstractPlainSocketImpl.java:412)
	at java.base/java.net.AbstractPlainSocketImpl.connectToAddress(AbstractPlainSocketImpl.java:255)
	at java.base/java.net.AbstractPlainSocketImpl.connect(AbstractPlainSocketImpl.java:237)
	at java.base/java.net.SocksSocketImpl.connect(SocksSocketImpl.java:392)
	at java.base/java.net.Socket.connect(Socket.java:609)
	at org.apache.zookeeper.server.quorum.QuorumCnxManager.initiateConnection(QuorumCnxManager.java:384)
	at org.apache.zookeeper.server.quorum.QuorumCnxManager$QuorumConnectionReqThread.run(QuorumCnxManager.java:458)
	at java.base/java.util.concurrent.ThreadPoolExecutor.runWorker(ThreadPoolExecutor.java:1128)
	at java.base/java.util.concurrent.ThreadPoolExecutor$Worker.run(ThreadPoolExecutor.java:628)
	at java.base/java.lang.Thread.run(Thread.java:829)
2022-05-15 02:54:47,395 [myid:] - WARN  [QuorumConnectionThread-[myid=1]-3:o.a.z.s.q.QuorumCnxManager@401] - Cannot open channel to 3 at election address localhost/127.0.0.1:3890
java.net.ConnectException: Connection refused (Connection refused)
	at java.base/java.net.PlainSocketImpl.socketConnect(Native Method)
	at java.base/java.net.AbstractPlainSocketImpl.doConnect(AbstractPlainSocketImpl.java:412)
	at java.base/java.net.AbstractPlainSocketImpl.connectToAddress(AbstractPlainSocketImpl.java:255)
	at java.base/java.net.AbstractPlainSocketImpl.connect(AbstractPlainSocketImpl.java:237)
	at java.base/java.net.SocksSocketImpl.connect(SocksSocketImpl.java:392)
	at java.base/java.net.Socket.connect(Socket.java:609)
	at org.apache.zookeeper.server.quorum.QuorumCnxManager.initiateConnection(QuorumCnxManager.java:384)
	at org.apache.zookeeper.server.quorum.QuorumCnxManager$QuorumConnectionReqThread.run(QuorumCnxManager.java:458)
	at java.base/java.util.concurrent.ThreadPoolExecutor.runWorker(ThreadPoolExecutor.java:1128)
	at java.base/java.util.concurrent.ThreadPoolExecutor$Worker.run(ThreadPoolExecutor.java:628)
	at java.base/java.lang.Thread.run(Thread.java:829)
2022-05-15 02:54:53,797 [myid:] - INFO  [QuorumPeer[myid=1](plain=[0:0:0:0:0:0:0:0]:2181)(secure=disabled):o.a.z.s.q.FastLeaderElection@996] - Notification time out: 12800 ms
2022-05-15 02:54:53,797 [myid:] - WARN  [QuorumConnectionThread-[myid=1]-3:o.a.z.s.q.QuorumCnxManager@401] - Cannot open channel to 2 at election address localhost/127.0.0.1:3889
java.net.ConnectException: Connection refused (Connection refused)
	at java.base/java.net.PlainSocketImpl.socketConnect(Native Method)
	at java.base/java.net.AbstractPlainSocketImpl.doConnect(AbstractPlainSocketImpl.java:412)
	at java.base/java.net.AbstractPlainSocketImpl.connectToAddress(AbstractPlainSocketImpl.java:255)
	at java.base/java.net.AbstractPlainSocketImpl.connect(AbstractPlainSocketImpl.java:237)
	at java.base/java.net.SocksSocketImpl.connect(SocksSocketImpl.java:392)
	at java.base/java.net.Socket.connect(Socket.java:609)
	at org.apache.zookeeper.server.quorum.QuorumCnxManager.initiateConnection(QuorumCnxManager.java:384)
	at org.apache.zookeeper.server.quorum.QuorumCnxManager$QuorumConnectionReqThread.run(QuorumCnxManager.java:458)
	at java.base/java.util.concurrent.ThreadPoolExecutor.runWorker(ThreadPoolExecutor.java:1128)
	at java.base/java.util.concurrent.ThreadPoolExecutor$Worker.run(ThreadPoolExecutor.java:628)
	at java.base/java.lang.Thread.run(Thread.java:829)
2022-05-15 02:54:53,798 [myid:] - WARN  [QuorumConnectionThread-[myid=1]-2:o.a.z.s.q.QuorumCnxManager@401] - Cannot open channel to 3 at election address localhost/127.0.0.1:3890
java.net.ConnectException: Connection refused (Connection refused)
	at java.base/java.net.PlainSocketImpl.socketConnect(Native Method)
	at java.base/java.net.AbstractPlainSocketImpl.doConnect(AbstractPlainSocketImpl.java:412)
	at java.base/java.net.AbstractPlainSocketImpl.connectToAddress(AbstractPlainSocketImpl.java:255)
	at java.base/java.net.AbstractPlainSocketImpl.connect(AbstractPlainSocketImpl.java:237)
	at java.base/java.net.SocksSocketImpl.connect(SocksSocketImpl.java:392)
	at java.base/java.net.Socket.connect(Socket.java:609)
	at org.apache.zookeeper.server.quorum.QuorumCnxManager.initiateConnection(QuorumCnxManager.java:384)
	at org.apache.zookeeper.server.quorum.QuorumCnxManager$QuorumConnectionReqThread.run(QuorumCnxManager.java:458)
	at java.base/java.util.concurrent.ThreadPoolExecutor.runWorker(ThreadPoolExecutor.java:1128)
	at java.base/java.util.concurrent.ThreadPoolExecutor$Worker.run(ThreadPoolExecutor.java:628)
	at java.base/java.lang.Thread.run(Thread.java:829)
2022-05-15 02:54:59,338 [myid:] - INFO  [ListenerHandler-localhost/127.0.0.1:3888:o.a.z.s.q.QuorumCnxManager$Listener$ListenerHandler@1076] - Received connection request from /127.0.0.1:59966
2022-05-15 02:54:59,353 [myid:] - INFO  [WorkerReceiver[myid=1]:o.a.z.s.q.FastLeaderElection$Messenger$WorkerReceiver@391] - Notification: my state:LOOKING; n.sid:2, n.state:LOOKING, n.leader:2, n.round:0x1, n.peerEpoch:0x1, n.zxid:0x1000000ea, message format version:0x2, n.config version:0x0
2022-05-15 02:54:59,358 [myid:] - INFO  [WorkerReceiver[myid=1]:o.a.z.s.q.FastLeaderElection$Messenger$WorkerReceiver@391] - Notification: my state:LOOKING; n.sid:2, n.state:LOOKING, n.leader:1, n.round:0x1, n.peerEpoch:0x2, n.zxid:0x1000000ea, message format version:0x2, n.config version:0x0
2022-05-15 02:54:59,560 [myid:] - INFO  [QuorumPeer[myid=1](plain=[0:0:0:0:0:0:0:0]:2181)(secure=disabled):o.a.z.s.q.QuorumPeer@903] - Peer state changed: leading
2022-05-15 02:54:59,561 [myid:] - INFO  [QuorumPeer[myid=1](plain=[0:0:0:0:0:0:0:0]:2181)(secure=disabled):o.a.z.s.q.QuorumPeer@1549] - LEADING
2022-05-15 02:54:59,571 [myid:] - INFO  [QuorumPeer[myid=1](plain=[0:0:0:0:0:0:0:0]:2181)(secure=disabled):o.a.z.s.q.LearnerMaster@47] - zookeeper.leader.maxConcurrentSnapSyncs = 10
2022-05-15 02:54:59,571 [myid:] - INFO  [QuorumPeer[myid=1](plain=[0:0:0:0:0:0:0:0]:2181)(secure=disabled):o.a.z.s.q.LearnerMaster@50] - zookeeper.leader.maxConcurrentDiffSyncs = 100
2022-05-15 02:54:59,572 [myid:] - INFO  [QuorumPeer[myid=1](plain=[0:0:0:0:0:0:0:0]:2181)(secure=disabled):o.a.z.s.q.Leader@87] - TCP NoDelay set to: true
2022-05-15 02:54:59,573 [myid:] - INFO  [QuorumPeer[myid=1](plain=[0:0:0:0:0:0:0:0]:2181)(secure=disabled):o.a.z.s.q.Leader@108] - zookeeper.leader.ackLoggingFrequency = 1000
2022-05-15 02:54:59,573 [myid:] - INFO  [QuorumPeer[myid=1](plain=[0:0:0:0:0:0:0:0]:2181)(secure=disabled):o.a.z.s.q.Leader@1369] - zookeeper.leader.maxTimeToWaitForEpoch = -1ms
2022-05-15 02:54:59,581 [myid:] - INFO  [QuorumPeer[myid=1](plain=[0:0:0:0:0:0:0:0]:2181)(secure=disabled):o.a.z.s.BlueThrottle@141] - Weighed connection throttling is disabled
2022-05-15 02:54:59,584 [myid:] - INFO  [QuorumPeer[myid=1](plain=[0:0:0:0:0:0:0:0]:2181)(secure=disabled):o.a.z.s.ZooKeeperServer@1297] - minSessionTimeout set to 4000 ms
2022-05-15 02:54:59,584 [myid:] - INFO  [QuorumPeer[myid=1](plain=[0:0:0:0:0:0:0:0]:2181)(secure=disabled):o.a.z.s.ZooKeeperServer@1306] - maxSessionTimeout set to 40000 ms
2022-05-15 02:54:59,586 [myid:] - INFO  [QuorumPeer[myid=1](plain=[0:0:0:0:0:0:0:0]:2181)(secure=disabled):o.a.z.s.ResponseCache@45] - getData response cache size is initialized with value 400.
2022-05-15 02:54:59,587 [myid:] - INFO  [QuorumPeer[myid=1](plain=[0:0:0:0:0:0:0:0]:2181)(secure=disabled):o.a.z.s.ResponseCache@45] - getChildren response cache size is initialized with value 400.
2022-05-15 02:54:59,591 [myid:] - INFO  [QuorumPeer[myid=1](plain=[0:0:0:0:0:0:0:0]:2181)(secure=disabled):o.a.z.s.u.RequestPathMetricsCollector@109] - zookeeper.pathStats.slotCapacity = 60
2022-05-15 02:54:59,592 [myid:] - INFO  [QuorumPeer[myid=1](plain=[0:0:0:0:0:0:0:0]:2181)(secure=disabled):o.a.z.s.u.RequestPathMetricsCollector@110] - zookeeper.pathStats.slotDuration = 15
2022-05-15 02:54:59,593 [myid:] - INFO  [QuorumPeer[myid=1](plain=[0:0:0:0:0:0:0:0]:2181)(secure=disabled):o.a.z.s.u.RequestPathMetricsCollector@111] - zookeeper.pathStats.maxDepth = 6
2022-05-15 02:54:59,593 [myid:] - INFO  [QuorumPeer[myid=1](plain=[0:0:0:0:0:0:0:0]:2181)(secure=disabled):o.a.z.s.u.RequestPathMetricsCollector@112] - zookeeper.pathStats.initialDelay = 5
2022-05-15 02:54:59,593 [myid:] - INFO  [QuorumPeer[myid=1](plain=[0:0:0:0:0:0:0:0]:2181)(secure=disabled):o.a.z.s.u.RequestPathMetricsCollector@113] - zookeeper.pathStats.delay = 5
2022-05-15 02:54:59,593 [myid:] - INFO  [QuorumPeer[myid=1](plain=[0:0:0:0:0:0:0:0]:2181)(secure=disabled):o.a.z.s.u.RequestPathMetricsCollector@114] - zookeeper.pathStats.enabled = false
2022-05-15 02:54:59,596 [myid:] - INFO  [QuorumPeer[myid=1](plain=[0:0:0:0:0:0:0:0]:2181)(secure=disabled):o.a.z.s.ZooKeeperServer@1533] - The max bytes for all large requests are set to 104857600
2022-05-15 02:54:59,597 [myid:] - INFO  [QuorumPeer[myid=1](plain=[0:0:0:0:0:0:0:0]:2181)(secure=disabled):o.a.z.s.ZooKeeperServer@1547] - The large request threshold is set to -1
2022-05-15 02:54:59,599 [myid:] - INFO  [QuorumPeer[myid=1](plain=[0:0:0:0:0:0:0:0]:2181)(secure=disabled):o.a.z.s.AuthenticationHelper@66] - zookeeper.enforce.auth.enabled = false
2022-05-15 02:54:59,600 [myid:] - INFO  [QuorumPeer[myid=1](plain=[0:0:0:0:0:0:0:0]:2181)(secure=disabled):o.a.z.s.AuthenticationHelper@67] - zookeeper.enforce.auth.schemes = []
2022-05-15 02:54:59,601 [myid:] - INFO  [QuorumPeer[myid=1](plain=[0:0:0:0:0:0:0:0]:2181)(secure=disabled):o.a.z.s.ZooKeeperServer@365] - Created server with tickTime 2000 ms minSessionTimeout 4000 ms maxSessionTimeout 40000 ms clientPortListenBacklog -1 datadir /tmp/zookeeper_1/version-2 snapdir /tmp/zookeeper_1/version-2
2022-05-15 02:54:59,607 [myid:] - INFO  [QuorumPeer[myid=1](plain=[0:0:0:0:0:0:0:0]:2181)(secure=disabled):o.a.z.s.q.Leader@588] - LEADING - LEADER ELECTION TOOK - 18441 MS
2022-05-15 02:54:59,618 [myid:] - INFO  [QuorumPeer[myid=1](plain=[0:0:0:0:0:0:0:0]:2181)(secure=disabled):o.a.z.s.q.QuorumPeer@917] - Peer state changed: leading - discovery
2022-05-15 02:54:59,622 [myid:] - INFO  [QuorumPeer[myid=1](plain=[0:0:0:0:0:0:0:0]:2181)(secure=disabled):o.a.z.s.p.FileTxnSnapLog@479] - Snapshotting: 0x1000000ea to /tmp/zookeeper_1/version-2/snapshot.1000000ea
2022-05-15 02:54:59,641 [myid:] - INFO  [QuorumPeer[myid=1](plain=[0:0:0:0:0:0:0:0]:2181)(secure=disabled):o.a.z.s.ZooKeeperServer@547] - Snapshot taken in 20 ms
2022-05-15 02:54:59,657 [myid:] - INFO  [LearnerCnxAcceptorHandler-localhost/127.0.0.1:2888:o.a.z.s.q.LearnerHandler@75] - zookeeper.leader.closeSocketAsync = false
2022-05-15 02:54:59,665 [myid:] - INFO  [LearnerHandler-/127.0.0.1:45100:o.a.z.s.q.LearnerHandler@510] - Follower sid: 2 : info : localhost:2889:3889:participant
2022-05-15 02:54:59,692 [myid:] - INFO  [QuorumPeer[myid=1](plain=[0:0:0:0:0:0:0:0]:2181)(secure=disabled):o.a.z.s.q.QuorumPeer@1892] - Dynamic reconfig is disabled, we don't store the last seen config.
2022-05-15 02:54:59,695 [myid:] - INFO  [LearnerHandler-/127.0.0.1:45100:o.a.z.s.ZKDatabase@345] - On disk txn sync enabled with snapshotSizeFactor 0.33
2022-05-15 02:54:59,696 [myid:] - INFO  [LearnerHandler-/127.0.0.1:45100:o.a.z.s.q.LearnerHandler@805] - Synchronizing with Learner sid: 2 maxCommittedLog=0x1000000ea minCommittedLog=0x100000001 lastProcessedZxid=0x1000000ea peerLastZxid=0x1000000ea
2022-05-15 02:54:59,697 [myid:] - INFO  [LearnerHandler-/127.0.0.1:45100:o.a.z.s.q.LearnerHandler@850] - Sending DIFF zxid=0x1000000ea for peer sid: 2
2022-05-15 02:54:59,702 [myid:] - INFO  [QuorumPeer[myid=1](plain=[0:0:0:0:0:0:0:0]:2181)(secure=disabled):o.a.z.s.q.QuorumPeer@917] - Peer state changed: leading - synchronization
2022-05-15 02:54:59,773 [myid:] - INFO  [QuorumPeer[myid=1](plain=[0:0:0:0:0:0:0:0]:2181)(secure=disabled):o.a.z.s.q.Leader@1519] - Have quorum of supporters, sids: [[1, 2]]; starting up and setting last processed zxid: 0x300000000
2022-05-15 02:54:59,773 [myid:] - INFO  [QuorumPeer[myid=1](plain=[0:0:0:0:0:0:0:0]:2181)(secure=disabled):o.a.z.s.q.Leader@1541] - Dynamic reconfig feature is disabled, skip designatedLeader calculation and reconfig processing.
2022-05-15 02:54:59,791 [myid:] - INFO  [QuorumPeer[myid=1](plain=[0:0:0:0:0:0:0:0]:2181)(secure=disabled):o.a.z.s.q.CommitProcessor@491] - Configuring CommitProcessor with readBatchSize -1 commitBatchSize 1
2022-05-15 02:54:59,792 [myid:] - INFO  [QuorumPeer[myid=1](plain=[0:0:0:0:0:0:0:0]:2181)(secure=disabled):o.a.z.s.q.CommitProcessor@452] - Configuring CommitProcessor with 4 worker threads.
2022-05-15 02:54:59,797 [myid:] - INFO  [QuorumPeer[myid=1](plain=[0:0:0:0:0:0:0:0]:2181)(secure=disabled):o.a.z.s.q.ProposalRequestProcessor@57] - zookeeper.forward_learner_requests_to_commit_processor_disabled = false
2022-05-15 02:54:59,807 [myid:] - INFO  [ProcessThread(sid:1 cport:-1)::o.a.z.s.PrepRequestProcessor@138] - PrepRequestProcessor (sid:1) started, reconfigEnabled=false
2022-05-15 02:54:59,810 [myid:] - INFO  [QuorumPeer[myid=1](plain=[0:0:0:0:0:0:0:0]:2181)(secure=disabled):o.a.z.s.ContainerManager@84] - Using checkIntervalMs=60000 maxPerMinute=10000 maxNeverUsedIntervalMs=0
2022-05-15 02:54:59,811 [myid:] - INFO  [QuorumPeer[myid=1](plain=[0:0:0:0:0:0:0:0]:2181)(secure=disabled):o.a.z.s.RequestThrottler@75] - zookeeper.request_throttler.shutdownTimeout = 10000 ms
2022-05-15 02:54:59,841 [myid:] - INFO  [QuorumPeer[myid=1](plain=[0:0:0:0:0:0:0:0]:2181)(secure=disabled):o.a.z.s.q.QuorumPeer@917] - Peer state changed: leading - broadcast
2022-05-15 02:55:12,678 [myid:] - INFO  [ListenerHandler-localhost/127.0.0.1:3888:o.a.z.s.q.QuorumCnxManager$Listener$ListenerHandler@1076] - Received connection request from /127.0.0.1:59968
2022-05-15 02:55:12,690 [myid:] - INFO  [WorkerReceiver[myid=1]:o.a.z.s.q.FastLeaderElection$Messenger$WorkerReceiver@391] - Notification: my state:LEADING; n.sid:3, n.state:LOOKING, n.leader:3, n.round:0x1, n.peerEpoch:0x2, n.zxid:0x1000000ea, message format version:0x2, n.config version:0x0
2022-05-15 02:55:12,718 [myid:] - INFO  [LearnerHandler-/127.0.0.1:45102:o.a.z.s.q.LearnerHandler@510] - Follower sid: 3 : info : localhost:2890:3890:participant
2022-05-15 02:55:12,731 [myid:] - INFO  [LearnerHandler-/127.0.0.1:45102:o.a.z.s.ZKDatabase@345] - On disk txn sync enabled with snapshotSizeFactor 0.33
2022-05-15 02:55:12,731 [myid:] - INFO  [LearnerHandler-/127.0.0.1:45102:o.a.z.s.q.LearnerHandler@805] - Synchronizing with Learner sid: 3 maxCommittedLog=0x1000000ea minCommittedLog=0x100000001 lastProcessedZxid=0x300000000 peerLastZxid=0x1000000ea
2022-05-15 02:55:12,731 [myid:] - INFO  [LearnerHandler-/127.0.0.1:45102:o.a.z.s.q.LearnerHandler@869] - Using committedLog for peer sid: 3
2022-05-15 02:55:12,731 [myid:] - INFO  [LearnerHandler-/127.0.0.1:45102:o.a.z.s.q.LearnerHandler@977] - Sending DIFF zxid=0x1000000ea  for peer sid: 3
2022-05-15 02:55:31,503 [myid:] - INFO  [SessionTracker:o.a.z.s.ZooKeeperServer@632] - Expiring session 0x2000170b5e60000, timeout of 30000ms exceeded
2022-05-15 02:55:31,504 [myid:] - INFO  [SessionTracker:o.a.z.s.ZooKeeperServer@632] - Expiring session 0x1000170b5cb0001, timeout of 30000ms exceeded
2022-05-15 02:55:31,504 [myid:] - INFO  [RequestThrottler:o.a.z.s.q.QuorumZooKeeperServer@163] - Submitting global closeSession request for session 0x2000170b5e60000
2022-05-15 02:55:31,505 [myid:] - INFO  [SessionTracker:o.a.z.s.ZooKeeperServer@632] - Expiring session 0x3000170d88e0001, timeout of 30000ms exceeded
2022-05-15 02:55:31,505 [myid:] - INFO  [RequestThrottler:o.a.z.s.q.QuorumZooKeeperServer@163] - Submitting global closeSession request for session 0x1000170b5cb0001
2022-05-15 02:55:31,505 [myid:] - INFO  [RequestThrottler:o.a.z.s.q.QuorumZooKeeperServer@163] - Submitting global closeSession request for session 0x3000170d88e0001
2022-05-15 02:55:31,517 [myid:] - INFO  [SyncThread:1:o.a.z.s.p.FileTxnLog@285] - Creating new log file: log.300000001
2022-05-15 02:56:28,271 [myid:] - INFO  [CommitProcessor:1:o.a.z.s.q.LeaderSessionTracker@104] - Committing global session 0x100018a69d40000
2022-05-15 02:56:28,316 [myid:] - INFO  [RequestThrottler:o.a.z.s.q.QuorumZooKeeperServer@163] - Submitting global closeSession request for session 0x100018a69d40000
2022-05-15 02:56:29,739 [myid:] - INFO  [CommitProcessor:1:o.a.z.s.q.LeaderSessionTracker@104] - Committing global session 0x200018a69960000
2022-05-15 02:56:53,397 [myid:] - INFO  [CommitProcessor:1:o.a.z.s.q.LeaderSessionTracker@104] - Committing global session 0x100018a69d40001
2022-05-15 02:56:53,423 [myid:] - INFO  [RequestThrottler:o.a.z.s.q.QuorumZooKeeperServer@163] - Submitting global closeSession request for session 0x100018a69d40001
2022-05-15 02:56:54,981 [myid:] - INFO  [CommitProcessor:1:o.a.z.s.q.LeaderSessionTracker@104] - Committing global session 0x100018a69d40002
2022-05-15 02:58:28,894 [myid:] - INFO  [CommitProcessor:1:o.a.z.s.q.LeaderSessionTracker@104] - Committing global session 0x200018a69960001
2022-05-15 02:58:30,470 [myid:] - INFO  [CommitProcessor:1:o.a.z.s.q.LeaderSessionTracker@104] - Committing global session 0x300018a9c720000
2022-05-15 02:58:58,076 [myid:] - INFO  [NIOWorkerThread-5:o.a.z.s.NIOServerCnxn@514] - Processing ruok command from /127.0.0.1:56022
2022-05-15 02:58:58,079 [myid:] - INFO  [NIOWorkerThread-6:o.a.z.s.NIOServerCnxn@514] - Processing mntr command from /127.0.0.1:56024
2022-05-15 02:58:58,125 [myid:] - INFO  [NIOWorkerThread-7:o.a.z.s.NIOServerCnxn@514] - Processing conf command from /127.0.0.1:56026
2022-05-15 02:59:23,213 [myid:] - INFO  [RequestThrottler:o.a.z.s.q.QuorumZooKeeperServer@163] - Submitting global closeSession request for session 0x100018a69d40002
2022-05-15 02:59:25,257 [myid:] - ERROR [LearnerHandler-/127.0.0.1:45102:o.a.z.s.q.LearnerHandler@719] - Unexpected exception in LearnerHandler: 
java.io.EOFException: null
	at java.base/java.io.DataInputStream.readInt(DataInputStream.java:397)
	at org.apache.jute.BinaryInputArchive.readInt(BinaryInputArchive.java:96)
	at org.apache.zookeeper.server.quorum.QuorumPacket.deserialize(QuorumPacket.java:86)
	at org.apache.jute.BinaryInputArchive.readRecord(BinaryInputArchive.java:134)
	at org.apache.zookeeper.server.quorum.LearnerHandler.run(LearnerHandler.java:656)
2022-05-15 02:59:25,258 [myid:] - INFO  [LearnerHandler-/127.0.0.1:45102:o.a.z.s.q.LearnerHandler@1159] - Synchronously closing socket to learner 3.
2022-05-15 02:59:25,258 [myid:] - WARN  [RecvWorker:3:o.a.z.s.q.QuorumCnxManager$RecvWorker@1402] - Connection broken for id 3, my id = 1
java.io.EOFException: null
	at java.base/java.io.DataInputStream.readInt(DataInputStream.java:397)
	at org.apache.zookeeper.server.quorum.QuorumCnxManager$RecvWorker.run(QuorumCnxManager.java:1390)
2022-05-15 02:59:25,259 [myid:] - WARN  [RecvWorker:3:o.a.z.s.q.QuorumCnxManager$RecvWorker@1408] - Interrupting SendWorker thread from RecvWorker. sid: 3. myId: 1
2022-05-15 02:59:25,259 [myid:] - WARN  [LearnerHandler-/127.0.0.1:45102:o.a.z.s.q.LearnerHandler@735] - ******* GOODBYE /127.0.0.1:45102 ********
2022-05-15 02:59:25,262 [myid:] - WARN  [SendWorker:3:o.a.z.s.q.QuorumCnxManager$SendWorker@1288] - Interrupted while waiting for message on queue
java.lang.InterruptedException: null
	at java.base/java.util.concurrent.locks.AbstractQueuedSynchronizer$ConditionObject.reportInterruptAfterWait(AbstractQueuedSynchronizer.java:2056)
	at java.base/java.util.concurrent.locks.AbstractQueuedSynchronizer$ConditionObject.awaitNanos(AbstractQueuedSynchronizer.java:2133)
	at org.apache.zookeeper.util.CircularBlockingQueue.poll(CircularBlockingQueue.java:105)
	at org.apache.zookeeper.server.quorum.QuorumCnxManager.pollSendQueue(QuorumCnxManager.java:1453)
	at org.apache.zookeeper.server.quorum.QuorumCnxManager.access$900(QuorumCnxManager.java:99)
	at org.apache.zookeeper.server.quorum.QuorumCnxManager$SendWorker.run(QuorumCnxManager.java:1277)
2022-05-15 02:59:25,264 [myid:] - WARN  [SendWorker:3:o.a.z.s.q.QuorumCnxManager$SendWorker@1300] - Send worker leaving thread id 3 my id = 1
2022-05-15 02:59:31,997 [myid:] - WARN  [RecvWorker:2:o.a.z.s.q.QuorumCnxManager$RecvWorker@1402] - Connection broken for id 2, my id = 1
java.io.EOFException: null
	at java.base/java.io.DataInputStream.readInt(DataInputStream.java:397)
	at org.apache.zookeeper.server.quorum.QuorumCnxManager$RecvWorker.run(QuorumCnxManager.java:1390)
2022-05-15 02:59:31,997 [myid:] - ERROR [LearnerHandler-/127.0.0.1:45100:o.a.z.s.q.LearnerHandler@719] - Unexpected exception in LearnerHandler: 
java.io.EOFException: null
	at java.base/java.io.DataInputStream.readInt(DataInputStream.java:397)
	at org.apache.jute.BinaryInputArchive.readInt(BinaryInputArchive.java:96)
	at org.apache.zookeeper.server.quorum.QuorumPacket.deserialize(QuorumPacket.java:86)
	at org.apache.jute.BinaryInputArchive.readRecord(BinaryInputArchive.java:134)
	at org.apache.zookeeper.server.quorum.LearnerHandler.run(LearnerHandler.java:656)
2022-05-15 02:59:31,998 [myid:] - WARN  [RecvWorker:2:o.a.z.s.q.QuorumCnxManager$RecvWorker@1408] - Interrupting SendWorker thread from RecvWorker. sid: 2. myId: 1
2022-05-15 02:59:31,999 [myid:] - INFO  [LearnerHandler-/127.0.0.1:45100:o.a.z.s.q.LearnerHandler@1159] - Synchronously closing socket to learner 2.
2022-05-15 02:59:32,000 [myid:] - WARN  [LearnerHandler-/127.0.0.1:45100:o.a.z.s.q.LearnerHandler@735] - ******* GOODBYE /127.0.0.1:45100 ********
2022-05-15 02:59:32,000 [myid:] - WARN  [SendWorker:2:o.a.z.s.q.QuorumCnxManager$SendWorker@1288] - Interrupted while waiting for message on queue
java.lang.InterruptedException: null
	at java.base/java.util.concurrent.locks.AbstractQueuedSynchronizer$ConditionObject.reportInterruptAfterWait(AbstractQueuedSynchronizer.java:2056)
	at java.base/java.util.concurrent.locks.AbstractQueuedSynchronizer$ConditionObject.awaitNanos(AbstractQueuedSynchronizer.java:2133)
	at org.apache.zookeeper.util.CircularBlockingQueue.poll(CircularBlockingQueue.java:105)
	at org.apache.zookeeper.server.quorum.QuorumCnxManager.pollSendQueue(QuorumCnxManager.java:1453)
	at org.apache.zookeeper.server.quorum.QuorumCnxManager.access$900(QuorumCnxManager.java:99)
	at org.apache.zookeeper.server.quorum.QuorumCnxManager$SendWorker.run(QuorumCnxManager.java:1277)
2022-05-15 02:59:32,001 [myid:] - WARN  [SendWorker:2:o.a.z.s.q.QuorumCnxManager$SendWorker@1300] - Send worker leaving thread id 2 my id = 1
2022-05-15 02:59:33,945 [myid:] - INFO  [QuorumPeer[myid=1](plain=[0:0:0:0:0:0:0:0]:2181)(secure=disabled):o.a.z.s.q.Leader@813] - Shutting down
2022-05-15 02:59:33,945 [myid:] - INFO  [QuorumPeer[myid=1](plain=[0:0:0:0:0:0:0:0]:2181)(secure=disabled):o.a.z.s.q.Leader@819] - Shutdown called. For the reason Not sufficient followers synced, only synced with sids: [ [1] ]
2022-05-15 02:59:33,946 [myid:] - INFO  [QuorumPeer[myid=1](plain=[0:0:0:0:0:0:0:0]:2181)(secure=disabled):o.a.z.s.ZooKeeperServer@839] - shutting down
2022-05-15 02:59:33,947 [myid:] - WARN  [LearnerCnxAcceptorHandler-localhost/127.0.0.1:2888:o.a.z.s.q.Leader$LearnerCnxAcceptor$LearnerCnxAcceptorHandler@530] - Exception while shutting down acceptor.
java.net.SocketException: Socket closed
	at java.base/java.net.PlainSocketImpl.socketAccept(Native Method)
	at java.base/java.net.AbstractPlainSocketImpl.accept(AbstractPlainSocketImpl.java:474)
	at java.base/java.net.ServerSocket.implAccept(ServerSocket.java:565)
	at java.base/java.net.ServerSocket.accept(ServerSocket.java:533)
	at org.apache.zookeeper.server.quorum.Leader$LearnerCnxAcceptor$LearnerCnxAcceptorHandler.acceptConnections(Leader.java:517)
	at org.apache.zookeeper.server.quorum.Leader$LearnerCnxAcceptor$LearnerCnxAcceptorHandler.run(Leader.java:500)
	at java.base/java.util.concurrent.Executors$RunnableAdapter.call(Executors.java:515)
	at java.base/java.util.concurrent.FutureTask.run(FutureTask.java:264)
	at java.base/java.util.concurrent.ThreadPoolExecutor.runWorker(ThreadPoolExecutor.java:1128)
	at java.base/java.util.concurrent.ThreadPoolExecutor$Worker.run(ThreadPoolExecutor.java:628)
	at java.base/java.lang.Thread.run(Thread.java:829)
2022-05-15 02:59:33,947 [myid:] - INFO  [QuorumPeer[myid=1](plain=[0:0:0:0:0:0:0:0]:2181)(secure=disabled):o.a.z.s.RequestThrottler@258] - Shutting down
2022-05-15 02:59:33,948 [myid:] - INFO  [RequestThrottler:o.a.z.s.RequestThrottler@219] - Draining request throttler queue
2022-05-15 02:59:33,948 [myid:] - INFO  [RequestThrottler:o.a.z.s.RequestThrottler@195] - RequestThrottler shutdown. Dropped 0 requests
2022-05-15 02:59:33,949 [myid:] - INFO  [QuorumPeer[myid=1](plain=[0:0:0:0:0:0:0:0]:2181)(secure=disabled):o.a.z.s.SessionTrackerImpl@253] - Shutting down
2022-05-15 02:59:33,949 [myid:] - INFO  [QuorumPeer[myid=1](plain=[0:0:0:0:0:0:0:0]:2181)(secure=disabled):o.a.z.s.q.LeaderRequestProcessor@79] - Shutting down
2022-05-15 02:59:33,949 [myid:] - INFO  [QuorumPeer[myid=1](plain=[0:0:0:0:0:0:0:0]:2181)(secure=disabled):o.a.z.s.PrepRequestProcessor@1072] - Shutting down
2022-05-15 02:59:33,950 [myid:] - INFO  [QuorumPeer[myid=1](plain=[0:0:0:0:0:0:0:0]:2181)(secure=disabled):o.a.z.s.q.ProposalRequestProcessor@95] - Shutting down
2022-05-15 02:59:33,950 [myid:] - INFO  [ProcessThread(sid:1 cport:-1)::o.a.z.s.PrepRequestProcessor@162] - PrepRequestProcessor exited loop!
2022-05-15 02:59:33,950 [myid:] - INFO  [QuorumPeer[myid=1](plain=[0:0:0:0:0:0:0:0]:2181)(secure=disabled):o.a.z.s.q.CommitProcessor@632] - Shutting down
2022-05-15 02:59:33,951 [myid:] - INFO  [CommitProcessor:1:o.a.z.s.q.CommitProcessor@420] - CommitProcessor exited loop!
2022-05-15 02:59:33,952 [myid:] - INFO  [QuorumPeer[myid=1](plain=[0:0:0:0:0:0:0:0]:2181)(secure=disabled):o.a.z.s.q.Leader$ToBeAppliedRequestProcessor@1127] - Shutting down
2022-05-15 02:59:33,953 [myid:] - INFO  [QuorumPeer[myid=1](plain=[0:0:0:0:0:0:0:0]:2181)(secure=disabled):o.a.z.s.FinalRequestProcessor@684] - shutdown of request processor complete
2022-05-15 02:59:33,953 [myid:] - INFO  [QuorumPeer[myid=1](plain=[0:0:0:0:0:0:0:0]:2181)(secure=disabled):o.a.z.s.SyncRequestProcessor@255] - Shutting down
2022-05-15 02:59:33,953 [myid:] - INFO  [SyncThread:1:o.a.z.s.SyncRequestProcessor@224] - SyncRequestProcessor exited!
2022-05-15 02:59:33,956 [myid:] - INFO  [QuorumPeer[myid=1](plain=[0:0:0:0:0:0:0:0]:2181)(secure=disabled):o.a.z.s.q.QuorumPeer@917] - Peer state changed: looking
2022-05-15 02:59:33,957 [myid:] - WARN  [QuorumPeer[myid=1](plain=[0:0:0:0:0:0:0:0]:2181)(secure=disabled):o.a.z.s.q.QuorumPeer@1585] - PeerState set to LOOKING
2022-05-15 02:59:33,957 [myid:] - INFO  [QuorumPeer[myid=1](plain=[0:0:0:0:0:0:0:0]:2181)(secure=disabled):o.a.z.s.q.QuorumPeer@1455] - LOOKING
2022-05-15 02:59:33,958 [myid:] - INFO  [QuorumPeer[myid=1](plain=[0:0:0:0:0:0:0:0]:2181)(secure=disabled):o.a.z.s.q.FastLeaderElection@946] - New election. My id = 1, proposed zxid=0x300000027
2022-05-15 02:59:33,961 [myid:] - INFO  [WorkerReceiver[myid=1]:o.a.z.s.q.FastLeaderElection$Messenger$WorkerReceiver@391] - Notification: my state:LOOKING; n.sid:1, n.state:LOOKING, n.leader:1, n.round:0x2, n.peerEpoch:0x3, n.zxid:0x300000027, message format version:0x2, n.config version:0x0
2022-05-15 02:59:33,964 [myid:] - WARN  [QuorumConnectionThread-[myid=1]-4:o.a.z.s.q.QuorumCnxManager@401] - Cannot open channel to 2 at election address localhost/127.0.0.1:3889
java.net.ConnectException: Connection refused (Connection refused)
	at java.base/java.net.PlainSocketImpl.socketConnect(Native Method)
	at java.base/java.net.AbstractPlainSocketImpl.doConnect(AbstractPlainSocketImpl.java:412)
	at java.base/java.net.AbstractPlainSocketImpl.connectToAddress(AbstractPlainSocketImpl.java:255)
	at java.base/java.net.AbstractPlainSocketImpl.connect(AbstractPlainSocketImpl.java:237)
	at java.base/java.net.SocksSocketImpl.connect(SocksSocketImpl.java:392)
	at java.base/java.net.Socket.connect(Socket.java:609)
	at org.apache.zookeeper.server.quorum.QuorumCnxManager.initiateConnection(QuorumCnxManager.java:384)
	at org.apache.zookeeper.server.quorum.QuorumCnxManager$QuorumConnectionReqThread.run(QuorumCnxManager.java:458)
	at java.base/java.util.concurrent.ThreadPoolExecutor.runWorker(ThreadPoolExecutor.java:1128)
	at java.base/java.util.concurrent.ThreadPoolExecutor$Worker.run(ThreadPoolExecutor.java:628)
	at java.base/java.lang.Thread.run(Thread.java:829)
2022-05-15 02:59:33,982 [myid:] - WARN  [QuorumConnectionThread-[myid=1]-5:o.a.z.s.q.QuorumCnxManager@401] - Cannot open channel to 3 at election address localhost/127.0.0.1:3890
java.net.ConnectException: Connection refused (Connection refused)
	at java.base/java.net.PlainSocketImpl.socketConnect(Native Method)
	at java.base/java.net.AbstractPlainSocketImpl.doConnect(AbstractPlainSocketImpl.java:412)
	at java.base/java.net.AbstractPlainSocketImpl.connectToAddress(AbstractPlainSocketImpl.java:255)
	at java.base/java.net.AbstractPlainSocketImpl.connect(AbstractPlainSocketImpl.java:237)
	at java.base/java.net.SocksSocketImpl.connect(SocksSocketImpl.java:392)
	at java.base/java.net.Socket.connect(Socket.java:609)
	at org.apache.zookeeper.server.quorum.QuorumCnxManager.initiateConnection(QuorumCnxManager.java:384)
	at org.apache.zookeeper.server.quorum.QuorumCnxManager$QuorumConnectionReqThread.run(QuorumCnxManager.java:458)
	at java.base/java.util.concurrent.ThreadPoolExecutor.runWorker(ThreadPoolExecutor.java:1128)
	at java.base/java.util.concurrent.ThreadPoolExecutor$Worker.run(ThreadPoolExecutor.java:628)
	at java.base/java.lang.Thread.run(Thread.java:829)
2022-05-15 02:59:34,170 [myid:] - INFO  [QuorumPeer[myid=1](plain=[0:0:0:0:0:0:0:0]:2181)(secure=disabled):o.a.z.s.q.FastLeaderElection@996] - Notification time out: 400 ms
2022-05-15 02:59:34,171 [myid:] - WARN  [QuorumConnectionThread-[myid=1]-6:o.a.z.s.q.QuorumCnxManager@401] - Cannot open channel to 2 at election address localhost/127.0.0.1:3889
java.net.ConnectException: Connection refused (Connection refused)
	at java.base/java.net.PlainSocketImpl.socketConnect(Native Method)
	at java.base/java.net.AbstractPlainSocketImpl.doConnect(AbstractPlainSocketImpl.java:412)
	at java.base/java.net.AbstractPlainSocketImpl.connectToAddress(AbstractPlainSocketImpl.java:255)
	at java.base/java.net.AbstractPlainSocketImpl.connect(AbstractPlainSocketImpl.java:237)
	at java.base/java.net.SocksSocketImpl.connect(SocksSocketImpl.java:392)
	at java.base/java.net.Socket.connect(Socket.java:609)
	at org.apache.zookeeper.server.quorum.QuorumCnxManager.initiateConnection(QuorumCnxManager.java:384)
	at org.apache.zookeeper.server.quorum.QuorumCnxManager$QuorumConnectionReqThread.run(QuorumCnxManager.java:458)
	at java.base/java.util.concurrent.ThreadPoolExecutor.runWorker(ThreadPoolExecutor.java:1128)
	at java.base/java.util.concurrent.ThreadPoolExecutor$Worker.run(ThreadPoolExecutor.java:628)
	at java.base/java.lang.Thread.run(Thread.java:829)
2022-05-15 02:59:34,171 [myid:] - WARN  [QuorumConnectionThread-[myid=1]-5:o.a.z.s.q.QuorumCnxManager@401] - Cannot open channel to 3 at election address localhost/127.0.0.1:3890
java.net.ConnectException: Connection refused (Connection refused)
	at java.base/java.net.PlainSocketImpl.socketConnect(Native Method)
	at java.base/java.net.AbstractPlainSocketImpl.doConnect(AbstractPlainSocketImpl.java:412)
	at java.base/java.net.AbstractPlainSocketImpl.connectToAddress(AbstractPlainSocketImpl.java:255)
	at java.base/java.net.AbstractPlainSocketImpl.connect(AbstractPlainSocketImpl.java:237)
	at java.base/java.net.SocksSocketImpl.connect(SocksSocketImpl.java:392)
	at java.base/java.net.Socket.connect(Socket.java:609)
	at org.apache.zookeeper.server.quorum.QuorumCnxManager.initiateConnection(QuorumCnxManager.java:384)
	at org.apache.zookeeper.server.quorum.QuorumCnxManager$QuorumConnectionReqThread.run(QuorumCnxManager.java:458)
	at java.base/java.util.concurrent.ThreadPoolExecutor.runWorker(ThreadPoolExecutor.java:1128)
	at java.base/java.util.concurrent.ThreadPoolExecutor$Worker.run(ThreadPoolExecutor.java:628)
	at java.base/java.lang.Thread.run(Thread.java:829)
2022-05-15 02:59:34,573 [myid:] - INFO  [QuorumPeer[myid=1](plain=[0:0:0:0:0:0:0:0]:2181)(secure=disabled):o.a.z.s.q.FastLeaderElection@996] - Notification time out: 800 ms
2022-05-15 02:59:34,573 [myid:] - WARN  [QuorumConnectionThread-[myid=1]-5:o.a.z.s.q.QuorumCnxManager@401] - Cannot open channel to 2 at election address localhost/127.0.0.1:3889
java.net.ConnectException: Connection refused (Connection refused)
	at java.base/java.net.PlainSocketImpl.socketConnect(Native Method)
	at java.base/java.net.AbstractPlainSocketImpl.doConnect(AbstractPlainSocketImpl.java:412)
	at java.base/java.net.AbstractPlainSocketImpl.connectToAddress(AbstractPlainSocketImpl.java:255)
	at java.base/java.net.AbstractPlainSocketImpl.connect(AbstractPlainSocketImpl.java:237)
	at java.base/java.net.SocksSocketImpl.connect(SocksSocketImpl.java:392)
	at java.base/java.net.Socket.connect(Socket.java:609)
	at org.apache.zookeeper.server.quorum.QuorumCnxManager.initiateConnection(QuorumCnxManager.java:384)
	at org.apache.zookeeper.server.quorum.QuorumCnxManager$QuorumConnectionReqThread.run(QuorumCnxManager.java:458)
	at java.base/java.util.concurrent.ThreadPoolExecutor.runWorker(ThreadPoolExecutor.java:1128)
	at java.base/java.util.concurrent.ThreadPoolExecutor$Worker.run(ThreadPoolExecutor.java:628)
	at java.base/java.lang.Thread.run(Thread.java:829)
2022-05-15 02:59:34,574 [myid:] - WARN  [QuorumConnectionThread-[myid=1]-6:o.a.z.s.q.QuorumCnxManager@401] - Cannot open channel to 3 at election address localhost/127.0.0.1:3890
java.net.ConnectException: Connection refused (Connection refused)
	at java.base/java.net.PlainSocketImpl.socketConnect(Native Method)
	at java.base/java.net.AbstractPlainSocketImpl.doConnect(AbstractPlainSocketImpl.java:412)
	at java.base/java.net.AbstractPlainSocketImpl.connectToAddress(AbstractPlainSocketImpl.java:255)
	at java.base/java.net.AbstractPlainSocketImpl.connect(AbstractPlainSocketImpl.java:237)
	at java.base/java.net.SocksSocketImpl.connect(SocksSocketImpl.java:392)
	at java.base/java.net.Socket.connect(Socket.java:609)
	at org.apache.zookeeper.server.quorum.QuorumCnxManager.initiateConnection(QuorumCnxManager.java:384)
	at org.apache.zookeeper.server.quorum.QuorumCnxManager$QuorumConnectionReqThread.run(QuorumCnxManager.java:458)
	at java.base/java.util.concurrent.ThreadPoolExecutor.runWorker(ThreadPoolExecutor.java:1128)
	at java.base/java.util.concurrent.ThreadPoolExecutor$Worker.run(ThreadPoolExecutor.java:628)
	at java.base/java.lang.Thread.run(Thread.java:829)
2022-05-15 02:59:35,375 [myid:] - INFO  [QuorumPeer[myid=1](plain=[0:0:0:0:0:0:0:0]:2181)(secure=disabled):o.a.z.s.q.FastLeaderElection@996] - Notification time out: 1600 ms
2022-05-15 02:59:35,376 [myid:] - WARN  [QuorumConnectionThread-[myid=1]-5:o.a.z.s.q.QuorumCnxManager@401] - Cannot open channel to 3 at election address localhost/127.0.0.1:3890
java.net.ConnectException: Connection refused (Connection refused)
	at java.base/java.net.PlainSocketImpl.socketConnect(Native Method)
	at java.base/java.net.AbstractPlainSocketImpl.doConnect(AbstractPlainSocketImpl.java:412)
	at java.base/java.net.AbstractPlainSocketImpl.connectToAddress(AbstractPlainSocketImpl.java:255)
	at java.base/java.net.AbstractPlainSocketImpl.connect(AbstractPlainSocketImpl.java:237)
	at java.base/java.net.SocksSocketImpl.connect(SocksSocketImpl.java:392)
	at java.base/java.net.Socket.connect(Socket.java:609)
	at org.apache.zookeeper.server.quorum.QuorumCnxManager.initiateConnection(QuorumCnxManager.java:384)
	at org.apache.zookeeper.server.quorum.QuorumCnxManager$QuorumConnectionReqThread.run(QuorumCnxManager.java:458)
	at java.base/java.util.concurrent.ThreadPoolExecutor.runWorker(ThreadPoolExecutor.java:1128)
	at java.base/java.util.concurrent.ThreadPoolExecutor$Worker.run(ThreadPoolExecutor.java:628)
	at java.base/java.lang.Thread.run(Thread.java:829)
2022-05-15 02:59:35,376 [myid:] - WARN  [QuorumConnectionThread-[myid=1]-6:o.a.z.s.q.QuorumCnxManager@401] - Cannot open channel to 2 at election address localhost/127.0.0.1:3889
java.net.ConnectException: Connection refused (Connection refused)
	at java.base/java.net.PlainSocketImpl.socketConnect(Native Method)
	at java.base/java.net.AbstractPlainSocketImpl.doConnect(AbstractPlainSocketImpl.java:412)
	at java.base/java.net.AbstractPlainSocketImpl.connectToAddress(AbstractPlainSocketImpl.java:255)
	at java.base/java.net.AbstractPlainSocketImpl.connect(AbstractPlainSocketImpl.java:237)
	at java.base/java.net.SocksSocketImpl.connect(SocksSocketImpl.java:392)
	at java.base/java.net.Socket.connect(Socket.java:609)
	at org.apache.zookeeper.server.quorum.QuorumCnxManager.initiateConnection(QuorumCnxManager.java:384)
	at org.apache.zookeeper.server.quorum.QuorumCnxManager$QuorumConnectionReqThread.run(QuorumCnxManager.java:458)
	at java.base/java.util.concurrent.ThreadPoolExecutor.runWorker(ThreadPoolExecutor.java:1128)
	at java.base/java.util.concurrent.ThreadPoolExecutor$Worker.run(ThreadPoolExecutor.java:628)
	at java.base/java.lang.Thread.run(Thread.java:829)
2022-05-15 02:59:35,502 [myid:] - INFO  [SessionTracker:o.a.z.s.SessionTrackerImpl@176] - SessionTrackerImpl exited loop!
2022-05-15 02:59:36,978 [myid:] - INFO  [QuorumPeer[myid=1](plain=[0:0:0:0:0:0:0:0]:2181)(secure=disabled):o.a.z.s.q.FastLeaderElection@996] - Notification time out: 3200 ms
2022-05-15 02:59:36,978 [myid:] - WARN  [QuorumConnectionThread-[myid=1]-6:o.a.z.s.q.QuorumCnxManager@401] - Cannot open channel to 2 at election address localhost/127.0.0.1:3889
java.net.ConnectException: Connection refused (Connection refused)
	at java.base/java.net.PlainSocketImpl.socketConnect(Native Method)
	at java.base/java.net.AbstractPlainSocketImpl.doConnect(AbstractPlainSocketImpl.java:412)
	at java.base/java.net.AbstractPlainSocketImpl.connectToAddress(AbstractPlainSocketImpl.java:255)
	at java.base/java.net.AbstractPlainSocketImpl.connect(AbstractPlainSocketImpl.java:237)
	at java.base/java.net.SocksSocketImpl.connect(SocksSocketImpl.java:392)
	at java.base/java.net.Socket.connect(Socket.java:609)
	at org.apache.zookeeper.server.quorum.QuorumCnxManager.initiateConnection(QuorumCnxManager.java:384)
	at org.apache.zookeeper.server.quorum.QuorumCnxManager$QuorumConnectionReqThread.run(QuorumCnxManager.java:458)
	at java.base/java.util.concurrent.ThreadPoolExecutor.runWorker(ThreadPoolExecutor.java:1128)
	at java.base/java.util.concurrent.ThreadPoolExecutor$Worker.run(ThreadPoolExecutor.java:628)
	at java.base/java.lang.Thread.run(Thread.java:829)
2022-05-15 02:59:36,978 [myid:] - WARN  [QuorumConnectionThread-[myid=1]-5:o.a.z.s.q.QuorumCnxManager@401] - Cannot open channel to 3 at election address localhost/127.0.0.1:3890
java.net.ConnectException: Connection refused (Connection refused)
	at java.base/java.net.PlainSocketImpl.socketConnect(Native Method)
	at java.base/java.net.AbstractPlainSocketImpl.doConnect(AbstractPlainSocketImpl.java:412)
	at java.base/java.net.AbstractPlainSocketImpl.connectToAddress(AbstractPlainSocketImpl.java:255)
	at java.base/java.net.AbstractPlainSocketImpl.connect(AbstractPlainSocketImpl.java:237)
	at java.base/java.net.SocksSocketImpl.connect(SocksSocketImpl.java:392)
	at java.base/java.net.Socket.connect(Socket.java:609)
	at org.apache.zookeeper.server.quorum.QuorumCnxManager.initiateConnection(QuorumCnxManager.java:384)
	at org.apache.zookeeper.server.quorum.QuorumCnxManager$QuorumConnectionReqThread.run(QuorumCnxManager.java:458)
	at java.base/java.util.concurrent.ThreadPoolExecutor.runWorker(ThreadPoolExecutor.java:1128)
	at java.base/java.util.concurrent.ThreadPoolExecutor$Worker.run(ThreadPoolExecutor.java:628)
	at java.base/java.lang.Thread.run(Thread.java:829)
