2022-05-15 02:58:27.968 INFO  (main) [] o.e.j.u.log Logging initialized @1372ms to org.eclipse.jetty.util.log.Slf4jLog
2022-05-15 02:58:28.290 INFO  (main) [] o.e.j.s.Server jetty-9.4.44.v20210927; built: 2021-09-27T23:02:44.612Z; git: 8da83308eeca865e495e53ef315a249d63ba9332; jvm 11.0.15+10-Ubuntu-0ubuntu0.22.04.1
2022-05-15 02:58:28.702 INFO  (main) [] o.a.s.s.CoreContainerProvider Using logger factory org.apache.logging.slf4j.Log4jLoggerFactory
2022-05-15 02:58:28.729 INFO  (main) [] o.a.s.s.CoreContainerProvider  ___      _       Welcome to Apache Solr™ version 9.0.0
2022-05-15 02:58:28.730 INFO  (main) [] o.a.s.s.CoreContainerProvider / __| ___| |_ _   Starting in cloud mode on port 8985
2022-05-15 02:58:28.730 INFO  (main) [] o.a.s.s.CoreContainerProvider \__ \/ _ \ | '_|  Install dir: /home/haseeb/Desktop/DC_Project/solr-9.0.0
2022-05-15 02:58:28.731 INFO  (main) [] o.a.s.s.CoreContainerProvider |___/\___/_|_|    Start time: 2022-05-15T02:58:28.731930Z
2022-05-15 02:58:28.782 INFO  (main) [] o.a.s.s.CoreContainerProvider Solr Home: /home/haseeb/Desktop/DC_Project/solr-9.0.0/server/solr (source: system property: solr.solr.home)
2022-05-15 02:58:28.860 INFO  (main) [] o.a.s.c.c.ConnectionManager Waiting up to 30000ms for client to connect to ZooKeeper
2022-05-15 02:58:28.924 INFO  (zkConnectionManagerCallback-2-thread-1) [] o.a.s.c.c.ConnectionManager zkClient has connected
2022-05-15 02:58:28.927 INFO  (main) [] o.a.s.c.c.ConnectionManager Client is connected to ZooKeeper
2022-05-15 02:58:29.044 INFO  (main) [] o.a.s.c.NodeConfig Loading solr.xml from SolrHome (not found in ZooKeeper)
2022-05-15 02:58:29.046 INFO  (main) [] o.a.s.c.SolrXmlConfig Loading solr.xml from /home/haseeb/Desktop/DC_Project/solr-9.0.0/server/solr/solr.xml
2022-05-15 02:58:30.419 WARN  (main) [] o.a.s.u.StartupLoggingUtils Jetty request logging enabled. Will retain logs for last 3 days. See chapter "Configuring Logging" in reference guide for how to configure.
2022-05-15 02:58:30.421 INFO  (main) [] o.a.s.c.ZkContainer Zookeeper client=localhost:2181,localhost:2182,localhost:2183
2022-05-15 02:58:30.444 INFO  (main) [] o.a.s.c.DistributedClusterStateUpdater Creating DistributedClusterStateUpdater with useDistributedStateUpdate=false. Solr will be using Overseer based cluster state updates.
2022-05-15 02:58:30.457 INFO  (main) [] o.a.s.c.c.ConnectionManager Waiting up to 30000ms for client to connect to ZooKeeper
2022-05-15 02:58:30.480 INFO  (zkConnectionManagerCallback-12-thread-1) [] o.a.s.c.c.ConnectionManager zkClient has connected
2022-05-15 02:58:30.480 INFO  (main) [] o.a.s.c.c.ConnectionManager Client is connected to ZooKeeper
2022-05-15 02:58:30.547 WARN  (main) [] o.a.s.c.ZkController Contents of zookeeper /security.json are world-readable; consider setting up ACLs as described in https://solr.apache.org/guide/zookeeper-access-control.html
2022-05-15 02:58:30.567 INFO  (main) [] o.a.s.c.c.ZkStateReader Updated live nodes from ZooKeeper... (0) -> (2)
2022-05-15 02:58:30.611 INFO  (main) [] o.a.s.c.DistributedClusterStateUpdater Creating DistributedClusterStateUpdater with useDistributedStateUpdate=false. Solr will be using Overseer based cluster state updates.
2022-05-15 02:58:30.650 INFO  (main) [] o.a.s.c.ZkController Publish node=localhost:8985_solr as DOWN
2022-05-15 02:58:30.671 INFO  (main) [] o.a.s.c.TransientSolrCoreCacheDefault Allocating transient core cache for max 2147483647 cores with initial capacity of 1024
2022-05-15 02:58:30.682 INFO  (main) [] o.a.s.c.ZkController Register node as live in ZooKeeper:/live_nodes/localhost:8985_solr
2022-05-15 02:58:30.714 INFO  (zkCallback-11-thread-1) [] o.a.s.c.c.ZkStateReader Updated live nodes from ZooKeeper... (2) -> (3)
2022-05-15 02:58:30.772 INFO  (main) [] o.a.s.p.PackageLoader /packages.json updated to version -1
2022-05-15 02:58:30.799 WARN  (main) [] o.a.s.c.CoreContainer Not all security plugins configured!  authentication=disabled authorization=disabled.  Solr is only as secure as you make it. Consider configuring authentication/authorization before exposing Solr to users internal or external.  See https://s.apache.org/solrsecurity for more info
2022-05-15 02:58:31.257 INFO  (main) [] o.a.s.c.CorePropertiesLocator Found 0 core definitions underneath /home/haseeb/Desktop/DC_Project/solr-9.0.0/server/solr
2022-05-15 02:58:31.371 INFO  (main) [] o.e.j.s.h.ContextHandler Started o.e.j.w.WebAppContext@35fe2125{/solr,file:///home/haseeb/Desktop/DC_Project/solr-9.0.0/server/solr-webapp/webapp/,AVAILABLE}{/home/haseeb/Desktop/DC_Project/solr-9.0.0/server/solr-webapp/webapp}
2022-05-15 02:58:31.379 INFO  (main) [] o.e.j.s.RequestLogWriter Opened /home/haseeb/Desktop/DC_Project/solr-9.0.0/server/logs/2022_05_15.request.log
2022-05-15 02:58:31.389 INFO  (main) [] o.e.j.s.AbstractConnector Started ServerConnector@66b7550d{HTTP/1.1, (http/1.1, h2c)}{127.0.0.1:8985}
2022-05-15 02:58:31.389 INFO  (main) [] o.e.j.s.Server Started @4796ms
2022-05-15 02:58:56.495 INFO  (qtp507819576-22) [] o.a.s.s.HttpSolrCall [admin] webapp=null path=/admin/info/system params={wt=javabin&version=2&_=1652583532534} status=0 QTime=126
2022-05-15 02:59:18.140 INFO  (ShutdownMonitor) [] o.e.j.s.AbstractConnector Stopped ServerConnector@66b7550d{HTTP/1.1, (http/1.1, h2c)}{127.0.0.1:8985}
2022-05-15 02:59:18.153 INFO  (ShutdownMonitor) [] o.a.s.c.CoreContainer Shutting down CoreContainer instance=1724399560
2022-05-15 02:59:18.154 INFO  (ShutdownMonitor) [] o.a.s.c.ZkController Remove node as live in ZooKeeper:/live_nodes/localhost:8985_solr
2022-05-15 02:59:18.168 INFO  (ShutdownMonitor) [] o.a.s.c.ZkController Publish this node as DOWN...
2022-05-15 02:59:18.168 INFO  (ShutdownMonitor) [] o.a.s.c.ZkController Publish node=localhost:8985_solr as DOWN
2022-05-15 02:59:18.178 INFO  (zkCallback-11-thread-1) [] o.a.s.c.c.ZkStateReader Updated live nodes from ZooKeeper... (3) -> (2)
2022-05-15 02:59:18.195 INFO  (ShutdownMonitor) [] o.a.s.m.SolrMetricManager Closing metric reporters for registry=solr.node tag=null
2022-05-15 02:59:18.214 INFO  (ShutdownMonitor) [] o.a.s.m.SolrMetricManager Closing metric reporters for registry=solr.jvm tag=null
2022-05-15 02:59:18.225 INFO  (ShutdownMonitor) [] o.a.s.m.SolrMetricManager Closing metric reporters for registry=solr.jetty tag=null
2022-05-15 02:59:18.228 INFO  (ShutdownMonitor) [] o.a.s.m.SolrMetricManager Closing metric reporters for registry=solr.cluster tag=null
2022-05-15 02:59:18.258 WARN  (main-SendThread(localhost:2183)) [] o.a.z.ClientCnxn An exception was thrown while closing send thread for session 0x300018a9c720000. => EndOfStreamException: Unable to read additional data from server sessionid 0x300018a9c720000, likely server has closed socket
	at org.apache.zookeeper.ClientCnxnSocketNIO.doIO(ClientCnxnSocketNIO.java:77)
org.apache.zookeeper.ClientCnxn$EndOfStreamException: Unable to read additional data from server sessionid 0x300018a9c720000, likely server has closed socket
	at org.apache.zookeeper.ClientCnxnSocketNIO.doIO(ClientCnxnSocketNIO.java:77) ~[?:?]
	at org.apache.zookeeper.ClientCnxnSocketNIO.doTransport(ClientCnxnSocketNIO.java:350) ~[?:?]
	at org.apache.zookeeper.ClientCnxn$SendThread.run(ClientCnxn.java:1280) ~[?:?]
2022-05-15 02:59:18.363 INFO  (ShutdownMonitor) [] o.e.j.s.h.ContextHandler Stopped o.e.j.w.WebAppContext@35fe2125{/solr,null,STOPPED}{/home/haseeb/Desktop/DC_Project/solr-9.0.0/server/solr-webapp/webapp}
