2022-05-16 03:51:43.666 INFO  (main) [] o.e.j.u.log Logging initialized @1593ms to org.eclipse.jetty.util.log.Slf4jLog
2022-05-16 03:51:43.936 INFO  (main) [] o.e.j.s.Server jetty-9.4.44.v20210927; built: 2021-09-27T23:02:44.612Z; git: 8da83308eeca865e495e53ef315a249d63ba9332; jvm 11.0.15+10-Ubuntu-0ubuntu0.22.04.1
2022-05-16 03:51:44.343 INFO  (main) [] o.a.s.s.CoreContainerProvider Using logger factory org.apache.logging.slf4j.Log4jLoggerFactory
2022-05-16 03:51:44.361 INFO  (main) [] o.a.s.s.CoreContainerProvider  ___      _       Welcome to Apache Solr™ version 9.0.0
2022-05-16 03:51:44.361 INFO  (main) [] o.a.s.s.CoreContainerProvider / __| ___| |_ _   Starting in cloud mode on port 8984
2022-05-16 03:51:44.361 INFO  (main) [] o.a.s.s.CoreContainerProvider \__ \/ _ \ | '_|  Install dir: /home/haseeb/Desktop/DC_Project/solr
2022-05-16 03:51:44.362 INFO  (main) [] o.a.s.s.CoreContainerProvider |___/\___/_|_|    Start time: 2022-05-16T03:51:44.362175Z
2022-05-16 03:51:44.398 INFO  (main) [] o.a.s.s.CoreContainerProvider Solr Home: /home/haseeb/Desktop/DC_Project/solr/example/cloud/node2/solr (source: system property: solr.solr.home)
2022-05-16 03:51:44.501 INFO  (main) [] o.a.s.c.c.ConnectionManager Waiting up to 30000ms for client to connect to ZooKeeper
2022-05-16 03:51:44.551 INFO  (zkConnectionManagerCallback-2-thread-1) [] o.a.s.c.c.ConnectionManager zkClient has connected
2022-05-16 03:51:44.551 INFO  (main) [] o.a.s.c.c.ConnectionManager Client is connected to ZooKeeper
2022-05-16 03:51:44.662 INFO  (main) [] o.a.s.c.NodeConfig Loading solr.xml from SolrHome (not found in ZooKeeper)
2022-05-16 03:51:44.663 INFO  (main) [] o.a.s.c.SolrXmlConfig Loading solr.xml from /home/haseeb/Desktop/DC_Project/solr/example/cloud/node2/solr/solr.xml
2022-05-16 03:51:45.979 WARN  (main) [] o.a.s.u.StartupLoggingUtils Jetty request logging enabled. Will retain logs for last 3 days. See chapter "Configuring Logging" in reference guide for how to configure.
2022-05-16 03:51:45.979 INFO  (main) [] o.a.s.c.ZkContainer Zookeeper client=localhost:9983
2022-05-16 03:51:46.003 INFO  (main) [] o.a.s.c.DistributedClusterStateUpdater Creating DistributedClusterStateUpdater with useDistributedStateUpdate=false. Solr will be using Overseer based cluster state updates.
2022-05-16 03:51:46.022 INFO  (main) [] o.a.s.c.c.ConnectionManager Waiting up to 30000ms for client to connect to ZooKeeper
2022-05-16 03:51:46.032 INFO  (zkConnectionManagerCallback-12-thread-1) [] o.a.s.c.c.ConnectionManager zkClient has connected
2022-05-16 03:51:46.032 INFO  (main) [] o.a.s.c.c.ConnectionManager Client is connected to ZooKeeper
2022-05-16 03:51:46.077 WARN  (main) [] o.a.s.c.ZkController Contents of zookeeper /security.json are world-readable; consider setting up ACLs as described in https://solr.apache.org/guide/zookeeper-access-control.html
2022-05-16 03:51:46.090 INFO  (main) [] o.a.s.c.c.ZkStateReader Updated live nodes from ZooKeeper... (0) -> (2)
2022-05-16 03:52:09.000 INFO  (zkCallback-11-thread-2) [] o.a.s.c.c.ZkStateReader Updated live nodes from ZooKeeper... (2) -> (1)
2022-05-16 03:52:09.012 INFO  (main) [] o.a.s.c.DistributedClusterStateUpdater Creating DistributedClusterStateUpdater with useDistributedStateUpdate=false. Solr will be using Overseer based cluster state updates.
2022-05-16 03:52:09.081 INFO  (main) [] o.a.s.c.ZkController Publish node=localhost:8984_solr as DOWN
2022-05-16 03:52:09.108 INFO  (main) [] o.a.s.c.TransientSolrCoreCacheDefault Allocating transient core cache for max 2147483647 cores with initial capacity of 1024
2022-05-16 03:52:09.149 INFO  (main) [] o.a.s.c.ZkController Register node as live in ZooKeeper:/live_nodes/localhost:8984_solr
2022-05-16 03:52:09.182 INFO  (zkCallback-11-thread-2) [] o.a.s.c.c.ZkStateReader Updated live nodes from ZooKeeper... (1) -> (2)
2022-05-16 03:52:09.301 INFO  (main) [] o.a.s.p.PackageLoader /packages.json updated to version -1
2022-05-16 03:52:09.323 WARN  (main) [] o.a.s.c.CoreContainer Not all security plugins configured!  authentication=disabled authorization=disabled.  Solr is only as secure as you make it. Consider configuring authentication/authorization before exposing Solr to users internal or external.  See https://s.apache.org/solrsecurity for more info
2022-05-16 03:52:09.786 INFO  (main) [] o.a.s.c.CorePropertiesLocator Found 2 core definitions underneath /home/haseeb/Desktop/DC_Project/solr/example/cloud/node2/solr
2022-05-16 03:52:09.787 INFO  (main) [] o.a.s.c.CorePropertiesLocator Cores are: [collection1_shard2_replica_n1, collection1_shard1_replica_n5]
2022-05-16 03:52:09.937 INFO  (coreLoadExecutor-17-thread-1-processing-localhost:8984_solr) [] o.a.s.c.SolrConfig Using Lucene MatchVersion: 9.0.0
2022-05-16 03:52:09.937 INFO  (coreLoadExecutor-17-thread-2-processing-localhost:8984_solr) [] o.a.s.c.SolrConfig Using Lucene MatchVersion: 9.0.0
2022-05-16 03:52:09.998 INFO  (main) [] o.e.j.s.h.ContextHandler Started o.e.j.w.WebAppContext@35fe2125{/solr,file:///home/haseeb/Desktop/DC_Project/solr/server/solr-webapp/webapp/,AVAILABLE}{/home/haseeb/Desktop/DC_Project/solr/server/solr-webapp/webapp}
2022-05-16 03:52:10.008 INFO  (main) [] o.e.j.s.RequestLogWriter Opened /home/haseeb/Desktop/DC_Project/solr/example/cloud/node2/logs/2022_05_16.request.log
2022-05-16 03:52:10.036 INFO  (main) [] o.e.j.s.AbstractConnector Started ServerConnector@66b7550d{HTTP/1.1, (http/1.1, h2c)}{127.0.0.1:8984}
2022-05-16 03:52:10.037 INFO  (main) [] o.e.j.s.Server Started @27966ms
2022-05-16 03:52:10.083 INFO  (coreLoadExecutor-17-thread-1-processing-localhost:8984_solr) [] o.a.s.s.IndexSchema Schema name=default-config
2022-05-16 03:52:10.100 INFO  (coreLoadExecutor-17-thread-2-processing-localhost:8984_solr) [] o.a.s.s.IndexSchema Schema name=default-config
2022-05-16 03:52:10.849 INFO  (coreLoadExecutor-17-thread-1-processing-localhost:8984_solr) [] o.a.s.s.IndexSchema Loaded schema default-config/1.6 with uniqueid field id
2022-05-16 03:52:10.850 INFO  (coreLoadExecutor-17-thread-2-processing-localhost:8984_solr) [] o.a.s.s.IndexSchema Loaded schema default-config/1.6 with uniqueid field id
2022-05-16 03:52:10.899 INFO  (coreLoadExecutor-17-thread-1-processing-localhost:8984_solr) [c:collection1 s:shard1 r:core_node7 x:collection1_shard1_replica_n5] o.a.s.c.SolrConfig Using Lucene MatchVersion: 9.0.0
2022-05-16 03:52:10.912 INFO  (coreLoadExecutor-17-thread-1-processing-localhost:8984_solr) [c:collection1 s:shard1 r:core_node7 x:collection1_shard1_replica_n5] o.a.s.s.IndexSchema Schema name=default-config
2022-05-16 03:52:10.926 INFO  (coreLoadExecutor-17-thread-2-processing-localhost:8984_solr) [c:collection1 s:shard2 r:core_node2 x:collection1_shard2_replica_n1] o.a.s.c.SolrConfig Using Lucene MatchVersion: 9.0.0
2022-05-16 03:52:10.931 INFO  (coreLoadExecutor-17-thread-2-processing-localhost:8984_solr) [c:collection1 s:shard2 r:core_node2 x:collection1_shard2_replica_n1] o.a.s.s.IndexSchema Schema name=default-config
2022-05-16 03:52:11.124 INFO  (coreLoadExecutor-17-thread-1-processing-localhost:8984_solr) [c:collection1 s:shard1 r:core_node7 x:collection1_shard1_replica_n5] o.a.s.s.IndexSchema Loaded schema default-config/1.6 with uniqueid field id
2022-05-16 03:52:11.125 INFO  (coreLoadExecutor-17-thread-1-processing-localhost:8984_solr) [c:collection1 s:shard1 r:core_node7 x:collection1_shard1_replica_n5] o.a.s.c.CoreContainer Creating SolrCore 'collection1_shard1_replica_n5' using configuration from configset collection1, trusted=true
2022-05-16 03:52:11.171 INFO  (coreLoadExecutor-17-thread-2-processing-localhost:8984_solr) [c:collection1 s:shard2 r:core_node2 x:collection1_shard2_replica_n1] o.a.s.s.IndexSchema Loaded schema default-config/1.6 with uniqueid field id
2022-05-16 03:52:11.171 INFO  (coreLoadExecutor-17-thread-2-processing-localhost:8984_solr) [c:collection1 s:shard2 r:core_node2 x:collection1_shard2_replica_n1] o.a.s.c.CoreContainer Creating SolrCore 'collection1_shard2_replica_n1' using configuration from configset collection1, trusted=true
2022-05-16 03:52:11.225 INFO  (coreLoadExecutor-17-thread-2-processing-localhost:8984_solr) [c:collection1 s:shard2 r:core_node2 x:collection1_shard2_replica_n1] o.a.s.c.SolrCore Opening new SolrCore at [/home/haseeb/Desktop/DC_Project/solr/example/cloud/node2/solr/collection1_shard2_replica_n1], dataDir=[/home/haseeb/Desktop/DC_Project/solr/example/cloud/node2/solr/collection1_shard2_replica_n1/data/]
2022-05-16 03:52:11.225 INFO  (coreLoadExecutor-17-thread-1-processing-localhost:8984_solr) [c:collection1 s:shard1 r:core_node7 x:collection1_shard1_replica_n5] o.a.s.c.SolrCore Opening new SolrCore at [/home/haseeb/Desktop/DC_Project/solr/example/cloud/node2/solr/collection1_shard1_replica_n5], dataDir=[/home/haseeb/Desktop/DC_Project/solr/example/cloud/node2/solr/collection1_shard1_replica_n5/data/]
2022-05-16 03:52:11.998 INFO  (qtp507819576-23) [] o.a.s.s.HttpSolrCall [admin] webapp=null path=/admin/info/system params={wt=json} status=0 QTime=58
2022-05-16 03:52:12.069 INFO  (qtp507819576-23) [] o.a.s.s.HttpSolrCall [admin] webapp=null path=/admin/collections params={action=CLUSTERSTATUS&wt=json} status=0 QTime=45
2022-05-16 03:52:12.348 INFO  (coreLoadExecutor-17-thread-2-processing-localhost:8984_solr) [c:collection1 s:shard2 r:core_node2 x:collection1_shard2_replica_n1] o.a.s.u.UpdateHandler Using UpdateLog implementation: org.apache.solr.update.UpdateLog
2022-05-16 03:52:12.348 INFO  (coreLoadExecutor-17-thread-2-processing-localhost:8984_solr) [c:collection1 s:shard2 r:core_node2 x:collection1_shard2_replica_n1] o.a.s.u.UpdateLog Initializing UpdateLog: dataDir= defaultSyncLevel=FLUSH numRecordsToKeep=100 maxNumLogsToKeep=10 numVersionBuckets=65536
2022-05-16 03:52:12.360 INFO  (coreLoadExecutor-17-thread-1-processing-localhost:8984_solr) [c:collection1 s:shard1 r:core_node7 x:collection1_shard1_replica_n5] o.a.s.u.UpdateHandler Using UpdateLog implementation: org.apache.solr.update.UpdateLog
2022-05-16 03:52:12.360 INFO  (coreLoadExecutor-17-thread-1-processing-localhost:8984_solr) [c:collection1 s:shard1 r:core_node7 x:collection1_shard1_replica_n5] o.a.s.u.UpdateLog Initializing UpdateLog: dataDir= defaultSyncLevel=FLUSH numRecordsToKeep=100 maxNumLogsToKeep=10 numVersionBuckets=65536
2022-05-16 03:52:12.367 INFO  (coreLoadExecutor-17-thread-1-processing-localhost:8984_solr) [c:collection1 s:shard1 r:core_node7 x:collection1_shard1_replica_n5] o.a.s.u.CommitTracker Hard AutoCommit: if uncommitted for 15000ms; 
2022-05-16 03:52:12.376 INFO  (coreLoadExecutor-17-thread-1-processing-localhost:8984_solr) [c:collection1 s:shard1 r:core_node7 x:collection1_shard1_replica_n5] o.a.s.u.CommitTracker Soft AutoCommit: if uncommitted for 3000ms; 
2022-05-16 03:52:12.366 INFO  (coreLoadExecutor-17-thread-2-processing-localhost:8984_solr) [c:collection1 s:shard2 r:core_node2 x:collection1_shard2_replica_n1] o.a.s.u.CommitTracker Hard AutoCommit: if uncommitted for 15000ms; 
2022-05-16 03:52:12.380 INFO  (coreLoadExecutor-17-thread-2-processing-localhost:8984_solr) [c:collection1 s:shard2 r:core_node2 x:collection1_shard2_replica_n1] o.a.s.u.CommitTracker Soft AutoCommit: if uncommitted for 3000ms; 
2022-05-16 03:52:12.596 INFO  (coreLoadExecutor-17-thread-2-processing-localhost:8984_solr) [c:collection1 s:shard2 r:core_node2 x:collection1_shard2_replica_n1] o.a.s.r.ManagedResourceStorage Configured ZooKeeperStorageIO with znodeBase: /configs/collection1
2022-05-16 03:52:12.608 INFO  (coreLoadExecutor-17-thread-1-processing-localhost:8984_solr) [c:collection1 s:shard1 r:core_node7 x:collection1_shard1_replica_n5] o.a.s.r.ManagedResourceStorage Configured ZooKeeperStorageIO with znodeBase: /configs/collection1
2022-05-16 03:52:12.613 INFO  (coreLoadExecutor-17-thread-1-processing-localhost:8984_solr) [c:collection1 s:shard1 r:core_node7 x:collection1_shard1_replica_n5] o.a.s.r.ManagedResourceStorage Loaded null at path _rest_managed.json using ZooKeeperStorageIO:path=/configs/collection1
2022-05-16 03:52:12.615 INFO  (coreLoadExecutor-17-thread-2-processing-localhost:8984_solr) [c:collection1 s:shard2 r:core_node2 x:collection1_shard2_replica_n1] o.a.s.r.ManagedResourceStorage Loaded null at path _rest_managed.json using ZooKeeperStorageIO:path=/configs/collection1
2022-05-16 03:52:12.624 INFO  (coreLoadExecutor-17-thread-1-processing-localhost:8984_solr) [c:collection1 s:shard1 r:core_node7 x:collection1_shard1_replica_n5] o.a.s.s.ZkIndexSchemaReader Creating ZooKeeper watch for the managed schema at /configs/collection1/managed-schema.xml
2022-05-16 03:52:12.625 INFO  (coreLoadExecutor-17-thread-2-processing-localhost:8984_solr) [c:collection1 s:shard2 r:core_node2 x:collection1_shard2_replica_n1] o.a.s.s.ZkIndexSchemaReader Creating ZooKeeper watch for the managed schema at /configs/collection1/managed-schema.xml
2022-05-16 03:52:12.641 INFO  (coreLoadExecutor-17-thread-2-processing-localhost:8984_solr) [c:collection1 s:shard2 r:core_node2 x:collection1_shard2_replica_n1] o.a.s.s.ZkIndexSchemaReader Current schema version 0 is already the latest
2022-05-16 03:52:12.641 INFO  (coreLoadExecutor-17-thread-1-processing-localhost:8984_solr) [c:collection1 s:shard1 r:core_node7 x:collection1_shard1_replica_n5] o.a.s.s.ZkIndexSchemaReader Current schema version 0 is already the latest
2022-05-16 03:52:12.674 INFO  (coreLoadExecutor-17-thread-2-processing-localhost:8984_solr) [c:collection1 s:shard2 r:core_node2 x:collection1_shard2_replica_n1] o.a.s.s.DirectSolrSpellChecker init: {accuracy=0.5, maxQueryFrequency=0.01, maxEdits=2, minPrefix=1, maxInspections=5, minQueryLength=4, name=default, field=_text_, classname=solr.DirectSolrSpellChecker, distanceMeasure=internal}
2022-05-16 03:52:12.678 INFO  (coreLoadExecutor-17-thread-1-processing-localhost:8984_solr) [c:collection1 s:shard1 r:core_node7 x:collection1_shard1_replica_n5] o.a.s.s.DirectSolrSpellChecker init: {accuracy=0.5, maxQueryFrequency=0.01, maxEdits=2, minPrefix=1, maxInspections=5, minQueryLength=4, name=default, field=_text_, classname=solr.DirectSolrSpellChecker, distanceMeasure=internal}
2022-05-16 03:52:12.689 INFO  (coreLoadExecutor-17-thread-1-processing-localhost:8984_solr) [c:collection1 s:shard1 r:core_node7 x:collection1_shard1_replica_n5] o.a.s.h.ReplicationHandler Commits will be reserved for 10000 ms
2022-05-16 03:52:12.696 INFO  (coreLoadExecutor-17-thread-2-processing-localhost:8984_solr) [c:collection1 s:shard2 r:core_node2 x:collection1_shard2_replica_n1] o.a.s.h.ReplicationHandler Commits will be reserved for 10000 ms
2022-05-16 03:52:12.700 INFO  (coreLoadExecutor-17-thread-2-processing-localhost:8984_solr) [c:collection1 s:shard2 r:core_node2 x:collection1_shard2_replica_n1] o.a.s.u.UpdateLog Could not find max version in index or recent updates, using new clock 1732953382794035200
2022-05-16 03:52:12.706 INFO  (coreLoadExecutor-17-thread-1-processing-localhost:8984_solr) [c:collection1 s:shard1 r:core_node7 x:collection1_shard1_replica_n5] o.a.s.u.UpdateLog Could not find max version in index or recent updates, using new clock 1732953382800326656
2022-05-16 03:52:12.731 INFO  (searcherExecutor-19-thread-1-processing-localhost:8984_solr collection1_shard2_replica_n1 collection1 shard2 core_node2) [c:collection1 s:shard2 r:core_node2 x:collection1_shard2_replica_n1] o.a.s.c.QuerySenderListener QuerySenderListener done.
2022-05-16 03:52:12.731 INFO  (searcherExecutor-21-thread-1-processing-localhost:8984_solr collection1_shard1_replica_n5 collection1 shard1 core_node7) [c:collection1 s:shard1 r:core_node7 x:collection1_shard1_replica_n5] o.a.s.c.QuerySenderListener QuerySenderListener done.
2022-05-16 03:52:12.731 INFO  (searcherExecutor-21-thread-1-processing-localhost:8984_solr collection1_shard1_replica_n5 collection1 shard1 core_node7) [c:collection1 s:shard1 r:core_node7 x:collection1_shard1_replica_n5] o.a.s.h.c.SpellCheckComponent Loading spell index for spellchecker: default
2022-05-16 03:52:12.731 INFO  (searcherExecutor-19-thread-1-processing-localhost:8984_solr collection1_shard2_replica_n1 collection1 shard2 core_node2) [c:collection1 s:shard2 r:core_node2 x:collection1_shard2_replica_n1] o.a.s.h.c.SpellCheckComponent Loading spell index for spellchecker: default
2022-05-16 03:52:12.744 INFO  (searcherExecutor-19-thread-1-processing-localhost:8984_solr collection1_shard2_replica_n1 collection1 shard2 core_node2) [c:collection1 s:shard2 r:core_node2 x:collection1_shard2_replica_n1] o.a.s.c.SolrCore Registered new searcher autowarm time: 0 ms
2022-05-16 03:52:12.752 INFO  (searcherExecutor-21-thread-1-processing-localhost:8984_solr collection1_shard1_replica_n5 collection1 shard1 core_node7) [c:collection1 s:shard1 r:core_node7 x:collection1_shard1_replica_n5] o.a.s.c.SolrCore Registered new searcher autowarm time: 0 ms
2022-05-16 03:52:12.812 INFO  (coreZkRegister-3-thread-1-processing-localhost:8984_solr) [c:collection1 s:shard2 r:core_node2 x:collection1_shard2_replica_n1] o.a.s.c.ShardLeaderElectionContextBase make sure parent is created /collections/collection1/leaders/shard2
2022-05-16 03:52:12.812 INFO  (coreZkRegister-3-thread-2-processing-localhost:8984_solr) [c:collection1 s:shard1 r:core_node7 x:collection1_shard1_replica_n5] o.a.s.c.ShardLeaderElectionContextBase make sure parent is created /collections/collection1/leaders/shard1
2022-05-16 03:52:12.842 INFO  (coreZkRegister-3-thread-1-processing-localhost:8984_solr) [c:collection1 s:shard2 r:core_node2 x:collection1_shard2_replica_n1] o.a.s.c.ZkController Core needs to recover:collection1_shard2_replica_n1
2022-05-16 03:52:12.847 INFO  (coreZkRegister-3-thread-2-processing-localhost:8984_solr) [c:collection1 s:shard1 r:core_node7 x:collection1_shard1_replica_n5] o.a.s.c.ZkController Core needs to recover:collection1_shard1_replica_n5
2022-05-16 03:52:12.869 INFO  (updateExecutor-8-thread-1-processing-localhost:8984_solr collection1_shard2_replica_n1 collection1 shard2 core_node2) [c:collection1 s:shard2 r:core_node2 x:collection1_shard2_replica_n1] o.a.s.u.DefaultSolrCoreState Running recovery
2022-05-16 03:52:12.873 INFO  (updateExecutor-8-thread-2-processing-localhost:8984_solr collection1_shard1_replica_n5 collection1 shard1 core_node7) [c:collection1 s:shard1 r:core_node7 x:collection1_shard1_replica_n5] o.a.s.u.DefaultSolrCoreState Running recovery
2022-05-16 03:52:12.898 INFO  (recoveryExecutor-10-thread-1-processing-localhost:8984_solr collection1_shard1_replica_n5 collection1 shard1 core_node7) [c:collection1 s:shard1 r:core_node7 x:collection1_shard1_replica_n5] o.a.s.c.RecoveryStrategy Starting recovery process. recoveringAfterStartup=true
2022-05-16 03:52:12.898 INFO  (recoveryExecutor-10-thread-2-processing-localhost:8984_solr collection1_shard2_replica_n1 collection1 shard2 core_node2) [c:collection1 s:shard2 r:core_node2 x:collection1_shard2_replica_n1] o.a.s.c.RecoveryStrategy Starting recovery process. recoveringAfterStartup=true
2022-05-16 03:52:12.898 INFO  (recoveryExecutor-10-thread-2-processing-localhost:8984_solr collection1_shard2_replica_n1 collection1 shard2 core_node2) [c:collection1 s:shard2 r:core_node2 x:collection1_shard2_replica_n1] o.a.s.c.RecoveryStrategy startupVersions is empty
2022-05-16 03:52:12.898 INFO  (recoveryExecutor-10-thread-1-processing-localhost:8984_solr collection1_shard1_replica_n5 collection1 shard1 core_node7) [c:collection1 s:shard1 r:core_node7 x:collection1_shard1_replica_n5] o.a.s.c.RecoveryStrategy startupVersions is empty
2022-05-16 03:52:13.009 INFO  (zkCallback-11-thread-1) [] o.a.s.c.c.ZkStateReader A cluster state change: [WatchedEvent state:SyncConnected type:NodeDataChanged path:/collections/collection1/state.json] for collection [collection1] has occurred - updating... (live nodes size: [2])
2022-05-16 03:52:13.009 INFO  (zkCallback-11-thread-2) [] o.a.s.c.c.ZkStateReader A cluster state change: [WatchedEvent state:SyncConnected type:NodeDataChanged path:/collections/collection1/state.json] for collection [collection1] has occurred - updating... (live nodes size: [2])
2022-05-16 03:52:13.046 INFO  (zkCallback-11-thread-3) [] o.a.s.c.c.ZkStateReader A cluster state change: [WatchedEvent state:SyncConnected type:NodeDataChanged path:/collections/collection1/state.json] for collection [collection1] has occurred - updating... (live nodes size: [2])
2022-05-16 03:52:13.142 INFO  (recoveryExecutor-10-thread-2-processing-localhost:8984_solr collection1_shard2_replica_n1 collection1 shard2 core_node2) [c:collection1 s:shard2 r:core_node2 x:collection1_shard2_replica_n1] o.a.s.c.RecoveryStrategy Begin buffering updates. core=[collection1_shard2_replica_n1]
2022-05-16 03:52:13.143 INFO  (recoveryExecutor-10-thread-2-processing-localhost:8984_solr collection1_shard2_replica_n1 collection1 shard2 core_node2) [c:collection1 s:shard2 r:core_node2 x:collection1_shard2_replica_n1] o.a.s.u.UpdateLog Starting to buffer updates. FSUpdateLog{state=ACTIVE, tlog=null}
2022-05-16 03:52:13.145 INFO  (recoveryExecutor-10-thread-2-processing-localhost:8984_solr collection1_shard2_replica_n1 collection1 shard2 core_node2) [c:collection1 s:shard2 r:core_node2 x:collection1_shard2_replica_n1] o.a.s.c.RecoveryStrategy Publishing state of core [collection1_shard2_replica_n1] as recovering, leader is [http://localhost:8983/solr/collection1_shard2_replica_n6/] and I am [http://localhost:8984/solr/collection1_shard2_replica_n1/]
2022-05-16 03:52:13.155 INFO  (recoveryExecutor-10-thread-1-processing-localhost:8984_solr collection1_shard1_replica_n5 collection1 shard1 core_node7) [c:collection1 s:shard1 r:core_node7 x:collection1_shard1_replica_n5] o.a.s.c.RecoveryStrategy Begin buffering updates. core=[collection1_shard1_replica_n5]
2022-05-16 03:52:13.156 INFO  (recoveryExecutor-10-thread-1-processing-localhost:8984_solr collection1_shard1_replica_n5 collection1 shard1 core_node7) [c:collection1 s:shard1 r:core_node7 x:collection1_shard1_replica_n5] o.a.s.u.UpdateLog Starting to buffer updates. FSUpdateLog{state=ACTIVE, tlog=null}
2022-05-16 03:52:13.156 INFO  (recoveryExecutor-10-thread-1-processing-localhost:8984_solr collection1_shard1_replica_n5 collection1 shard1 core_node7) [c:collection1 s:shard1 r:core_node7 x:collection1_shard1_replica_n5] o.a.s.c.RecoveryStrategy Publishing state of core [collection1_shard1_replica_n5] as recovering, leader is [http://localhost:8983/solr/collection1_shard1_replica_n10/] and I am [http://localhost:8984/solr/collection1_shard1_replica_n5/]
2022-05-16 03:52:13.182 INFO  (recoveryExecutor-10-thread-2-processing-localhost:8984_solr collection1_shard2_replica_n1 collection1 shard2 core_node2) [c:collection1 s:shard2 r:core_node2 x:collection1_shard2_replica_n1] o.a.s.c.RecoveryStrategy Sending prep recovery command to [http://localhost:8983/solr]; [WaitForState: action=PREPRECOVERY&core=collection1_shard2_replica_n6&nodeName=localhost:8984_solr&coreNodeName=core_node2&state=recovering&checkLive=true&onlyIfLeader=true&onlyIfLeaderActive=true]
2022-05-16 03:52:13.191 INFO  (recoveryExecutor-10-thread-1-processing-localhost:8984_solr collection1_shard1_replica_n5 collection1 shard1 core_node7) [c:collection1 s:shard1 r:core_node7 x:collection1_shard1_replica_n5] o.a.s.c.RecoveryStrategy Sending prep recovery command to [http://localhost:8983/solr]; [WaitForState: action=PREPRECOVERY&core=collection1_shard1_replica_n10&nodeName=localhost:8984_solr&coreNodeName=core_node7&state=recovering&checkLive=true&onlyIfLeader=true&onlyIfLeaderActive=true]
2022-05-16 03:52:13.281 INFO  (zkCallback-11-thread-2) [] o.a.s.c.c.ZkStateReader A cluster state change: [WatchedEvent state:SyncConnected type:NodeDataChanged path:/collections/collection1/state.json] for collection [collection1] has occurred - updating... (live nodes size: [2])
2022-05-16 03:52:13.281 INFO  (zkCallback-11-thread-1) [] o.a.s.c.c.ZkStateReader A cluster state change: [WatchedEvent state:SyncConnected type:NodeDataChanged path:/collections/collection1/state.json] for collection [collection1] has occurred - updating... (live nodes size: [2])
2022-05-16 03:52:13.281 INFO  (zkCallback-11-thread-3) [] o.a.s.c.c.ZkStateReader A cluster state change: [WatchedEvent state:SyncConnected type:NodeDataChanged path:/collections/collection1/state.json] for collection [collection1] has occurred - updating... (live nodes size: [2])
2022-05-16 03:52:15.789 INFO  (recoveryExecutor-10-thread-1-processing-localhost:8984_solr collection1_shard1_replica_n5 collection1 shard1 core_node7) [c:collection1 s:shard1 r:core_node7 x:collection1_shard1_replica_n5] o.a.s.c.RecoveryStrategy Attempting to PeerSync from [http://localhost:8983/solr/collection1_shard1_replica_n10/] - recoveringAfterStartup=[true]
2022-05-16 03:52:15.790 INFO  (recoveryExecutor-10-thread-2-processing-localhost:8984_solr collection1_shard2_replica_n1 collection1 shard2 core_node2) [c:collection1 s:shard2 r:core_node2 x:collection1_shard2_replica_n1] o.a.s.c.RecoveryStrategy Attempting to PeerSync from [http://localhost:8983/solr/collection1_shard2_replica_n6/] - recoveringAfterStartup=[true]
2022-05-16 03:52:15.793 WARN  (recoveryExecutor-10-thread-2-processing-localhost:8984_solr collection1_shard2_replica_n1 collection1 shard2 core_node2) [c:collection1 s:shard2 r:core_node2 x:collection1_shard2_replica_n1] o.a.s.u.PeerSyncWithLeader no frame of reference to tell if we've missed updates
2022-05-16 03:52:15.793 WARN  (recoveryExecutor-10-thread-1-processing-localhost:8984_solr collection1_shard1_replica_n5 collection1 shard1 core_node7) [c:collection1 s:shard1 r:core_node7 x:collection1_shard1_replica_n5] o.a.s.u.PeerSyncWithLeader no frame of reference to tell if we've missed updates
2022-05-16 03:52:15.795 INFO  (recoveryExecutor-10-thread-2-processing-localhost:8984_solr collection1_shard2_replica_n1 collection1 shard2 core_node2) [c:collection1 s:shard2 r:core_node2 x:collection1_shard2_replica_n1] o.a.s.c.RecoveryStrategy PeerSync Recovery was not successful - trying replication.
2022-05-16 03:52:15.796 INFO  (recoveryExecutor-10-thread-2-processing-localhost:8984_solr collection1_shard2_replica_n1 collection1 shard2 core_node2) [c:collection1 s:shard2 r:core_node2 x:collection1_shard2_replica_n1] o.a.s.c.RecoveryStrategy Starting Replication Recovery.
2022-05-16 03:52:15.796 INFO  (recoveryExecutor-10-thread-2-processing-localhost:8984_solr collection1_shard2_replica_n1 collection1 shard2 core_node2) [c:collection1 s:shard2 r:core_node2 x:collection1_shard2_replica_n1] o.a.s.c.RecoveryStrategy Attempting to replicate from [http://localhost:8983/solr/collection1_shard2_replica_n6/].
2022-05-16 03:52:15.805 INFO  (recoveryExecutor-10-thread-1-processing-localhost:8984_solr collection1_shard1_replica_n5 collection1 shard1 core_node7) [c:collection1 s:shard1 r:core_node7 x:collection1_shard1_replica_n5] o.a.s.c.RecoveryStrategy PeerSync Recovery was not successful - trying replication.
2022-05-16 03:52:15.805 INFO  (recoveryExecutor-10-thread-1-processing-localhost:8984_solr collection1_shard1_replica_n5 collection1 shard1 core_node7) [c:collection1 s:shard1 r:core_node7 x:collection1_shard1_replica_n5] o.a.s.c.RecoveryStrategy Starting Replication Recovery.
2022-05-16 03:52:15.805 INFO  (recoveryExecutor-10-thread-1-processing-localhost:8984_solr collection1_shard1_replica_n5 collection1 shard1 core_node7) [c:collection1 s:shard1 r:core_node7 x:collection1_shard1_replica_n5] o.a.s.c.RecoveryStrategy Attempting to replicate from [http://localhost:8983/solr/collection1_shard1_replica_n10/].
2022-05-16 03:52:16.124 INFO  (qtp507819576-25) [c:collection1 s:shard2 r:core_node2 x:collection1_shard2_replica_n1] o.a.s.u.p.DistributedUpdateProcessor Ignoring commit while not ACTIVE - state: BUFFERING replay: false
2022-05-16 03:52:16.125 INFO  (qtp507819576-25) [c:collection1 s:shard2 r:core_node2 x:collection1_shard2_replica_n1] o.a.s.u.p.LogUpdateProcessorFactory webapp=/solr path=/update params={update.distrib=FROMLEADER&waitSearcher=true&openSearcher=false&commit=true&softCommit=false&distrib.from=http://localhost:8983/solr/collection1_shard2_replica_n6/&commit_end_point=replicas&wt=javabin&version=2&expungeDeletes=false}{commit=} 0 42
2022-05-16 03:52:16.130 INFO  (qtp507819576-21) [c:collection1 s:shard1 r:core_node7 x:collection1_shard1_replica_n5] o.a.s.u.p.DistributedUpdateProcessor Ignoring commit while not ACTIVE - state: BUFFERING replay: false
2022-05-16 03:52:16.130 INFO  (qtp507819576-21) [c:collection1 s:shard1 r:core_node7 x:collection1_shard1_replica_n5] o.a.s.u.p.LogUpdateProcessorFactory webapp=/solr path=/update params={update.distrib=FROMLEADER&waitSearcher=true&openSearcher=false&commit=true&softCommit=false&distrib.from=http://localhost:8983/solr/collection1_shard1_replica_n10/&commit_end_point=replicas&wt=javabin&version=2&expungeDeletes=false}{commit=} 0 46
2022-05-16 03:52:16.153 INFO  (qtp507819576-23) [c:collection1 s:shard1 r:core_node7 x:collection1_shard1_replica_n5] o.a.s.u.p.DistributedUpdateProcessor Ignoring commit while not ACTIVE - state: BUFFERING replay: false
2022-05-16 03:52:16.153 INFO  (qtp507819576-23) [c:collection1 s:shard1 r:core_node7 x:collection1_shard1_replica_n5] o.a.s.u.p.LogUpdateProcessorFactory webapp=/solr path=/update params={update.distrib=FROMLEADER&waitSearcher=true&openSearcher=false&commit=true&softCommit=false&distrib.from=http://localhost:8983/solr/collection1_shard1_replica_n10/&commit_end_point=replicas&wt=javabin&version=2&expungeDeletes=false}{commit=} 0 1
2022-05-16 03:52:16.158 INFO  (qtp507819576-21) [c:collection1 s:shard2 r:core_node2 x:collection1_shard2_replica_n1] o.a.s.u.p.DistributedUpdateProcessor Ignoring commit while not ACTIVE - state: BUFFERING replay: false
2022-05-16 03:52:16.158 INFO  (qtp507819576-21) [c:collection1 s:shard2 r:core_node2 x:collection1_shard2_replica_n1] o.a.s.u.p.LogUpdateProcessorFactory webapp=/solr path=/update params={update.distrib=FROMLEADER&waitSearcher=true&openSearcher=false&commit=true&softCommit=false&distrib.from=http://localhost:8983/solr/collection1_shard2_replica_n6/&commit_end_point=replicas&wt=javabin&version=2&expungeDeletes=false}{commit=} 0 1
2022-05-16 03:52:16.200 INFO  (recoveryExecutor-10-thread-2-processing-localhost:8984_solr collection1_shard2_replica_n1 collection1 shard2 core_node2) [c:collection1 s:shard2 r:core_node2 x:collection1_shard2_replica_n1] o.a.s.h.IndexFetcher Leader's generation: 1
2022-05-16 03:52:16.200 INFO  (recoveryExecutor-10-thread-2-processing-localhost:8984_solr collection1_shard2_replica_n1 collection1 shard2 core_node2) [c:collection1 s:shard2 r:core_node2 x:collection1_shard2_replica_n1] o.a.s.h.IndexFetcher Leader's version: 0
2022-05-16 03:52:16.201 INFO  (recoveryExecutor-10-thread-1-processing-localhost:8984_solr collection1_shard1_replica_n5 collection1 shard1 core_node7) [c:collection1 s:shard1 r:core_node7 x:collection1_shard1_replica_n5] o.a.s.h.IndexFetcher Leader's generation: 1
2022-05-16 03:52:16.201 INFO  (recoveryExecutor-10-thread-1-processing-localhost:8984_solr collection1_shard1_replica_n5 collection1 shard1 core_node7) [c:collection1 s:shard1 r:core_node7 x:collection1_shard1_replica_n5] o.a.s.h.IndexFetcher Leader's version: 0
2022-05-16 03:52:16.201 INFO  (recoveryExecutor-10-thread-1-processing-localhost:8984_solr collection1_shard1_replica_n5 collection1 shard1 core_node7) [c:collection1 s:shard1 r:core_node7 x:collection1_shard1_replica_n5] o.a.s.h.IndexFetcher Follower's generation: 1
2022-05-16 03:52:16.201 INFO  (recoveryExecutor-10-thread-1-processing-localhost:8984_solr collection1_shard1_replica_n5 collection1 shard1 core_node7) [c:collection1 s:shard1 r:core_node7 x:collection1_shard1_replica_n5] o.a.s.h.IndexFetcher Follower's version: 0
2022-05-16 03:52:16.201 INFO  (recoveryExecutor-10-thread-1-processing-localhost:8984_solr collection1_shard1_replica_n5 collection1 shard1 core_node7) [c:collection1 s:shard1 r:core_node7 x:collection1_shard1_replica_n5] o.a.s.h.IndexFetcher New index in Leader. Deleting mine...
2022-05-16 03:52:16.200 INFO  (recoveryExecutor-10-thread-2-processing-localhost:8984_solr collection1_shard2_replica_n1 collection1 shard2 core_node2) [c:collection1 s:shard2 r:core_node2 x:collection1_shard2_replica_n1] o.a.s.h.IndexFetcher Follower's generation: 1
2022-05-16 03:52:16.204 INFO  (recoveryExecutor-10-thread-2-processing-localhost:8984_solr collection1_shard2_replica_n1 collection1 shard2 core_node2) [c:collection1 s:shard2 r:core_node2 x:collection1_shard2_replica_n1] o.a.s.h.IndexFetcher Follower's version: 0
2022-05-16 03:52:16.204 INFO  (recoveryExecutor-10-thread-2-processing-localhost:8984_solr collection1_shard2_replica_n1 collection1 shard2 core_node2) [c:collection1 s:shard2 r:core_node2 x:collection1_shard2_replica_n1] o.a.s.h.IndexFetcher New index in Leader. Deleting mine...
2022-05-16 03:52:16.225 INFO  (searcherExecutor-21-thread-1-processing-localhost:8984_solr collection1_shard1_replica_n5 collection1 shard1 core_node7) [c:collection1 s:shard1 r:core_node7 x:collection1_shard1_replica_n5] o.a.s.c.QuerySenderListener QuerySenderListener done.
2022-05-16 03:52:16.242 INFO  (searcherExecutor-19-thread-1-processing-localhost:8984_solr collection1_shard2_replica_n1 collection1 shard2 core_node2) [c:collection1 s:shard2 r:core_node2 x:collection1_shard2_replica_n1] o.a.s.c.QuerySenderListener QuerySenderListener done.
2022-05-16 03:52:16.266 INFO  (searcherExecutor-19-thread-1-processing-localhost:8984_solr collection1_shard2_replica_n1 collection1 shard2 core_node2) [c:collection1 s:shard2 r:core_node2 x:collection1_shard2_replica_n1] o.a.s.c.SolrCore Registered new searcher autowarm time: 0 ms
2022-05-16 03:52:16.275 INFO  (searcherExecutor-21-thread-1-processing-localhost:8984_solr collection1_shard1_replica_n5 collection1 shard1 core_node7) [c:collection1 s:shard1 r:core_node7 x:collection1_shard1_replica_n5] o.a.s.c.SolrCore Registered new searcher autowarm time: 8 ms
2022-05-16 03:52:16.279 INFO  (recoveryExecutor-10-thread-2-processing-localhost:8984_solr collection1_shard2_replica_n1 collection1 shard2 core_node2) [c:collection1 s:shard2 r:core_node2 x:collection1_shard2_replica_n1] o.a.s.c.RecoveryStrategy No replay needed.
2022-05-16 03:52:16.279 INFO  (recoveryExecutor-10-thread-1-processing-localhost:8984_solr collection1_shard1_replica_n5 collection1 shard1 core_node7) [c:collection1 s:shard1 r:core_node7 x:collection1_shard1_replica_n5] o.a.s.c.RecoveryStrategy No replay needed.
2022-05-16 03:52:16.279 INFO  (recoveryExecutor-10-thread-1-processing-localhost:8984_solr collection1_shard1_replica_n5 collection1 shard1 core_node7) [c:collection1 s:shard1 r:core_node7 x:collection1_shard1_replica_n5] o.a.s.c.RecoveryStrategy Replication Recovery was successful.
2022-05-16 03:52:16.279 INFO  (recoveryExecutor-10-thread-1-processing-localhost:8984_solr collection1_shard1_replica_n5 collection1 shard1 core_node7) [c:collection1 s:shard1 r:core_node7 x:collection1_shard1_replica_n5] o.a.s.c.RecoveryStrategy Registering as Active after recovery.
2022-05-16 03:52:16.281 INFO  (recoveryExecutor-10-thread-2-processing-localhost:8984_solr collection1_shard2_replica_n1 collection1 shard2 core_node2) [c:collection1 s:shard2 r:core_node2 x:collection1_shard2_replica_n1] o.a.s.c.RecoveryStrategy Replication Recovery was successful.
2022-05-16 03:52:16.281 INFO  (recoveryExecutor-10-thread-2-processing-localhost:8984_solr collection1_shard2_replica_n1 collection1 shard2 core_node2) [c:collection1 s:shard2 r:core_node2 x:collection1_shard2_replica_n1] o.a.s.c.RecoveryStrategy Registering as Active after recovery.
2022-05-16 03:52:16.292 INFO  (recoveryExecutor-10-thread-1-processing-localhost:8984_solr collection1_shard1_replica_n5 collection1 shard1 core_node7) [c:collection1 s:shard1 r:core_node7 x:collection1_shard1_replica_n5] o.a.s.c.RecoveryStrategy Updating version bucket highest from index after successful recovery.
2022-05-16 03:52:16.292 INFO  (recoveryExecutor-10-thread-1-processing-localhost:8984_solr collection1_shard1_replica_n5 collection1 shard1 core_node7) [c:collection1 s:shard1 r:core_node7 x:collection1_shard1_replica_n5] o.a.s.u.UpdateLog Could not find max version in index or recent updates, using new clock 1732953386560520192
2022-05-16 03:52:16.326 INFO  (recoveryExecutor-10-thread-1-processing-localhost:8984_solr collection1_shard1_replica_n5 collection1 shard1 core_node7) [c:collection1 s:shard1 r:core_node7 x:collection1_shard1_replica_n5] o.a.s.c.RecoveryStrategy Finished recovery process, successful=[true] msTimeTaken=3427.0
2022-05-16 03:52:16.326 INFO  (recoveryExecutor-10-thread-1-processing-localhost:8984_solr collection1_shard1_replica_n5 collection1 shard1 core_node7) [c:collection1 s:shard1 r:core_node7 x:collection1_shard1_replica_n5] o.a.s.c.RecoveryStrategy Finished recovery process. recoveringAfterStartup=true msTimeTaken=3427.0
2022-05-16 03:52:16.326 INFO  (recoveryExecutor-10-thread-2-processing-localhost:8984_solr collection1_shard2_replica_n1 collection1 shard2 core_node2) [c:collection1 s:shard2 r:core_node2 x:collection1_shard2_replica_n1] o.a.s.c.RecoveryStrategy Updating version bucket highest from index after successful recovery.
2022-05-16 03:52:16.326 INFO  (recoveryExecutor-10-thread-2-processing-localhost:8984_solr collection1_shard2_replica_n1 collection1 shard2 core_node2) [c:collection1 s:shard2 r:core_node2 x:collection1_shard2_replica_n1] o.a.s.u.UpdateLog Could not find max version in index or recent updates, using new clock 1732953386596171776
2022-05-16 03:52:16.328 INFO  (recoveryExecutor-10-thread-2-processing-localhost:8984_solr collection1_shard2_replica_n1 collection1 shard2 core_node2) [c:collection1 s:shard2 r:core_node2 x:collection1_shard2_replica_n1] o.a.s.c.RecoveryStrategy Finished recovery process, successful=[true] msTimeTaken=3429.0
2022-05-16 03:52:16.328 INFO  (recoveryExecutor-10-thread-2-processing-localhost:8984_solr collection1_shard2_replica_n1 collection1 shard2 core_node2) [c:collection1 s:shard2 r:core_node2 x:collection1_shard2_replica_n1] o.a.s.c.RecoveryStrategy Finished recovery process. recoveringAfterStartup=true msTimeTaken=3429.0
2022-05-16 03:52:16.329 INFO  (zkCallback-11-thread-1) [] o.a.s.c.c.ZkStateReader A cluster state change: [WatchedEvent state:SyncConnected type:NodeDataChanged path:/collections/collection1/state.json] for collection [collection1] has occurred - updating... (live nodes size: [2])
2022-05-16 03:52:16.331 INFO  (zkCallback-11-thread-3) [] o.a.s.c.c.ZkStateReader A cluster state change: [WatchedEvent state:SyncConnected type:NodeDataChanged path:/collections/collection1/state.json] for collection [collection1] has occurred - updating... (live nodes size: [2])
2022-05-16 03:52:16.332 INFO  (zkCallback-11-thread-2) [] o.a.s.c.c.ZkStateReader A cluster state change: [WatchedEvent state:SyncConnected type:NodeDataChanged path:/collections/collection1/state.json] for collection [collection1] has occurred - updating... (live nodes size: [2])
2022-05-16 03:52:16.425 INFO  (zkCallback-11-thread-2) [] o.a.s.c.c.ZkStateReader A cluster state change: [WatchedEvent state:SyncConnected type:NodeDataChanged path:/collections/collection1/state.json] for collection [collection1] has occurred - updating... (live nodes size: [2])
2022-05-16 03:52:16.426 INFO  (zkCallback-11-thread-3) [] o.a.s.c.c.ZkStateReader A cluster state change: [WatchedEvent state:SyncConnected type:NodeDataChanged path:/collections/collection1/state.json] for collection [collection1] has occurred - updating... (live nodes size: [2])
2022-05-16 03:52:16.426 INFO  (zkCallback-11-thread-1) [] o.a.s.c.c.ZkStateReader A cluster state change: [WatchedEvent state:SyncConnected type:NodeDataChanged path:/collections/collection1/state.json] for collection [collection1] has occurred - updating... (live nodes size: [2])
2022-05-16 03:52:17.531 INFO  (zkCallback-11-thread-3) [] o.a.s.c.c.ZkStateReader Updated live nodes from ZooKeeper... (2) -> (3)
2022-05-16 03:52:17.608 INFO  (zkCallback-11-thread-3) [] o.a.s.c.c.ZkStateReader A cluster state change: [WatchedEvent state:SyncConnected type:NodeDataChanged path:/collections/collection1/state.json] for collection [collection1] has occurred - updating... (live nodes size: [3])
2022-05-16 03:52:17.608 INFO  (zkCallback-11-thread-1) [] o.a.s.c.c.ZkStateReader A cluster state change: [WatchedEvent state:SyncConnected type:NodeDataChanged path:/collections/collection1/state.json] for collection [collection1] has occurred - updating... (live nodes size: [3])
2022-05-16 03:52:17.608 INFO  (zkCallback-11-thread-2) [] o.a.s.c.c.ZkStateReader A cluster state change: [WatchedEvent state:SyncConnected type:NodeDataChanged path:/collections/collection1/state.json] for collection [collection1] has occurred - updating... (live nodes size: [3])
2022-05-16 03:52:20.545 INFO  (zkCallback-11-thread-1) [] o.a.s.c.c.ZkStateReader A cluster state change: [WatchedEvent state:SyncConnected type:NodeDataChanged path:/collections/collection1/state.json] for collection [collection1] has occurred - updating... (live nodes size: [3])
2022-05-16 03:52:20.545 INFO  (zkCallback-11-thread-2) [] o.a.s.c.c.ZkStateReader A cluster state change: [WatchedEvent state:SyncConnected type:NodeDataChanged path:/collections/collection1/state.json] for collection [collection1] has occurred - updating... (live nodes size: [3])
2022-05-16 03:52:20.545 INFO  (zkCallback-11-thread-3) [] o.a.s.c.c.ZkStateReader A cluster state change: [WatchedEvent state:SyncConnected type:NodeDataChanged path:/collections/collection1/state.json] for collection [collection1] has occurred - updating... (live nodes size: [3])
2022-05-16 03:52:24.808 INFO  (zkCallback-11-thread-1) [] o.a.s.c.c.ZkStateReader A cluster state change: [WatchedEvent state:SyncConnected type:NodeDataChanged path:/collections/collection1/state.json] for collection [collection1] has occurred - updating... (live nodes size: [3])
2022-05-16 03:52:24.808 INFO  (zkCallback-11-thread-3) [] o.a.s.c.c.ZkStateReader A cluster state change: [WatchedEvent state:SyncConnected type:NodeDataChanged path:/collections/collection1/state.json] for collection [collection1] has occurred - updating... (live nodes size: [3])
2022-05-16 03:52:24.808 INFO  (zkCallback-11-thread-2) [] o.a.s.c.c.ZkStateReader A cluster state change: [WatchedEvent state:SyncConnected type:NodeDataChanged path:/collections/collection1/state.json] for collection [collection1] has occurred - updating... (live nodes size: [3])
2022-05-16 03:52:24.844 INFO  (zkCallback-11-thread-1) [] o.a.s.c.c.ZkStateReader Updated live nodes from ZooKeeper... (3) -> (4)
2022-05-16 03:52:28.431 INFO  (zkCallback-11-thread-1) [] o.a.s.c.c.ZkStateReader A cluster state change: [WatchedEvent state:SyncConnected type:NodeDataChanged path:/collections/collection1/state.json] for collection [collection1] has occurred - updating... (live nodes size: [4])
2022-05-16 03:52:28.431 INFO  (zkCallback-11-thread-2) [] o.a.s.c.c.ZkStateReader A cluster state change: [WatchedEvent state:SyncConnected type:NodeDataChanged path:/collections/collection1/state.json] for collection [collection1] has occurred - updating... (live nodes size: [4])
2022-05-16 03:52:28.431 INFO  (zkCallback-11-thread-3) [] o.a.s.c.c.ZkStateReader A cluster state change: [WatchedEvent state:SyncConnected type:NodeDataChanged path:/collections/collection1/state.json] for collection [collection1] has occurred - updating... (live nodes size: [4])
2022-05-16 03:52:28.565 INFO  (zkCallback-11-thread-1) [] o.a.s.c.c.ZkStateReader A cluster state change: [WatchedEvent state:SyncConnected type:NodeDataChanged path:/collections/collection1/state.json] for collection [collection1] has occurred - updating... (live nodes size: [4])
2022-05-16 03:52:28.566 INFO  (zkCallback-11-thread-2) [] o.a.s.c.c.ZkStateReader A cluster state change: [WatchedEvent state:SyncConnected type:NodeDataChanged path:/collections/collection1/state.json] for collection [collection1] has occurred - updating... (live nodes size: [4])
2022-05-16 03:52:28.567 INFO  (zkCallback-11-thread-3) [] o.a.s.c.c.ZkStateReader A cluster state change: [WatchedEvent state:SyncConnected type:NodeDataChanged path:/collections/collection1/state.json] for collection [collection1] has occurred - updating... (live nodes size: [4])
2022-05-16 03:52:29.161 INFO  (zkCallback-11-thread-1) [] o.a.s.c.c.ZkStateReader A cluster state change: [WatchedEvent state:SyncConnected type:NodeDataChanged path:/collections/collection1/state.json] for collection [collection1] has occurred - updating... (live nodes size: [4])
2022-05-16 03:52:29.161 INFO  (zkCallback-11-thread-2) [] o.a.s.c.c.ZkStateReader A cluster state change: [WatchedEvent state:SyncConnected type:NodeDataChanged path:/collections/collection1/state.json] for collection [collection1] has occurred - updating... (live nodes size: [4])
2022-05-16 03:52:29.161 INFO  (zkCallback-11-thread-3) [] o.a.s.c.c.ZkStateReader A cluster state change: [WatchedEvent state:SyncConnected type:NodeDataChanged path:/collections/collection1/state.json] for collection [collection1] has occurred - updating... (live nodes size: [4])
2022-05-16 03:52:31.769 INFO  (qtp507819576-23) [c:collection1 s:shard2 r:core_node2 x:collection1_shard2_replica_n1] o.a.s.u.p.LogUpdateProcessorFactory webapp=/solr path=/update params={update.distrib=FROMLEADER&waitSearcher=true&openSearcher=false&commit=true&softCommit=false&distrib.from=http://localhost:8983/solr/collection1_shard2_replica_n6/&commit_end_point=replicas&wt=javabin&version=2&expungeDeletes=false}{commit=} 0 23
2022-05-16 03:52:31.770 INFO  (qtp507819576-25) [c:collection1 s:shard1 r:core_node7 x:collection1_shard1_replica_n5] o.a.s.u.p.LogUpdateProcessorFactory webapp=/solr path=/update params={update.distrib=FROMLEADER&waitSearcher=true&openSearcher=false&commit=true&softCommit=false&distrib.from=http://localhost:8983/solr/collection1_shard1_replica_n10/&commit_end_point=replicas&wt=javabin&version=2&expungeDeletes=false}{commit=} 0 27
2022-05-16 03:52:31.893 INFO  (zkCallback-11-thread-2) [] o.a.s.c.c.ZkStateReader A cluster state change: [WatchedEvent state:SyncConnected type:NodeDataChanged path:/collections/collection1/state.json] for collection [collection1] has occurred - updating... (live nodes size: [4])
2022-05-16 03:52:31.893 INFO  (zkCallback-11-thread-3) [] o.a.s.c.c.ZkStateReader A cluster state change: [WatchedEvent state:SyncConnected type:NodeDataChanged path:/collections/collection1/state.json] for collection [collection1] has occurred - updating... (live nodes size: [4])
2022-05-16 03:52:31.893 INFO  (zkCallback-11-thread-1) [] o.a.s.c.c.ZkStateReader A cluster state change: [WatchedEvent state:SyncConnected type:NodeDataChanged path:/collections/collection1/state.json] for collection [collection1] has occurred - updating... (live nodes size: [4])
2022-05-16 03:53:03.368 INFO  (qtp507819576-24) [ x:collection2_shard2_replica_n1] o.a.s.h.a.CoreAdminOperation core create command qt=/admin/cores&coreNodeName=core_node2&collection.configName=collection2&newCollection=true&name=collection2_shard2_replica_n1&action=CREATE&numShards=4&collection=collection2&shard=shard2&wt=javabin&version=2&replicaType=NRT
2022-05-16 03:53:03.371 INFO  (qtp507819576-25) [ x:collection2_shard4_replica_n4] o.a.s.h.a.CoreAdminOperation core create command qt=/admin/cores&coreNodeName=core_node6&collection.configName=collection2&newCollection=true&name=collection2_shard4_replica_n4&action=CREATE&numShards=4&collection=collection2&shard=shard4&wt=javabin&version=2&replicaType=NRT
2022-05-16 03:53:03.611 INFO  (qtp507819576-25) [c:collection2 s:shard4 r:core_node6 x:collection2_shard4_replica_n4] o.a.s.c.SolrConfig Using Lucene MatchVersion: 9.0.0
2022-05-16 03:53:03.612 INFO  (qtp507819576-24) [c:collection2 s:shard2 r:core_node2 x:collection2_shard2_replica_n1] o.a.s.c.SolrConfig Using Lucene MatchVersion: 9.0.0
2022-05-16 03:53:03.673 INFO  (qtp507819576-24) [c:collection2 s:shard2 r:core_node2 x:collection2_shard2_replica_n1] o.a.s.s.IndexSchema Schema name=default-config
2022-05-16 03:53:03.682 INFO  (qtp507819576-25) [c:collection2 s:shard4 r:core_node6 x:collection2_shard4_replica_n4] o.a.s.s.IndexSchema Schema name=default-config
2022-05-16 03:53:03.940 INFO  (qtp507819576-24) [c:collection2 s:shard2 r:core_node2 x:collection2_shard2_replica_n1] o.a.s.s.IndexSchema Loaded schema default-config/1.6 with uniqueid field id
2022-05-16 03:53:03.941 INFO  (qtp507819576-24) [c:collection2 s:shard2 r:core_node2 x:collection2_shard2_replica_n1] o.a.s.c.CoreContainer Creating SolrCore 'collection2_shard2_replica_n1' using configuration from configset collection2, trusted=true
2022-05-16 03:53:03.944 INFO  (qtp507819576-24) [c:collection2 s:shard2 r:core_node2 x:collection2_shard2_replica_n1] o.a.s.c.SolrCore Opening new SolrCore at [/home/haseeb/Desktop/DC_Project/solr/example/cloud/node2/solr/collection2_shard2_replica_n1], dataDir=[/home/haseeb/Desktop/DC_Project/solr/example/cloud/node2/solr/collection2_shard2_replica_n1/data/]
2022-05-16 03:53:04.009 INFO  (qtp507819576-25) [c:collection2 s:shard4 r:core_node6 x:collection2_shard4_replica_n4] o.a.s.s.IndexSchema Loaded schema default-config/1.6 with uniqueid field id
2022-05-16 03:53:04.009 INFO  (qtp507819576-25) [c:collection2 s:shard4 r:core_node6 x:collection2_shard4_replica_n4] o.a.s.c.CoreContainer Creating SolrCore 'collection2_shard4_replica_n4' using configuration from configset collection2, trusted=true
2022-05-16 03:53:04.012 INFO  (qtp507819576-25) [c:collection2 s:shard4 r:core_node6 x:collection2_shard4_replica_n4] o.a.s.c.SolrCore Opening new SolrCore at [/home/haseeb/Desktop/DC_Project/solr/example/cloud/node2/solr/collection2_shard4_replica_n4], dataDir=[/home/haseeb/Desktop/DC_Project/solr/example/cloud/node2/solr/collection2_shard4_replica_n4/data/]
2022-05-16 03:53:04.980 INFO  (qtp507819576-24) [c:collection2 s:shard2 r:core_node2 x:collection2_shard2_replica_n1] o.a.s.u.UpdateHandler Using UpdateLog implementation: org.apache.solr.update.UpdateLog
2022-05-16 03:53:04.980 INFO  (qtp507819576-24) [c:collection2 s:shard2 r:core_node2 x:collection2_shard2_replica_n1] o.a.s.u.UpdateLog Initializing UpdateLog: dataDir= defaultSyncLevel=FLUSH numRecordsToKeep=100 maxNumLogsToKeep=10 numVersionBuckets=65536
2022-05-16 03:53:05.012 INFO  (qtp507819576-24) [c:collection2 s:shard2 r:core_node2 x:collection2_shard2_replica_n1] o.a.s.u.CommitTracker Hard AutoCommit: if uncommitted for 15000ms; 
2022-05-16 03:53:05.012 INFO  (qtp507819576-24) [c:collection2 s:shard2 r:core_node2 x:collection2_shard2_replica_n1] o.a.s.u.CommitTracker Soft AutoCommit: disabled
2022-05-16 03:53:05.026 INFO  (qtp507819576-25) [c:collection2 s:shard4 r:core_node6 x:collection2_shard4_replica_n4] o.a.s.u.UpdateHandler Using UpdateLog implementation: org.apache.solr.update.UpdateLog
2022-05-16 03:53:05.026 INFO  (qtp507819576-25) [c:collection2 s:shard4 r:core_node6 x:collection2_shard4_replica_n4] o.a.s.u.UpdateLog Initializing UpdateLog: dataDir= defaultSyncLevel=FLUSH numRecordsToKeep=100 maxNumLogsToKeep=10 numVersionBuckets=65536
2022-05-16 03:53:05.029 INFO  (qtp507819576-25) [c:collection2 s:shard4 r:core_node6 x:collection2_shard4_replica_n4] o.a.s.u.CommitTracker Hard AutoCommit: if uncommitted for 15000ms; 
2022-05-16 03:53:05.030 INFO  (qtp507819576-25) [c:collection2 s:shard4 r:core_node6 x:collection2_shard4_replica_n4] o.a.s.u.CommitTracker Soft AutoCommit: disabled
2022-05-16 03:53:05.058 INFO  (qtp507819576-24) [c:collection2 s:shard2 r:core_node2 x:collection2_shard2_replica_n1] o.a.s.r.ManagedResourceStorage Configured ZooKeeperStorageIO with znodeBase: /configs/collection2
2022-05-16 03:53:05.059 INFO  (qtp507819576-25) [c:collection2 s:shard4 r:core_node6 x:collection2_shard4_replica_n4] o.a.s.r.ManagedResourceStorage Configured ZooKeeperStorageIO with znodeBase: /configs/collection2
2022-05-16 03:53:05.059 INFO  (qtp507819576-24) [c:collection2 s:shard2 r:core_node2 x:collection2_shard2_replica_n1] o.a.s.r.ManagedResourceStorage Loaded null at path _rest_managed.json using ZooKeeperStorageIO:path=/configs/collection2
2022-05-16 03:53:05.061 INFO  (qtp507819576-25) [c:collection2 s:shard4 r:core_node6 x:collection2_shard4_replica_n4] o.a.s.r.ManagedResourceStorage Loaded null at path _rest_managed.json using ZooKeeperStorageIO:path=/configs/collection2
2022-05-16 03:53:05.062 INFO  (qtp507819576-24) [c:collection2 s:shard2 r:core_node2 x:collection2_shard2_replica_n1] o.a.s.s.ZkIndexSchemaReader Creating ZooKeeper watch for the managed schema at /configs/collection2/managed-schema.xml
2022-05-16 03:53:05.064 INFO  (qtp507819576-25) [c:collection2 s:shard4 r:core_node6 x:collection2_shard4_replica_n4] o.a.s.s.ZkIndexSchemaReader Creating ZooKeeper watch for the managed schema at /configs/collection2/managed-schema.xml
2022-05-16 03:53:05.068 INFO  (qtp507819576-24) [c:collection2 s:shard2 r:core_node2 x:collection2_shard2_replica_n1] o.a.s.s.ZkIndexSchemaReader Current schema version 0 is already the latest
2022-05-16 03:53:05.069 INFO  (qtp507819576-24) [c:collection2 s:shard2 r:core_node2 x:collection2_shard2_replica_n1] o.a.s.s.DirectSolrSpellChecker init: {accuracy=0.5, maxQueryFrequency=0.01, maxEdits=2, minPrefix=1, maxInspections=5, minQueryLength=4, name=default, field=_text_, classname=solr.DirectSolrSpellChecker, distanceMeasure=internal}
2022-05-16 03:53:05.069 INFO  (qtp507819576-25) [c:collection2 s:shard4 r:core_node6 x:collection2_shard4_replica_n4] o.a.s.s.ZkIndexSchemaReader Current schema version 0 is already the latest
2022-05-16 03:53:05.070 INFO  (qtp507819576-25) [c:collection2 s:shard4 r:core_node6 x:collection2_shard4_replica_n4] o.a.s.s.DirectSolrSpellChecker init: {accuracy=0.5, maxQueryFrequency=0.01, maxEdits=2, minPrefix=1, maxInspections=5, minQueryLength=4, name=default, field=_text_, classname=solr.DirectSolrSpellChecker, distanceMeasure=internal}
2022-05-16 03:53:05.077 INFO  (qtp507819576-25) [c:collection2 s:shard4 r:core_node6 x:collection2_shard4_replica_n4] o.a.s.h.ReplicationHandler Commits will be reserved for 10000 ms
2022-05-16 03:53:05.077 INFO  (qtp507819576-25) [c:collection2 s:shard4 r:core_node6 x:collection2_shard4_replica_n4] o.a.s.u.UpdateLog Could not find max version in index or recent updates, using new clock 1732953437715300352
2022-05-16 03:53:05.081 INFO  (qtp507819576-24) [c:collection2 s:shard2 r:core_node2 x:collection2_shard2_replica_n1] o.a.s.h.ReplicationHandler Commits will be reserved for 10000 ms
2022-05-16 03:53:05.083 INFO  (qtp507819576-24) [c:collection2 s:shard2 r:core_node2 x:collection2_shard2_replica_n1] o.a.s.u.UpdateLog Could not find max version in index or recent updates, using new clock 1732953437721591808
2022-05-16 03:53:05.094 INFO  (searcherExecutor-35-thread-1-processing-localhost:8984_solr collection2_shard4_replica_n4 collection2 shard4 core_node6) [c:collection2 s:shard4 r:core_node6 x:collection2_shard4_replica_n4] o.a.s.c.QuerySenderListener QuerySenderListener done.
2022-05-16 03:53:05.094 INFO  (searcherExecutor-35-thread-1-processing-localhost:8984_solr collection2_shard4_replica_n4 collection2 shard4 core_node6) [c:collection2 s:shard4 r:core_node6 x:collection2_shard4_replica_n4] o.a.s.h.c.SpellCheckComponent Loading spell index for spellchecker: default
2022-05-16 03:53:05.097 INFO  (searcherExecutor-35-thread-1-processing-localhost:8984_solr collection2_shard4_replica_n4 collection2 shard4 core_node6) [c:collection2 s:shard4 r:core_node6 x:collection2_shard4_replica_n4] o.a.s.c.SolrCore Registered new searcher autowarm time: 0 ms
2022-05-16 03:53:05.103 INFO  (searcherExecutor-33-thread-1-processing-localhost:8984_solr collection2_shard2_replica_n1 collection2 shard2 core_node2) [c:collection2 s:shard2 r:core_node2 x:collection2_shard2_replica_n1] o.a.s.c.QuerySenderListener QuerySenderListener done.
2022-05-16 03:53:05.103 INFO  (searcherExecutor-33-thread-1-processing-localhost:8984_solr collection2_shard2_replica_n1 collection2 shard2 core_node2) [c:collection2 s:shard2 r:core_node2 x:collection2_shard2_replica_n1] o.a.s.h.c.SpellCheckComponent Loading spell index for spellchecker: default
2022-05-16 03:53:05.106 INFO  (searcherExecutor-33-thread-1-processing-localhost:8984_solr collection2_shard2_replica_n1 collection2 shard2 core_node2) [c:collection2 s:shard2 r:core_node2 x:collection2_shard2_replica_n1] o.a.s.c.SolrCore Registered new searcher autowarm time: 0 ms
2022-05-16 03:53:05.149 INFO  (qtp507819576-25) [c:collection2 s:shard4 r:core_node6 x:collection2_shard4_replica_n4] o.a.s.c.ZkShardTerms Successful update of terms at /collections/collection2/terms/shard4 to Terms{values={core_node6=0, core_node12=0}, version=1} for registerTerm
2022-05-16 03:53:05.172 INFO  (qtp507819576-24) [c:collection2 s:shard2 r:core_node2 x:collection2_shard2_replica_n1] o.a.s.c.ZkShardTerms Successful update of terms at /collections/collection2/terms/shard2 to Terms{values={core_node2=0, core_node5=0}, version=1} for registerTerm
2022-05-16 03:53:05.172 INFO  (qtp507819576-24) [c:collection2 s:shard2 r:core_node2 x:collection2_shard2_replica_n1] o.a.s.c.ShardLeaderElectionContextBase make sure parent is created /collections/collection2/leaders/shard2
2022-05-16 03:53:05.173 INFO  (qtp507819576-25) [c:collection2 s:shard4 r:core_node6 x:collection2_shard4_replica_n4] o.a.s.c.ShardLeaderElectionContextBase make sure parent is created /collections/collection2/leaders/shard4
2022-05-16 03:53:05.337 INFO  (qtp507819576-23) [c:collection2 s:shard4 r:core_node6 x:collection2_shard4_replica_n4] o.a.s.c.S.Request webapp=/solr path=/get params={distrib=false&qt=/get&fingerprint=false&getVersions=100&wt=javabin&version=2} status=0 QTime=4
2022-05-16 03:53:05.344 INFO  (qtp507819576-17) [c:collection2 s:shard2 r:core_node2 x:collection2_shard2_replica_n1] o.a.s.c.S.Request webapp=/solr path=/get params={distrib=false&qt=/get&fingerprint=false&getVersions=100&wt=javabin&version=2} status=0 QTime=0
2022-05-16 03:53:06.213 INFO  (qtp507819576-25) [] o.a.s.s.HttpSolrCall [admin] webapp=null path=/admin/cores params={qt=/admin/cores&coreNodeName=core_node6&collection.configName=collection2&newCollection=true&name=collection2_shard4_replica_n4&action=CREATE&numShards=4&collection=collection2&shard=shard4&wt=javabin&version=2&replicaType=NRT} status=0 QTime=2844
2022-05-16 03:53:06.220 INFO  (qtp507819576-24) [] o.a.s.s.HttpSolrCall [admin] webapp=null path=/admin/cores params={qt=/admin/cores&coreNodeName=core_node2&collection.configName=collection2&newCollection=true&name=collection2_shard2_replica_n1&action=CREATE&numShards=4&collection=collection2&shard=shard2&wt=javabin&version=2&replicaType=NRT} status=0 QTime=2858
2022-05-16 03:53:06.410 INFO  (zkCallback-11-thread-1) [] o.a.s.c.c.ZkStateReader A cluster state change: [WatchedEvent state:SyncConnected type:NodeDataChanged path:/collections/collection2/state.json] for collection [collection2] has occurred - updating... (live nodes size: [4])
2022-05-16 03:53:06.411 INFO  (zkCallback-11-thread-3) [] o.a.s.c.c.ZkStateReader A cluster state change: [WatchedEvent state:SyncConnected type:NodeDataChanged path:/collections/collection2/state.json] for collection [collection2] has occurred - updating... (live nodes size: [4])
2022-05-16 03:53:06.613 INFO  (ZKEventListenerThread) [] o.a.s.c.SolrCore config update listener called for core collection2_shard4_replica_n4
2022-05-16 03:53:06.627 INFO  (ZKEventListenerThread) [] o.a.s.c.SolrCore core reload collection2_shard4_replica_n4
2022-05-16 03:53:06.662 INFO  (ZKEventListenerThread) [] o.a.s.c.SolrConfig Using Lucene MatchVersion: 9.0.0
2022-05-16 03:53:06.705 INFO  (ZKEventListenerThread) [] o.a.s.s.IndexSchema Schema name=default-config
2022-05-16 03:53:06.913 INFO  (qtp507819576-17) [c:collection2 s:shard4 r:core_node6 x:collection2_shard4_replica_n4] o.a.s.h.SolrConfigHandler expecting overlay version 0 but my version is -1
2022-05-16 03:53:06.924 INFO  (qtp507819576-21) [c:collection2 s:shard2 r:core_node2 x:collection2_shard2_replica_n1] o.a.s.h.SolrConfigHandler expecting overlay version 0 but my version is -1
2022-05-16 03:53:06.925 INFO  (qtp507819576-17) [c:collection2 s:shard4 r:core_node6 x:collection2_shard4_replica_n4] o.a.s.c.S.Request webapp=/solr path=/config/znodeVersion params={overlay=0&wt=javabin&version=2} status=0 QTime=14
2022-05-16 03:53:06.928 INFO  (SolrConfigHandler-refreshconf) [] o.a.s.h.SolrConfigHandler Another reload is in progress . Not doing anything
2022-05-16 03:53:07.017 INFO  (qtp507819576-21) [c:collection2 s:shard2 r:core_node2 x:collection2_shard2_replica_n1] o.a.s.c.S.Request webapp=/solr path=/config/znodeVersion params={overlay=0&wt=javabin&version=2} status=0 QTime=93
2022-05-16 03:53:07.024 INFO  (SolrConfigHandler-refreshconf) [] o.a.s.h.SolrConfigHandler Trying to update my configs
2022-05-16 03:53:07.024 INFO  (SolrConfigHandler-refreshconf) [] o.a.s.c.SolrCore config update listener called for core collection2_shard2_replica_n1
2022-05-16 03:53:07.032 INFO  (SolrConfigHandler-refreshconf) [] o.a.s.c.SolrCore core reload collection2_shard2_replica_n1
2022-05-16 03:53:07.065 INFO  (ZKEventListenerThread) [] o.a.s.s.IndexSchema Loaded schema default-config/1.6 with uniqueid field id
2022-05-16 03:53:07.065 INFO  (ZKEventListenerThread) [] o.a.s.c.CoreContainer Reloading SolrCore 'collection2_shard4_replica_n4' using configuration from configset collection2
2022-05-16 03:53:07.127 INFO  (qtp507819576-24) [c:collection2 s:shard4 r:core_node6 x:collection2_shard4_replica_n4] o.a.s.h.SolrConfigHandler expecting overlay version 0 but my version is -1
2022-05-16 03:53:07.135 INFO  (SolrConfigHandler-refreshconf) [] o.a.s.c.SolrConfig Using Lucene MatchVersion: 9.0.0
2022-05-16 03:53:07.139 INFO  (qtp507819576-24) [c:collection2 s:shard4 r:core_node6 x:collection2_shard4_replica_n4] o.a.s.c.S.Request webapp=/solr path=/config/znodeVersion params={overlay=0&wt=javabin&version=2} status=0 QTime=11
2022-05-16 03:53:07.142 INFO  (SolrConfigHandler-refreshconf) [] o.a.s.h.SolrConfigHandler Another reload is in progress . Not doing anything
2022-05-16 03:53:07.154 INFO  (SolrConfigHandler-refreshconf) [] o.a.s.s.IndexSchema Schema name=default-config
2022-05-16 03:53:07.172 INFO  (qtp507819576-23) [c:collection2 s:shard2 r:core_node2 x:collection2_shard2_replica_n1] o.a.s.h.SolrConfigHandler expecting overlay version 0 but my version is -1
2022-05-16 03:53:07.174 INFO  (qtp507819576-23) [c:collection2 s:shard2 r:core_node2 x:collection2_shard2_replica_n1] o.a.s.c.S.Request webapp=/solr path=/config/znodeVersion params={overlay=0&wt=javabin&version=2} status=0 QTime=2
2022-05-16 03:53:07.219 INFO  (SolrConfigHandler-refreshconf) [] o.a.s.h.SolrConfigHandler Another reload is in progress . Not doing anything
2022-05-16 03:53:07.302 INFO  (ZKEventListenerThread) [] o.a.s.c.SolrCore Opening new SolrCore at [/home/haseeb/Desktop/DC_Project/solr/example/cloud/node2/solr/collection2_shard4_replica_n4], dataDir=[/home/haseeb/Desktop/DC_Project/solr/example/cloud/node2/solr/collection2_shard4_replica_n4/data/]
2022-05-16 03:53:07.428 INFO  (qtp507819576-21) [c:collection2 s:shard4 r:core_node6 x:collection2_shard4_replica_n4] o.a.s.h.SolrConfigHandler expecting overlay version 0 but my version is -1
2022-05-16 03:53:07.436 INFO  (qtp507819576-21) [c:collection2 s:shard4 r:core_node6 x:collection2_shard4_replica_n4] o.a.s.c.S.Request webapp=/solr path=/config/znodeVersion params={overlay=0&wt=javabin&version=2} status=0 QTime=8
2022-05-16 03:53:07.439 INFO  (SolrConfigHandler-refreshconf) [] o.a.s.h.SolrConfigHandler Another reload is in progress . Not doing anything
2022-05-16 03:53:07.532 INFO  (qtp507819576-24) [c:collection2 s:shard2 r:core_node2 x:collection2_shard2_replica_n1] o.a.s.h.SolrConfigHandler expecting overlay version 0 but my version is -1
2022-05-16 03:53:07.535 INFO  (qtp507819576-24) [c:collection2 s:shard2 r:core_node2 x:collection2_shard2_replica_n1] o.a.s.c.S.Request webapp=/solr path=/config/znodeVersion params={overlay=0&wt=javabin&version=2} status=0 QTime=3
2022-05-16 03:53:07.537 INFO  (SolrConfigHandler-refreshconf) [] o.a.s.h.SolrConfigHandler Another reload is in progress . Not doing anything
2022-05-16 03:53:07.642 INFO  (SolrConfigHandler-refreshconf) [] o.a.s.s.IndexSchema Loaded schema default-config/1.6 with uniqueid field id
2022-05-16 03:53:07.646 INFO  (SolrConfigHandler-refreshconf) [] o.a.s.c.CoreContainer Reloading SolrCore 'collection2_shard2_replica_n1' using configuration from configset collection2
2022-05-16 03:53:07.678 INFO  (ZKEventListenerThread) [] o.a.s.u.CommitTracker Hard AutoCommit: if uncommitted for 15000ms; 
2022-05-16 03:53:07.678 INFO  (ZKEventListenerThread) [] o.a.s.u.CommitTracker Soft AutoCommit: if uncommitted for 3000ms; 
2022-05-16 03:53:07.678 INFO  (qtp507819576-21) [c:collection2 s:shard2 r:core_node2 x:collection2_shard2_replica_n1] o.a.s.h.SolrConfigHandler expecting overlay version 0 but my version is -1
2022-05-16 03:53:07.689 INFO  (qtp507819576-21) [c:collection2 s:shard2 r:core_node2 x:collection2_shard2_replica_n1] o.a.s.c.S.Request webapp=/solr path=/config/znodeVersion params={overlay=0&wt=javabin&version=2} status=0 QTime=10
2022-05-16 03:53:07.689 INFO  (SolrConfigHandler-refreshconf) [] o.a.s.h.SolrConfigHandler Another reload is in progress . Not doing anything
2022-05-16 03:53:07.703 INFO  (ZKEventListenerThread) [] o.a.s.r.ManagedResourceStorage Configured ZooKeeperStorageIO with znodeBase: /configs/collection2
2022-05-16 03:53:07.704 INFO  (ZKEventListenerThread) [] o.a.s.r.ManagedResourceStorage Loaded null at path _rest_managed.json using ZooKeeperStorageIO:path=/configs/collection2
2022-05-16 03:53:07.704 INFO  (ZKEventListenerThread) [] o.a.s.s.ZkIndexSchemaReader Creating ZooKeeper watch for the managed schema at /configs/collection2/managed-schema.xml
2022-05-16 03:53:07.705 INFO  (ZKEventListenerThread) [] o.a.s.s.ZkIndexSchemaReader Current schema version 0 is already the latest
2022-05-16 03:53:07.706 INFO  (ZKEventListenerThread) [] o.a.s.s.DirectSolrSpellChecker init: {accuracy=0.5, maxQueryFrequency=0.01, maxEdits=2, minPrefix=1, maxInspections=5, minQueryLength=4, name=default, field=_text_, classname=solr.DirectSolrSpellChecker, distanceMeasure=internal}
2022-05-16 03:53:07.707 INFO  (ZKEventListenerThread) [] o.a.s.h.ReplicationHandler Commits will be reserved for 10000 ms
2022-05-16 03:53:07.707 INFO  (ZKEventListenerThread) [] o.a.s.u.UpdateLog Could not find max version in index or recent updates, using new clock 1732953440473055232
2022-05-16 03:53:07.715 INFO  (searcherExecutor-45-thread-1-processing-localhost:8984_solr) [] o.a.s.c.QuerySenderListener QuerySenderListener done.
2022-05-16 03:53:07.716 INFO  (searcherExecutor-45-thread-1-processing-localhost:8984_solr) [] o.a.s.h.c.SpellCheckComponent Loading spell index for spellchecker: default
2022-05-16 03:53:07.756 INFO  (ZKEventListenerThread) [] o.a.s.u.DefaultSolrCoreState New IndexWriter is ready to be used.
2022-05-16 03:53:07.799 INFO  (qtp507819576-23) [c:collection2 s:shard4 r:core_node6 x:collection2_shard4_replica_n4] o.a.s.h.SolrConfigHandler expecting overlay version 0 but my version is -1
2022-05-16 03:53:07.802 INFO  (qtp507819576-24) [c:collection2 s:shard2 r:core_node2 x:collection2_shard2_replica_n1] o.a.s.h.SolrConfigHandler expecting overlay version 0 but my version is -1
2022-05-16 03:53:07.803 INFO  (searcherExecutor-45-thread-1-processing-localhost:8984_solr) [] o.a.s.c.SolrCore Registered new searcher autowarm time: 0 ms
2022-05-16 03:53:07.803 INFO  (qtp507819576-23) [c:collection2 s:shard4 r:core_node6 x:collection2_shard4_replica_n4] o.a.s.c.S.Request webapp=/solr path=/config/znodeVersion params={overlay=0&wt=javabin&version=2} status=0 QTime=4
2022-05-16 03:53:07.803 INFO  (qtp507819576-24) [c:collection2 s:shard2 r:core_node2 x:collection2_shard2_replica_n1] o.a.s.c.S.Request webapp=/solr path=/config/znodeVersion params={overlay=0&wt=javabin&version=2} status=0 QTime=1
2022-05-16 03:53:07.822 INFO  (SolrConfigHandler-refreshconf) [] o.a.s.h.SolrConfigHandler Another reload is in progress . Not doing anything
2022-05-16 03:53:07.826 INFO  (SolrConfigHandler-refreshconf) [] o.a.s.h.SolrConfigHandler Another reload is in progress . Not doing anything
2022-05-16 03:53:07.830 INFO  (ZKEventListenerThread) [] o.a.s.c.SolrCore CLOSING SolrCore org.apache.solr.core.SolrCore@5bbdc6d7 collection2_shard4_replica_n4
2022-05-16 03:53:07.830 INFO  (ZKEventListenerThread) [] o.a.s.m.SolrMetricManager Closing metric reporters for registry=solr.core.collection2.shard4.replica_n4 tag=SolrCore@5bbdc6d7
2022-05-16 03:53:07.838 INFO  (searcherExecutor-45-thread-1-processing-localhost:8984_solr) [] o.a.s.c.QuerySenderListener QuerySenderListener done.
2022-05-16 03:53:07.921 INFO  (searcherExecutor-45-thread-1-processing-localhost:8984_solr) [] o.a.s.c.SolrCore Registered new searcher autowarm time: 0 ms
2022-05-16 03:53:07.921 INFO  (ZKEventListenerThread) [] o.a.s.m.SolrMetricManager Closing metric reporters for registry=solr.collection.collection2.shard4.leader tag=SolrCore@5bbdc6d7
2022-05-16 03:53:07.950 INFO  (ZKEventListenerThread) [] o.a.s.c.SolrCore config update listener called for core collection2_shard2_replica_n1
2022-05-16 03:53:07.954 INFO  (ZKEventListenerThread) [] o.a.s.c.SolrCore core reload collection2_shard2_replica_n1
2022-05-16 03:53:07.954 INFO  (ZKEventListenerThread) [] o.a.s.c.SolrCore Another reload is in progress. Not doing anything.
2022-05-16 03:53:07.960 INFO  (SolrConfigHandler-refreshconf) [] o.a.s.c.SolrCore Opening new SolrCore at [/home/haseeb/Desktop/DC_Project/solr/example/cloud/node2/solr/collection2_shard2_replica_n1], dataDir=[/home/haseeb/Desktop/DC_Project/solr/example/cloud/node2/solr/collection2_shard2_replica_n1/data/]
2022-05-16 03:53:07.991 INFO  (qtp507819576-17) [c:collection2 s:shard2 r:core_node2 x:collection2_shard2_replica_n1] o.a.s.h.SolrConfigHandler expecting overlay version 0 but my version is -1
2022-05-16 03:53:08.011 INFO  (qtp507819576-17) [c:collection2 s:shard2 r:core_node2 x:collection2_shard2_replica_n1] o.a.s.c.S.Request webapp=/solr path=/config/znodeVersion params={overlay=0&wt=javabin&version=2} status=0 QTime=20
2022-05-16 03:53:08.017 INFO  (qtp507819576-21) [c:collection2 s:shard4 r:core_node6 x:collection2_shard4_replica_n4] o.a.s.h.SolrConfigHandler I already have the expected version 0 of config
2022-05-16 03:53:08.017 INFO  (qtp507819576-21) [c:collection2 s:shard4 r:core_node6 x:collection2_shard4_replica_n4] o.a.s.h.SolrConfigHandler isStale false , resourceloader org.apache.solr.cloud.ZkSolrResourceLoader
2022-05-16 03:53:08.017 INFO  (qtp507819576-21) [c:collection2 s:shard4 r:core_node6 x:collection2_shard4_replica_n4] o.a.s.c.S.Request webapp=/solr path=/config/znodeVersion params={overlay=0&wt=javabin&version=2} status=0 QTime=0
2022-05-16 03:53:08.022 INFO  (SolrConfigHandler-refreshconf) [] o.a.s.h.SolrConfigHandler Another reload is in progress . Not doing anything
2022-05-16 03:53:08.124 INFO  (qtp507819576-24) [c:collection2 s:shard2 r:core_node2 x:collection2_shard2_replica_n1] o.a.s.h.SolrConfigHandler expecting overlay version 0 but my version is -1
2022-05-16 03:53:08.146 INFO  (qtp507819576-24) [c:collection2 s:shard2 r:core_node2 x:collection2_shard2_replica_n1] o.a.s.c.S.Request webapp=/solr path=/config/znodeVersion params={overlay=0&wt=javabin&version=2} status=0 QTime=22
2022-05-16 03:53:08.147 INFO  (SolrConfigHandler-refreshconf) [] o.a.s.h.SolrConfigHandler Another reload is in progress . Not doing anything
2022-05-16 03:53:08.249 INFO  (SolrConfigHandler-refreshconf) [] o.a.s.u.CommitTracker Hard AutoCommit: if uncommitted for 15000ms; 
2022-05-16 03:53:08.249 INFO  (SolrConfigHandler-refreshconf) [] o.a.s.u.CommitTracker Soft AutoCommit: if uncommitted for 3000ms; 
2022-05-16 03:53:08.257 INFO  (SolrConfigHandler-refreshconf) [] o.a.s.r.ManagedResourceStorage Configured ZooKeeperStorageIO with znodeBase: /configs/collection2
2022-05-16 03:53:08.261 INFO  (SolrConfigHandler-refreshconf) [] o.a.s.r.ManagedResourceStorage Loaded null at path _rest_managed.json using ZooKeeperStorageIO:path=/configs/collection2
2022-05-16 03:53:08.262 INFO  (qtp507819576-17) [c:collection2 s:shard2 r:core_node2 x:collection2_shard2_replica_n1] o.a.s.h.SolrConfigHandler expecting overlay version 0 but my version is -1
2022-05-16 03:53:08.263 INFO  (SolrConfigHandler-refreshconf) [] o.a.s.s.ZkIndexSchemaReader Creating ZooKeeper watch for the managed schema at /configs/collection2/managed-schema.xml
2022-05-16 03:53:08.264 INFO  (SolrConfigHandler-refreshconf) [] o.a.s.s.ZkIndexSchemaReader Current schema version 0 is already the latest
2022-05-16 03:53:08.265 INFO  (SolrConfigHandler-refreshconf) [] o.a.s.s.DirectSolrSpellChecker init: {accuracy=0.5, maxQueryFrequency=0.01, maxEdits=2, minPrefix=1, maxInspections=5, minQueryLength=4, name=default, field=_text_, classname=solr.DirectSolrSpellChecker, distanceMeasure=internal}
2022-05-16 03:53:08.266 INFO  (SolrConfigHandler-refreshconf) [] o.a.s.h.ReplicationHandler Commits will be reserved for 10000 ms
2022-05-16 03:53:08.267 INFO  (SolrConfigHandler-refreshconf) [] o.a.s.u.UpdateLog Could not find max version in index or recent updates, using new clock 1732953441060257792
2022-05-16 03:53:08.268 INFO  (searcherExecutor-50-thread-1-processing-localhost:8984_solr) [] o.a.s.c.QuerySenderListener QuerySenderListener done.
2022-05-16 03:53:08.268 INFO  (searcherExecutor-50-thread-1-processing-localhost:8984_solr) [] o.a.s.h.c.SpellCheckComponent Loading spell index for spellchecker: default
2022-05-16 03:53:08.270 INFO  (qtp507819576-17) [c:collection2 s:shard2 r:core_node2 x:collection2_shard2_replica_n1] o.a.s.c.S.Request webapp=/solr path=/config/znodeVersion params={overlay=0&wt=javabin&version=2} status=0 QTime=9
2022-05-16 03:53:08.270 INFO  (SolrConfigHandler-refreshconf) [] o.a.s.h.SolrConfigHandler Another reload is in progress . Not doing anything
2022-05-16 03:53:08.303 INFO  (SolrConfigHandler-refreshconf) [] o.a.s.u.DefaultSolrCoreState New IndexWriter is ready to be used.
2022-05-16 03:53:08.304 INFO  (searcherExecutor-50-thread-1-processing-localhost:8984_solr) [] o.a.s.c.SolrCore Registered new searcher autowarm time: 0 ms
2022-05-16 03:53:08.306 INFO  (SolrConfigHandler-refreshconf) [] o.a.s.c.SolrCore CLOSING SolrCore org.apache.solr.core.SolrCore@4a2b8981 collection2_shard2_replica_n1
2022-05-16 03:53:08.306 INFO  (SolrConfigHandler-refreshconf) [] o.a.s.m.SolrMetricManager Closing metric reporters for registry=solr.core.collection2.shard2.replica_n1 tag=SolrCore@4a2b8981
2022-05-16 03:53:08.307 INFO  (searcherExecutor-50-thread-1-processing-localhost:8984_solr) [] o.a.s.c.QuerySenderListener QuerySenderListener done.
2022-05-16 03:53:08.312 INFO  (searcherExecutor-50-thread-1-processing-localhost:8984_solr) [] o.a.s.c.SolrCore Registered new searcher autowarm time: 0 ms
2022-05-16 03:53:08.348 INFO  (SolrConfigHandler-refreshconf) [] o.a.s.m.SolrMetricManager Closing metric reporters for registry=solr.collection.collection2.shard2.leader tag=SolrCore@4a2b8981
2022-05-16 03:53:08.396 INFO  (qtp507819576-24) [c:collection2 s:shard2 r:core_node2 x:collection2_shard2_replica_n1] o.a.s.h.SolrConfigHandler I already have the expected version 0 of config
2022-05-16 03:53:08.396 INFO  (qtp507819576-24) [c:collection2 s:shard2 r:core_node2 x:collection2_shard2_replica_n1] o.a.s.h.SolrConfigHandler isStale false , resourceloader org.apache.solr.cloud.ZkSolrResourceLoader
2022-05-16 03:53:08.396 INFO  (qtp507819576-24) [c:collection2 s:shard2 r:core_node2 x:collection2_shard2_replica_n1] o.a.s.c.S.Request webapp=/solr path=/config/znodeVersion params={overlay=0&wt=javabin&version=2} status=0 QTime=0
2022-05-16 03:53:12.144 INFO  (qtp507819576-21) [c:collection1 s:shard1 r:core_node7 x:collection1_shard1_replica_n5] o.a.s.c.S.Request webapp=/solr path=/select params={q=*:*&distrib=false&sort=_docid_+asc&rows=0&wt=javabin&version=2} hits=0 status=0 QTime=53
2022-05-16 03:53:12.162 INFO  (qtp507819576-24) [c:collection1 s:shard2 r:core_node2 x:collection1_shard2_replica_n1] o.a.s.c.S.Request webapp=/solr path=/select params={q=*:*&distrib=false&sort=_docid_+asc&rows=0&wt=javabin&version=2} hits=0 status=0 QTime=1
2022-05-16 03:53:32.846 INFO  (qtp507819576-23) [] o.a.s.s.HttpSolrCall [admin] webapp=null path=/admin/info/system params={wt=javabin&version=2&_=1652673203551} status=0 QTime=17
